#
# There is insufficient memory for the Java Runtime Environment to continue.
# Native memory allocation (mmap) failed to map 108527616 bytes for committing reserved memory.
# Possible reasons:
#   The system is out of physical RAM or swap space
#   In 32 bit mode, the process size limit was hit
# Possible solutions:
#   Reduce memory load on the system
#   Increase physical memory or swap space
#   Check if swap backing store is full
#   Use 64 bit Java on a 64 bit OS
#   Decrease Java heap size (-Xmx/-Xms)
#   Decrease number of Java threads
#   Decrease Java thread stack sizes (-Xss)
#   Set larger code cache with -XX:ReservedCodeCacheSize=
# This output file may be truncated or incomplete.
#
#  Out of Memory Error (os_linux.cpp:2640), pid=361, tid=0x00007f028e11d700
#
# JRE version: Java(TM) SE Runtime Environment (8.0_161-b12) (build 1.8.0_161-b12)
# Java VM: Java HotSpot(TM) 64-Bit Server VM (25.161-b12 mixed mode linux-amd64 compressed oops)
# Failed to write core dump. Core dumps have been disabled. To enable core dumping, try "ulimit -c unlimited" before starting Java again
#

---------------  T H R E A D  ---------------

Current thread (0x00007f02bc081800):  VMThread [stack: 0x00007f028e01d000,0x00007f028e11e000] [id=376]

Stack: [0x00007f028e01d000,0x00007f028e11e000],  sp=0x00007f028e11c2d0,  free space=1020k
Native frames: (J=compiled Java code, j=interpreted, Vv=VM code, C=native code)
V  [libjvm.so+0xacf94a]  VMError::report_and_die()+0x2ba
V  [libjvm.so+0x50050b]  report_vm_out_of_memory(char const*, int, unsigned long, VMErrorType, char const*)+0x8b
V  [libjvm.so+0x92b133]  os::Linux::commit_memory_impl(char*, unsigned long, bool)+0x103
V  [libjvm.so+0x92b5c9]  os::pd_commit_memory(char*, unsigned long, unsigned long, bool)+0x29
V  [libjvm.so+0x924c0a]  os::commit_memory(char*, unsigned long, unsigned long, bool)+0x2a
V  [libjvm.so+0x99ab53]  PSVirtualSpace::expand_by(unsigned long)+0x53
V  [libjvm.so+0x98b410]  PSOldGen::expand(unsigned long)+0x170
V  [libjvm.so+0x98b61b]  PSOldGen::resize(unsigned long)+0x1cb
V  [libjvm.so+0x993321]  PSParallelCompact::invoke_no_policy(bool)+0x991
V  [libjvm.so+0x998c7d]  PSScavenge::invoke()+0x1ad
V  [libjvm.so+0x94f5a0]  ParallelScavengeHeap::failed_mem_allocate(unsigned long)+0x70
V  [libjvm.so+0xad13c7]  VM_ParallelGCFailedAllocation::doit()+0x97
V  [libjvm.so+0xad8ed5]  VM_Operation::evaluate()+0x55
V  [libjvm.so+0xad729a]  VMThread::evaluate_operation(VM_Operation*)+0xba
V  [libjvm.so+0xad761e]  VMThread::loop()+0x1ce
V  [libjvm.so+0xad7a90]  VMThread::run()+0x70
V  [libjvm.so+0x92da28]  java_start(Thread*)+0x108

VM_Operation (0x00007f028cef9be0): ParallelGCFailedAllocation, mode: safepoint, requested by thread 0x00007f02bc1de800


---------------  P R O C E S S  ---------------

Java Threads: ( => current thread )
  0x00007f02bc1e0800 JavaThread "pool-2-thread-4" [_thread_blocked, id=390, stack(0x00007f028ccfa000,0x00007f028cdfb000)]
  0x00007f02bc1de800 JavaThread "pool-2-thread-3" [_thread_blocked, id=389, stack(0x00007f028cdfb000,0x00007f028cefc000)]
  0x00007f02bc1da800 JavaThread "pool-2-thread-2" [_thread_blocked, id=388, stack(0x00007f028cefc000,0x00007f028cffd000)]
  0x00007f02bc1d5000 JavaThread "pool-3-thread-1" [_thread_blocked, id=387, stack(0x00007f028cffd000,0x00007f028d0fe000)]
  0x00007f02bc1d3800 JavaThread "pool-2-thread-1" [_thread_blocked, id=386, stack(0x00007f028d0fe000,0x00007f028d1ff000)]
  0x00007f02bc0e7800 JavaThread "Service Thread" daemon [_thread_blocked, id=384, stack(0x00007f028d408000,0x00007f028d509000)]
  0x00007f02bc0ca000 JavaThread "C1 CompilerThread3" daemon [_thread_blocked, id=383, stack(0x00007f028d509000,0x00007f028d60a000)]
  0x00007f02bc0c8000 JavaThread "C2 CompilerThread2" daemon [_thread_blocked, id=382, stack(0x00007f028d60a000,0x00007f028d70b000)]
  0x00007f02bc0c6000 JavaThread "C2 CompilerThread1" daemon [_thread_blocked, id=381, stack(0x00007f028d70b000,0x00007f028d80c000)]
  0x00007f02bc0c3000 JavaThread "C2 CompilerThread0" daemon [_thread_in_native, id=380, stack(0x00007f028d80c000,0x00007f028d90d000)]
  0x00007f02bc0c2000 JavaThread "Signal Dispatcher" daemon [_thread_blocked, id=379, stack(0x00007f028d90d000,0x00007f028da0e000)]
  0x00007f02bc08e000 JavaThread "Finalizer" daemon [_thread_blocked, id=378, stack(0x00007f028de1b000,0x00007f028df1c000)]
  0x00007f02bc089800 JavaThread "Reference Handler" daemon [_thread_blocked, id=377, stack(0x00007f028df1c000,0x00007f028e01d000)]
  0x00007f02bc00b800 JavaThread "main" [_thread_blocked, id=363, stack(0x00007f02c4850000,0x00007f02c4951000)]

Other Threads:
=>0x00007f02bc081800 VMThread [stack: 0x00007f028e01d000,0x00007f028e11e000] [id=376]
  0x00007f02bc0ec000 WatcherThread [stack: 0x00007f028d307000,0x00007f028d408000] [id=385]

VM state:at safepoint (normal execution)

VM Mutex/Monitor currently owned by a thread:  ([mutex/lock_event])
[0x00007f02bc007760] ExpandHeap_lock - owner thread: 0x00007f02bc081800
[0x00007f02bc007de0] Threads_lock - owner thread: 0x00007f02bc081800
[0x00007f02bc0082e0] Heap_lock - owner thread: 0x00007f02bc1de800

Heap:
 PSYoungGen      total 587776K, used 53161K [0x000000076ab00000, 0x0000000796080000, 0x00000007c0000000)
  eden space 507904K, 0% used [0x000000076ab00000,0x000000076ab00000,0x0000000789b00000)
  from space 79872K, 66% used [0x0000000789b00000,0x000000078ceea740,0x000000078e900000)
  to   space 87040K, 0% used [0x0000000790b80000,0x0000000790b80000,0x0000000796080000)
 ParOldGen       total 160768K, used 160557K [0x00000006c0000000, 0x00000006c9d00000, 0x000000076ab00000)
  object space 160768K, 99% used [0x00000006c0000000,0x00000006c9ccb598,0x00000006c9d00000)
 Metaspace       used 6723K, capacity 7320K, committed 7680K, reserved 1056768K
  class space    used 631K, capacity 656K, committed 768K, reserved 1048576K

Card table byte_map: [0x00007f02c0d7c000,0x00007f02c157d000] byte_map_base: 0x00007f02bd77c000

Marking Bits: (ParMarkBitMap*) 0x00007f02c3d02920
 Begin Bits: [0x00007f0280000000, 0x00007f0284000000)
 End Bits:   [0x00007f0284000000, 0x00007f0288000000)

Polling page: 0x00007f02c496d000

CodeCache: size=245760Kb used=9933Kb max_used=9961Kb free=235826Kb
 bounds [0x00007f02ad000000, 0x00007f02ad9d0000, 0x00007f02bc000000]
 total_blobs=2550 nmethods=2278 adapters=185
 compilation: enabled

Compilation events (10 events):
Event: 4,072 Thread 0x00007f02bc0ca000 2446       3       com.android.dx.ssa.back.FirstFitLocalCombiningAllocator::findNextUnreservedRopReg (68 bytes)
Event: 4,073 Thread 0x00007f02bc0ca000 nmethod 2446 0x00007f02ad990450 code [0x00007f02ad990600, 0x00007f02ad990ae8]
Event: 4,074 Thread 0x00007f02bc0c6000 nmethod 2322 0x00007f02ad99d350 code [0x00007f02ad99d500, 0x00007f02ad99da68]
Event: 4,074 Thread 0x00007f02bc0c6000 2350   !   4       com.android.dx.cf.code.RopperMachine::run (1608 bytes)
Event: 4,177 Thread 0x00007f02bc0ca000 2449 %     3       java.util.DualPivotQuicksort::sort @ 91 (1195 bytes)
Event: 4,181 Thread 0x00007f02bc0ca000 nmethod 2449% 0x00007f02ad9989d0 code [0x00007f02ad998da0, 0x00007f02ad99af48]
Event: 4,181 Thread 0x00007f02bc0ca000 2450       3       java.util.DualPivotQuicksort::sort (1195 bytes)
Event: 4,184 Thread 0x00007f02bc0ca000 nmethod 2450 0x00007f02ad9b3b90 code [0x00007f02ad9b3f40, 0x00007f02ad9b5fe8]
Event: 4,200 Thread 0x00007f02bc0c8000 nmethod 2390 0x00007f02ad9bde50 code [0x00007f02ad9be2e0, 0x00007f02ad9c2660]
Event: 4,200 Thread 0x00007f02bc0c8000 2401       4       com.android.dx.ssa.back.LivenessAnalyzer::coInterferePhis (128 bytes)

GC Heap History (10 events):
Event: 1,705 GC heap after
Heap after GC invocations=8 (full 0):
 PSYoungGen      total 370176K, used 31722K [0x000000076ab00000, 0x0000000784a00000, 0x00000007c0000000)
  eden space 338432K, 0% used [0x000000076ab00000,0x000000076ab00000,0x000000077f580000)
  from space 31744K, 99% used [0x0000000781c00000,0x0000000783afa938,0x0000000783b00000)
  to   space 39424K, 0% used [0x000000077f580000,0x000000077f580000,0x0000000781c00000)
 ParOldGen       total 58880K, used 38662K [0x00000006c0000000, 0x00000006c3980000, 0x000000076ab00000)
  object space 58880K, 65% used [0x00000006c0000000,0x00000006c25c1bb8,0x00000006c3980000)
 Metaspace       used 6616K, capacity 7256K, committed 7424K, reserved 1056768K
  class space    used 631K, capacity 656K, committed 768K, reserved 1048576K
}
Event: 2,397 GC heap before
{Heap before GC invocations=9 (full 0):
 PSYoungGen      total 370176K, used 370154K [0x000000076ab00000, 0x0000000784a00000, 0x00000007c0000000)
  eden space 338432K, 100% used [0x000000076ab00000,0x000000077f580000,0x000000077f580000)
  from space 31744K, 99% used [0x0000000781c00000,0x0000000783afa938,0x0000000783b00000)
  to   space 39424K, 0% used [0x000000077f580000,0x000000077f580000,0x0000000781c00000)
 ParOldGen       total 58880K, used 38662K [0x00000006c0000000, 0x00000006c3980000, 0x000000076ab00000)
  object space 58880K, 65% used [0x00000006c0000000,0x00000006c25c1bb8,0x00000006c3980000)
 Metaspace       used 6700K, capacity 7256K, committed 7424K, reserved 1056768K
  class space    used 631K, capacity 656K, committed 768K, reserved 1048576K
Event: 2,506 GC heap after
Heap after GC invocations=9 (full 0):
 PSYoungGen      total 377856K, used 39415K [0x000000076ab00000, 0x0000000793700000, 0x00000007c0000000)
  eden space 338432K, 0% used [0x000000076ab00000,0x000000076ab00000,0x000000077f580000)
  from space 39424K, 99% used [0x000000077f580000,0x0000000781bfdc58,0x0000000781c00000)
  to   space 62976K, 0% used [0x000000078f980000,0x000000078f980000,0x0000000793700000)
 ParOldGen       total 79360K, used 79141K [0x00000006c0000000, 0x00000006c4d80000, 0x000000076ab00000)
  object space 79360K, 99% used [0x00000006c0000000,0x00000006c4d49670,0x00000006c4d80000)
 Metaspace       used 6700K, capacity 7256K, committed 7424K, reserved 1056768K
  class space    used 631K, capacity 656K, committed 768K, reserved 1048576K
}
Event: 2,506 GC heap before
{Heap before GC invocations=10 (full 1):
 PSYoungGen      total 377856K, used 39415K [0x000000076ab00000, 0x0000000793700000, 0x00000007c0000000)
  eden space 338432K, 0% used [0x000000076ab00000,0x000000076ab00000,0x000000077f580000)
  from space 39424K, 99% used [0x000000077f580000,0x0000000781bfdc58,0x0000000781c00000)
  to   space 62976K, 0% used [0x000000078f980000,0x000000078f980000,0x0000000793700000)
 ParOldGen       total 79360K, used 79141K [0x00000006c0000000, 0x00000006c4d80000, 0x000000076ab00000)
  object space 79360K, 99% used [0x00000006c0000000,0x00000006c4d49670,0x00000006c4d80000)
 Metaspace       used 6700K, capacity 7256K, committed 7424K, reserved 1056768K
  class space    used 631K, capacity 656K, committed 768K, reserved 1048576K
Event: 2,884 GC heap after
Heap after GC invocations=10 (full 1):
 PSYoungGen      total 377856K, used 32615K [0x000000076ab00000, 0x0000000793700000, 0x00000007c0000000)
  eden space 338432K, 0% used [0x000000076ab00000,0x000000076ab00000,0x000000077f580000)
  from space 39424K, 82% used [0x000000077f580000,0x0000000781559cc0,0x0000000781c00000)
  to   space 62976K, 0% used [0x000000078f980000,0x000000078f980000,0x0000000793700000)
 ParOldGen       total 142336K, used 79136K [0x00000006c0000000, 0x00000006c8b00000, 0x000000076ab00000)
  object space 142336K, 55% used [0x00000006c0000000,0x00000006c4d48110,0x00000006c8b00000)
 Metaspace       used 6700K, capacity 7256K, committed 7424K, reserved 1056768K
  class space    used 631K, capacity 656K, committed 768K, reserved 1048576K
}
Event: 3,470 GC heap before
{Heap before GC invocations=11 (full 1):
 PSYoungGen      total 377856K, used 371047K [0x000000076ab00000, 0x0000000793700000, 0x00000007c0000000)
  eden space 338432K, 100% used [0x000000076ab00000,0x000000077f580000,0x000000077f580000)
  from space 39424K, 82% used [0x000000077f580000,0x0000000781559cc0,0x0000000781c00000)
  to   space 62976K, 0% used [0x000000078f980000,0x000000078f980000,0x0000000793700000)
 ParOldGen       total 142336K, used 79136K [0x00000006c0000000, 0x00000006c8b00000, 0x000000076ab00000)
  object space 142336K, 55% used [0x00000006c0000000,0x00000006c4d48110,0x00000006c8b00000)
 Metaspace       used 6710K, capacity 7320K, committed 7680K, reserved 1056768K
  class space    used 631K, capacity 656K, committed 768K, reserved 1048576K
Event: 3,547 GC heap after
Heap after GC invocations=11 (full 1):
 PSYoungGen      total 485376K, used 62967K [0x000000076ab00000, 0x0000000793700000, 0x00000007c0000000)
  eden space 422400K, 0% used [0x000000076ab00000,0x000000076ab00000,0x0000000784780000)
  from space 62976K, 99% used [0x000000078f980000,0x00000007936fdce0,0x0000000793700000)
  to   space 79872K, 0% used [0x0000000789b00000,0x0000000789b00000,0x000000078e900000)
 ParOldGen       total 142336K, used 94814K [0x00000006c0000000, 0x00000006c8b00000, 0x000000076ab00000)
  object space 142336K, 66% used [0x00000006c0000000,0x00000006c5c97850,0x00000006c8b00000)
 Metaspace       used 6710K, capacity 7320K, committed 7680K, reserved 1056768K
  class space    used 631K, capacity 656K, committed 768K, reserved 1048576K
}
Event: 4,217 GC heap before
{Heap before GC invocations=12 (full 1):
 PSYoungGen      total 485376K, used 485367K [0x000000076ab00000, 0x0000000793700000, 0x00000007c0000000)
  eden space 422400K, 100% used [0x000000076ab00000,0x0000000784780000,0x0000000784780000)
  from space 62976K, 99% used [0x000000078f980000,0x00000007936fdce0,0x0000000793700000)
  to   space 79872K, 0% used [0x0000000789b00000,0x0000000789b00000,0x000000078e900000)
 ParOldGen       total 142336K, used 94814K [0x00000006c0000000, 0x00000006c8b00000, 0x000000076ab00000)
  object space 142336K, 66% used [0x00000006c0000000,0x00000006c5c97850,0x00000006c8b00000)
 Metaspace       used 6723K, capacity 7320K, committed 7680K, reserved 1056768K
  class space    used 631K, capacity 656K, committed 768K, reserved 1048576K
Event: 4,334 GC heap after
Heap after GC invocations=12 (full 1):
 PSYoungGen      total 587776K, used 60226K [0x000000076ab00000, 0x0000000796080000, 0x00000007c0000000)
  eden space 507904K, 0% used [0x000000076ab00000,0x000000076ab00000,0x0000000789b00000)
  from space 79872K, 75% used [0x0000000789b00000,0x000000078d5d0be0,0x000000078e900000)
  to   space 87040K, 0% used [0x0000000790b80000,0x0000000790b80000,0x0000000796080000)
 ParOldGen       total 160768K, used 158058K [0x00000006c0000000, 0x00000006c9d00000, 0x000000076ab00000)
  object space 160768K, 98% used [0x00000006c0000000,0x00000006c9a5aad8,0x00000006c9d00000)
 Metaspace       used 6723K, capacity 7320K, committed 7680K, reserved 1056768K
  class space    used 631K, capacity 656K, committed 768K, reserved 1048576K
}
Event: 4,334 GC heap before
{Heap before GC invocations=13 (full 2):
 PSYoungGen      total 587776K, used 60226K [0x000000076ab00000, 0x0000000796080000, 0x00000007c0000000)
  eden space 507904K, 0% used [0x000000076ab00000,0x000000076ab00000,0x0000000789b00000)
  from space 79872K, 75% used [0x0000000789b00000,0x000000078d5d0be0,0x000000078e900000)
  to   space 87040K, 0% used [0x0000000790b80000,0x0000000790b80000,0x0000000796080000)
 ParOldGen       total 160768K, used 158058K [0x00000006c0000000, 0x00000006c9d00000, 0x000000076ab00000)
  object space 160768K, 98% used [0x00000006c0000000,0x00000006c9a5aad8,0x00000006c9d00000)
 Metaspace       used 6723K, capacity 7320K, committed 7680K, reserved 1056768K
  class space    used 631K, capacity 656K, committed 768K, reserved 1048576K

Deoptimization events (10 events):
Event: 1,540 Thread 0x00007f02bc00b800 Uncommon trap: reason=bimorphic action=maybe_recompile pc=0x00007f02ad745c10 method=com.android.dx.cf.code.BytecodeArray.parseInstruction(ILcom/android/dx/cf/code/BytecodeArray$Visitor;)I @ 1130
Event: 1,541 Thread 0x00007f02bc00b800 Uncommon trap: reason=bimorphic action=maybe_recompile pc=0x00007f02ad745790 method=com.android.dx.cf.code.BytecodeArray.parseInstruction(ILcom/android/dx/cf/code/BytecodeArray$Visitor;)I @ 955
Event: 1,541 Thread 0x00007f02bc00b800 Uncommon trap: reason=bimorphic action=maybe_recompile pc=0x00007f02ad745790 method=com.android.dx.cf.code.BytecodeArray.parseInstruction(ILcom/android/dx/cf/code/BytecodeArray$Visitor;)I @ 955
Event: 1,541 Thread 0x00007f02bc00b800 Uncommon trap: reason=bimorphic action=maybe_recompile pc=0x00007f02ad745814 method=com.android.dx.cf.code.BytecodeArray.parseInstruction(ILcom/android/dx/cf/code/BytecodeArray$Visitor;)I @ 971
Event: 1,541 Thread 0x00007f02bc00b800 Uncommon trap: reason=bimorphic action=maybe_recompile pc=0x00007f02ad745814 method=com.android.dx.cf.code.BytecodeArray.parseInstruction(ILcom/android/dx/cf/code/BytecodeArray$Visitor;)I @ 971
Event: 1,602 Thread 0x00007f02bc00b800 Uncommon trap: reason=unstable_if action=reinterpret pc=0x00007f02ad1b56e8 method=java.util.zip.ZipCoder.decoder()Ljava/nio/charset/CharsetDecoder; @ 4
Event: 1,920 Thread 0x00007f02bc1de800 Uncommon trap: reason=bimorphic action=maybe_recompile pc=0x00007f02ad7ccd2c method=com.android.dx.cf.code.BytecodeArray.parseInstruction(ILcom/android/dx/cf/code/BytecodeArray$Visitor;)I @ 1747
Event: 1,920 Thread 0x00007f02bc1de800 Uncommon trap: reason=bimorphic action=maybe_recompile pc=0x00007f02ad7ccd2c method=com.android.dx.cf.code.BytecodeArray.parseInstruction(ILcom/android/dx/cf/code/BytecodeArray$Visitor;)I @ 1747
Event: 3,412 Thread 0x00007f02bc1d3800 Uncommon trap: reason=bimorphic action=maybe_recompile pc=0x00007f02ad8b4ae4 method=com.android.dx.cf.code.BytecodeArray.parseInstruction(ILcom/android/dx/cf/code/BytecodeArray$Visitor;)I @ 1867
Event: 3,412 Thread 0x00007f02bc1d3800 Uncommon trap: reason=bimorphic action=maybe_recompile pc=0x00007f02ad8b4ae4 method=com.android.dx.cf.code.BytecodeArray.parseInstruction(ILcom/android/dx/cf/code/BytecodeArray$Visitor;)I @ 1867

Classes redefined (0 events):
No events

Internal exceptions (5 events):
Event: 0,022 Thread 0x00007f02bc00b800 Exception <a 'java/lang/NoSuchMethodError': Method sun.misc.Unsafe.defineClass(Ljava/lang/String;[BII)Ljava/lang/Class; name or signature does not match> (0x000000076ab07ca0) thrown at [/HUDSON/workspace/8-2-build-linux-amd64/jdk8u161/10277/hotspot/src/sh
Event: 0,022 Thread 0x00007f02bc00b800 Exception <a 'java/lang/NoSuchMethodError': Method sun.misc.Unsafe.prefetchRead(Ljava/lang/Object;J)V name or signature does not match> (0x000000076ab07f88) thrown at [/HUDSON/workspace/8-2-build-linux-amd64/jdk8u161/10277/hotspot/src/share/vm/prims/jni.c
Event: 0,608 Thread 0x00007f02bc1de800 Exception <a 'java/lang/ArrayIndexOutOfBoundsException': 18> (0x000000076cacc6f8) thrown at [/HUDSON/workspace/8-2-build-linux-amd64/jdk8u161/10277/hotspot/src/share/vm/interpreter/interpreterRuntime.cpp, line 366]
Event: 0,608 Thread 0x00007f02bc1de800 Exception <a 'java/lang/ArrayIndexOutOfBoundsException': 145> (0x000000076cace278) thrown at [/HUDSON/workspace/8-2-build-linux-amd64/jdk8u161/10277/hotspot/src/share/vm/interpreter/interpreterRuntime.cpp, line 366]
Event: 0,609 Thread 0x00007f02bc1de800 Exception <a 'java/lang/ArrayIndexOutOfBoundsException': 40> (0x000000076cacf560) thrown at [/HUDSON/workspace/8-2-build-linux-amd64/jdk8u161/10277/hotspot/src/share/vm/interpreter/interpreterRuntime.cpp, line 366]

Events (10 events):
Event: 4,204 Executing VM operation: RevokeBias done
Event: 4,208 Thread 0x00007f02bc1e0800 DEOPT PACKING pc=0x00007f02ad55167a sp=0x00007f028cdf8bf0
Event: 4,208 Thread 0x00007f02bc1e0800 DEOPT UNPACKING pc=0x00007f02ad047784 sp=0x00007f028cdf8a40 mode 0
Event: 4,208 Executing VM operation: RevokeBias
Event: 4,209 Executing VM operation: RevokeBias done
Event: 4,211 Executing VM operation: RevokeBias
Event: 4,211 Executing VM operation: RevokeBias done
Event: 4,211 Executing VM operation: RevokeBias
Event: 4,215 Executing VM operation: RevokeBias done
Event: 4,217 Executing VM operation: ParallelGCFailedAllocation


Dynamic libraries:
00400000-00401000 r-xp 00000000 08:05 7083112                            /usr/lib/jvm/java-8-oracle/bin/java
00600000-00601000 rw-p 00000000 08:05 7083112                            /usr/lib/jvm/java-8-oracle/bin/java
01dee000-01e0f000 rw-p 00000000 00:00 0                                  [heap]
6c0000000-6c9d00000 rw-p 00000000 00:00 0 
6d0480000-76ab00000 ---p 00000000 00:00 0 
76ab00000-796080000 rw-p 00000000 00:00 0 
796080000-7c0000000 ---p 00000000 00:00 0 
7c0000000-7c00c0000 rw-p 00000000 00:00 0 
7c00c0000-800000000 ---p 00000000 00:00 0 
7f0244000000-7f0244021000 rw-p 00000000 00:00 0 
7f0244021000-7f0248000000 ---p 00000000 00:00 0 
7f0248000000-7f0248021000 rw-p 00000000 00:00 0 
7f0248021000-7f024c000000 ---p 00000000 00:00 0 
7f024c000000-7f024c021000 rw-p 00000000 00:00 0 
7f024c021000-7f0250000000 ---p 00000000 00:00 0 
7f0250000000-7f025003d000 rw-p 00000000 00:00 0 
7f025003d000-7f0254000000 ---p 00000000 00:00 0 
7f0254000000-7f0254021000 rw-p 00000000 00:00 0 
7f0254021000-7f0258000000 ---p 00000000 00:00 0 
7f0258000000-7f0258024000 rw-p 00000000 00:00 0 
7f0258024000-7f025c000000 ---p 00000000 00:00 0 
7f025c000000-7f025ca6b000 rw-p 00000000 00:00 0 
7f025ca6b000-7f0260000000 ---p 00000000 00:00 0 
7f0260000000-7f0260021000 rw-p 00000000 00:00 0 
7f0260021000-7f0264000000 ---p 00000000 00:00 0 
7f0264000000-7f0264f9a000 rw-p 00000000 00:00 0 
7f0264f9a000-7f0268000000 ---p 00000000 00:00 0 
7f0268000000-7f0268d5e000 rw-p 00000000 00:00 0 
7f0268d5e000-7f026c000000 ---p 00000000 00:00 0 
7f026c000000-7f026c021000 rw-p 00000000 00:00 0 
7f026c021000-7f0270000000 ---p 00000000 00:00 0 
7f0270000000-7f0270890000 rw-p 00000000 00:00 0 
7f0270890000-7f0274000000 ---p 00000000 00:00 0 
7f0274000000-7f0274021000 rw-p 00000000 00:00 0 
7f0274021000-7f0278000000 ---p 00000000 00:00 0 
7f0278000000-7f0278021000 rw-p 00000000 00:00 0 
7f0278021000-7f027c000000 ---p 00000000 00:00 0 
7f027c000000-7f027c293000 rw-p 00000000 00:00 0 
7f027c293000-7f0280000000 ---p 00000000 00:00 0 
7f0280000000-7f0288000000 rw-p 00000000 00:00 0 
7f0288000000-7f0288021000 rw-p 00000000 00:00 0 
7f0288021000-7f028c000000 ---p 00000000 00:00 0 
7f028ccfa000-7f028ccfd000 ---p 00000000 00:00 0 
7f028ccfd000-7f028cdfb000 rw-p 00000000 00:00 0 
7f028cdfb000-7f028cdfe000 ---p 00000000 00:00 0 
7f028cdfe000-7f028cefc000 rw-p 00000000 00:00 0 
7f028cefc000-7f028ceff000 ---p 00000000 00:00 0 
7f028ceff000-7f028cffd000 rw-p 00000000 00:00 0 
7f028cffd000-7f028d000000 ---p 00000000 00:00 0 
7f028d000000-7f028d0fe000 rw-p 00000000 00:00 0 
7f028d0fe000-7f028d101000 ---p 00000000 00:00 0 
7f028d101000-7f028d1ff000 rw-p 00000000 00:00 0 
7f028d1ff000-7f028d271000 r--s 00427000 08:05 4077447                    /home/alvaro/Workspaces/juegoteca/app/build/intermediates/transforms/proguard/release/0.jar
7f028d271000-7f028d307000 r--s 0110a000 08:05 7603113                    /usr/lib/jvm/java-8-oracle/jre/lib/ext/jfxrt.jar
7f028d307000-7f028d308000 ---p 00000000 00:00 0 
7f028d308000-7f028d408000 rw-p 00000000 00:00 0 
7f028d408000-7f028d40b000 ---p 00000000 00:00 0 
7f028d40b000-7f028d509000 rw-p 00000000 00:00 0 
7f028d509000-7f028d50c000 ---p 00000000 00:00 0 
7f028d50c000-7f028d60a000 rw-p 00000000 00:00 0 
7f028d60a000-7f028d60d000 ---p 00000000 00:00 0 
7f028d60d000-7f028d70b000 rw-p 00000000 00:00 0 
7f028d70b000-7f028d70e000 ---p 00000000 00:00 0 
7f028d70e000-7f028d80c000 rw-p 00000000 00:00 0 
7f028d80c000-7f028d80f000 ---p 00000000 00:00 0 
7f028d80f000-7f028d90d000 rw-p 00000000 00:00 0 
7f028d90d000-7f028d910000 ---p 00000000 00:00 0 
7f028d910000-7f028da0e000 rw-p 00000000 00:00 0 
7f028da0e000-7f028de1b000 r--p 00000000 08:05 6818046                    /usr/lib/locale/locale-archive
7f028de1b000-7f028de1e000 ---p 00000000 00:00 0 
7f028de1e000-7f028df1c000 rw-p 00000000 00:00 0 
7f028df1c000-7f028df1f000 ---p 00000000 00:00 0 
7f028df1f000-7f028e01d000 rw-p 00000000 00:00 0 
7f028e01d000-7f028e01e000 ---p 00000000 00:00 0 
7f028e01e000-7f028fdb1000 rw-p 00000000 00:00 0 
7f028fdb1000-7f028ff8a000 r--s 03d64000 08:05 7603051                    /usr/lib/jvm/java-8-oracle/jre/lib/rt.jar
7f028ff8a000-7f0290000000 rw-p 00000000 00:00 0 
7f0290000000-7f0290021000 rw-p 00000000 00:00 0 
7f0290021000-7f0294000000 ---p 00000000 00:00 0 
7f0294000000-7f0294021000 rw-p 00000000 00:00 0 
7f0294021000-7f0298000000 ---p 00000000 00:00 0 
7f0298000000-7f0298021000 rw-p 00000000 00:00 0 
7f0298021000-7f029c000000 ---p 00000000 00:00 0 
7f029c000000-7f029c021000 rw-p 00000000 00:00 0 
7f029c021000-7f02a0000000 ---p 00000000 00:00 0 
7f02a0000000-7f02a0021000 rw-p 00000000 00:00 0 
7f02a0021000-7f02a4000000 ---p 00000000 00:00 0 
7f02a4000000-7f02a4021000 rw-p 00000000 00:00 0 
7f02a4021000-7f02a8000000 ---p 00000000 00:00 0 
7f02a8000000-7f02a8021000 rw-p 00000000 00:00 0 
7f02a8021000-7f02ac000000 ---p 00000000 00:00 0 
7f02ac000000-7f02ac6c0000 rw-p 00000000 00:00 0 
7f02ac6c0000-7f02ac800000 ---p 00000000 00:00 0 
7f02ac800000-7f02ad000000 rw-p 00000000 00:00 0 
7f02ad000000-7f02ad9d0000 rwxp 00000000 00:00 0 
7f02ad9d0000-7f02bc000000 ---p 00000000 00:00 0 
7f02bc000000-7f02bc417000 rw-p 00000000 00:00 0 
7f02bc417000-7f02c0000000 ---p 00000000 00:00 0 
7f02c001e000-7f02c001f000 ---p 00000000 00:00 0 
7f02c001f000-7f02c011f000 rw-p 00000000 00:00 0 
7f02c011f000-7f02c0120000 ---p 00000000 00:00 0 
7f02c0120000-7f02c0220000 rw-p 00000000 00:00 0 
7f02c0220000-7f02c0221000 ---p 00000000 00:00 0 
7f02c0221000-7f02c0321000 rw-p 00000000 00:00 0 
7f02c0321000-7f02c0322000 ---p 00000000 00:00 0 
7f02c0322000-7f02c0422000 rw-p 00000000 00:00 0 
7f02c0422000-7f02c0423000 ---p 00000000 00:00 0 
7f02c0423000-7f02c0523000 rw-p 00000000 00:00 0 
7f02c0523000-7f02c0524000 ---p 00000000 00:00 0 
7f02c0524000-7f02c0624000 rw-p 00000000 00:00 0 
7f02c0624000-7f02c0625000 ---p 00000000 00:00 0 
7f02c0625000-7f02c0725000 rw-p 00000000 00:00 0 
7f02c0725000-7f02c0726000 ---p 00000000 00:00 0 
7f02c0726000-7f02c0875000 rw-p 00000000 00:00 0 
7f02c0875000-7f02c0d7c000 ---p 00000000 00:00 0 
7f02c0d7c000-7f02c0dcb000 rw-p 00000000 00:00 0 
7f02c0dcb000-7f02c12d1000 ---p 00000000 00:00 0 
7f02c12d1000-7f02c142d000 rw-p 00000000 00:00 0 
7f02c142d000-7f02c157c000 ---p 00000000 00:00 0 
7f02c157c000-7f02c15a5000 rw-p 00000000 00:00 0 
7f02c15a5000-7f02c193d000 ---p 00000000 00:00 0 
7f02c193d000-7f02c1958000 r-xp 00000000 08:05 8791485                    /usr/lib/jvm/java-8-oracle/jre/lib/amd64/libzip.so
7f02c1958000-7f02c1b58000 ---p 0001b000 08:05 8791485                    /usr/lib/jvm/java-8-oracle/jre/lib/amd64/libzip.so
7f02c1b58000-7f02c1b59000 rw-p 0001b000 08:05 8791485                    /usr/lib/jvm/java-8-oracle/jre/lib/amd64/libzip.so
7f02c1b59000-7f02c1b64000 r-xp 00000000 08:05 7341538                    /lib/x86_64-linux-gnu/libnss_files-2.26.so
7f02c1b64000-7f02c1d63000 ---p 0000b000 08:05 7341538                    /lib/x86_64-linux-gnu/libnss_files-2.26.so
7f02c1d63000-7f02c1d64000 r--p 0000a000 08:05 7341538                    /lib/x86_64-linux-gnu/libnss_files-2.26.so
7f02c1d64000-7f02c1d65000 rw-p 0000b000 08:05 7341538                    /lib/x86_64-linux-gnu/libnss_files-2.26.so
7f02c1d65000-7f02c1d6b000 rw-p 00000000 00:00 0 
7f02c1d6b000-7f02c1d76000 r-xp 00000000 08:05 7341540                    /lib/x86_64-linux-gnu/libnss_nis-2.26.so
7f02c1d76000-7f02c1f75000 ---p 0000b000 08:05 7341540                    /lib/x86_64-linux-gnu/libnss_nis-2.26.so
7f02c1f75000-7f02c1f76000 r--p 0000a000 08:05 7341540                    /lib/x86_64-linux-gnu/libnss_nis-2.26.so
7f02c1f76000-7f02c1f77000 rw-p 0000b000 08:05 7341540                    /lib/x86_64-linux-gnu/libnss_nis-2.26.so
7f02c1f77000-7f02c1f8e000 r-xp 00000000 08:05 7341535                    /lib/x86_64-linux-gnu/libnsl-2.26.so
7f02c1f8e000-7f02c218d000 ---p 00017000 08:05 7341535                    /lib/x86_64-linux-gnu/libnsl-2.26.so
7f02c218d000-7f02c218e000 r--p 00016000 08:05 7341535                    /lib/x86_64-linux-gnu/libnsl-2.26.so
7f02c218e000-7f02c218f000 rw-p 00017000 08:05 7341535                    /lib/x86_64-linux-gnu/libnsl-2.26.so
7f02c218f000-7f02c2191000 rw-p 00000000 00:00 0 
7f02c2191000-7f02c2199000 r-xp 00000000 08:05 7341536                    /lib/x86_64-linux-gnu/libnss_compat-2.26.so
7f02c2199000-7f02c2398000 ---p 00008000 08:05 7341536                    /lib/x86_64-linux-gnu/libnss_compat-2.26.so
7f02c2398000-7f02c2399000 r--p 00007000 08:05 7341536                    /lib/x86_64-linux-gnu/libnss_compat-2.26.so
7f02c2399000-7f02c239a000 rw-p 00008000 08:05 7341536                    /lib/x86_64-linux-gnu/libnss_compat-2.26.so
7f02c239a000-7f02c23c5000 r-xp 00000000 08:05 8791479                    /usr/lib/jvm/java-8-oracle/jre/lib/amd64/libjava.so
7f02c23c5000-7f02c25c4000 ---p 0002b000 08:05 8791479                    /usr/lib/jvm/java-8-oracle/jre/lib/amd64/libjava.so
7f02c25c4000-7f02c25c6000 rw-p 0002a000 08:05 8791479                    /usr/lib/jvm/java-8-oracle/jre/lib/amd64/libjava.so
7f02c25c6000-7f02c25d3000 r-xp 00000000 08:05 8791484                    /usr/lib/jvm/java-8-oracle/jre/lib/amd64/libverify.so
7f02c25d3000-7f02c27d3000 ---p 0000d000 08:05 8791484                    /usr/lib/jvm/java-8-oracle/jre/lib/amd64/libverify.so
7f02c27d3000-7f02c27d5000 rw-p 0000d000 08:05 8791484                    /usr/lib/jvm/java-8-oracle/jre/lib/amd64/libverify.so
7f02c27d5000-7f02c27dc000 r-xp 00000000 08:05 7341545                    /lib/x86_64-linux-gnu/librt-2.26.so
7f02c27dc000-7f02c29db000 ---p 00007000 08:05 7341545                    /lib/x86_64-linux-gnu/librt-2.26.so
7f02c29db000-7f02c29dc000 r--p 00006000 08:05 7341545                    /lib/x86_64-linux-gnu/librt-2.26.so
7f02c29dc000-7f02c29dd000 rw-p 00007000 08:05 7341545                    /lib/x86_64-linux-gnu/librt-2.26.so
7f02c29dd000-7f02c2b32000 r-xp 00000000 08:05 7341532                    /lib/x86_64-linux-gnu/libm-2.26.so
7f02c2b32000-7f02c2d31000 ---p 00155000 08:05 7341532                    /lib/x86_64-linux-gnu/libm-2.26.so
7f02c2d31000-7f02c2d32000 r--p 00154000 08:05 7341532                    /lib/x86_64-linux-gnu/libm-2.26.so
7f02c2d32000-7f02c2d33000 rw-p 00155000 08:05 7341532                    /lib/x86_64-linux-gnu/libm-2.26.so
7f02c2d33000-7f02c3a0c000 r-xp 00000000 08:05 8791462                    /usr/lib/jvm/java-8-oracle/jre/lib/amd64/server/libjvm.so
7f02c3a0c000-7f02c3c0b000 ---p 00cd9000 08:05 8791462                    /usr/lib/jvm/java-8-oracle/jre/lib/amd64/server/libjvm.so
7f02c3c0b000-7f02c3ce4000 rw-p 00cd8000 08:05 8791462                    /usr/lib/jvm/java-8-oracle/jre/lib/amd64/server/libjvm.so
7f02c3ce4000-7f02c3d30000 rw-p 00000000 00:00 0 
7f02c3d30000-7f02c3f06000 r-xp 00000000 08:05 7341528                    /lib/x86_64-linux-gnu/libc-2.26.so
7f02c3f06000-7f02c4106000 ---p 001d6000 08:05 7341528                    /lib/x86_64-linux-gnu/libc-2.26.so
7f02c4106000-7f02c410a000 r--p 001d6000 08:05 7341528                    /lib/x86_64-linux-gnu/libc-2.26.so
7f02c410a000-7f02c410c000 rw-p 001da000 08:05 7341528                    /lib/x86_64-linux-gnu/libc-2.26.so
7f02c410c000-7f02c4110000 rw-p 00000000 00:00 0 
7f02c4110000-7f02c4113000 r-xp 00000000 08:05 7341531                    /lib/x86_64-linux-gnu/libdl-2.26.so
7f02c4113000-7f02c4312000 ---p 00003000 08:05 7341531                    /lib/x86_64-linux-gnu/libdl-2.26.so
7f02c4312000-7f02c4313000 r--p 00002000 08:05 7341531                    /lib/x86_64-linux-gnu/libdl-2.26.so
7f02c4313000-7f02c4314000 rw-p 00003000 08:05 7341531                    /lib/x86_64-linux-gnu/libdl-2.26.so
7f02c4314000-7f02c432a000 r-xp 00000000 08:05 7342861                    /usr/lib/jvm/java-8-oracle/lib/amd64/jli/libjli.so
7f02c432a000-7f02c4529000 ---p 00016000 08:05 7342861                    /usr/lib/jvm/java-8-oracle/lib/amd64/jli/libjli.so
7f02c4529000-7f02c452a000 rw-p 00015000 08:05 7342861                    /usr/lib/jvm/java-8-oracle/lib/amd64/jli/libjli.so
7f02c452a000-7f02c4544000 r-xp 00000000 08:05 7341543                    /lib/x86_64-linux-gnu/libpthread-2.26.so
7f02c4544000-7f02c4743000 ---p 0001a000 08:05 7341543                    /lib/x86_64-linux-gnu/libpthread-2.26.so
7f02c4743000-7f02c4744000 r--p 00019000 08:05 7341543                    /lib/x86_64-linux-gnu/libpthread-2.26.so
7f02c4744000-7f02c4745000 rw-p 0001a000 08:05 7341543                    /lib/x86_64-linux-gnu/libpthread-2.26.so
7f02c4745000-7f02c4749000 rw-p 00000000 00:00 0 
7f02c4749000-7f02c4770000 r-xp 00000000 08:05 7340916                    /lib/x86_64-linux-gnu/ld-2.26.so
7f02c477d000-7f02c4850000 rw-p 00000000 00:00 0 
7f02c4850000-7f02c4853000 ---p 00000000 00:00 0 
7f02c4853000-7f02c4953000 rw-p 00000000 00:00 0 
7f02c4955000-7f02c4964000 r--s 000ed000 08:05 1704142                    /home/alvaro/Android/Sdk/build-tools/26.0.2/lib/dx.jar
7f02c4964000-7f02c496c000 rw-s 00000000 08:05 1444615                    /tmp/hsperfdata_alvaro/361
7f02c496c000-7f02c496d000 rw-p 00000000 00:00 0 
7f02c496d000-7f02c496e000 ---p 00000000 00:00 0 
7f02c496e000-7f02c4970000 rw-p 00000000 00:00 0 
7f02c4970000-7f02c4971000 r--p 00027000 08:05 7340916                    /lib/x86_64-linux-gnu/ld-2.26.so
7f02c4971000-7f02c4972000 rw-p 00028000 08:05 7340916                    /lib/x86_64-linux-gnu/ld-2.26.so
7f02c4972000-7f02c4973000 rw-p 00000000 00:00 0 
7ffdf5e9d000-7ffdf5ebe000 rw-p 00000000 00:00 0                          [stack]
7ffdf5fe2000-7ffdf5fe5000 r--p 00000000 00:00 0                          [vvar]
7ffdf5fe5000-7ffdf5fe7000 r-xp 00000000 00:00 0                          [vdso]
ffffffffff600000-ffffffffff601000 r-xp 00000000 00:00 0                  [vsyscall]

VM Arguments:
jvm_args: -Djava.awt.headless=true -Xmx4g -Dfile.encoding=UTF-8 -Duser.country=US -Duser.language=en -Duser.variant 
java_command: com.android.dx.command.Main --dex --num-threads=4 --multi-dex --main-dex-list /home/alvaro/Workspaces/juegoteca/app/build/intermediates/multi-dex/release/maindexlist.txt --output /home/alvaro/Workspaces/juegoteca/app/build/intermediates/transforms/dex/release/0 --min-sdk-version 9 /home/alvaro/Workspaces/juegoteca/app/build/intermediates/transforms/proguard/release/0.jar
java_class_path (initial): /home/alvaro/Android/Sdk/build-tools/26.0.2/lib/dx.jar
Launcher Type: SUN_STANDARD

Environment Variables:
JAVA_HOME=/usr/lib/jvm/java-8-oracle
PATH=/usr/local/sbin:/usr/local/bin:/usr/sbin:/usr/bin:/sbin:/bin:/usr/games:/usr/local/games:/snap/bin:/usr/lib/jvm/java-8-oracle/bin:/usr/lib/jvm/java-8-oracle/db/bin:/usr/lib/jvm/java-8-oracle/jre/bin
USERNAME=alvaro
LD_LIBRARY_PATH=/home/alvaro/Android/android-studio/bin:
SHELL=/bin/bash
DISPLAY=:0

Signal Handlers:
SIGSEGV: [libjvm.so+0xad01e0], sa_mask[0]=11111111011111111101111111111110, sa_flags=SA_RESTART|SA_SIGINFO
SIGBUS: [libjvm.so+0xad01e0], sa_mask[0]=11111111011111111101111111111110, sa_flags=SA_RESTART|SA_SIGINFO
SIGFPE: [libjvm.so+0x927fb0], sa_mask[0]=11111111011111111101111111111110, sa_flags=SA_RESTART|SA_SIGINFO
SIGPIPE: [libjvm.so+0x927fb0], sa_mask[0]=11111111011111111101111111111110, sa_flags=SA_RESTART|SA_SIGINFO
SIGXFSZ: [libjvm.so+0x927fb0], sa_mask[0]=11111111011111111101111111111110, sa_flags=SA_RESTART|SA_SIGINFO
SIGILL: [libjvm.so+0x927fb0], sa_mask[0]=11111111011111111101111111111110, sa_flags=SA_RESTART|SA_SIGINFO
SIGUSR1: SIG_DFL, sa_mask[0]=00000000000000000000000000000000, sa_flags=none
SIGUSR2: [libjvm.so+0x9297f0], sa_mask[0]=00100000000000000000000000000000, sa_flags=SA_RESTART|SA_SIGINFO
SIGHUP: [libjvm.so+0x92abf0], sa_mask[0]=11111111011111111101111111111110, sa_flags=SA_RESTART|SA_SIGINFO
SIGINT: [libjvm.so+0x92abf0], sa_mask[0]=11111111011111111101111111111110, sa_flags=SA_RESTART|SA_SIGINFO
SIGTERM: [libjvm.so+0x92abf0], sa_mask[0]=11111111011111111101111111111110, sa_flags=SA_RESTART|SA_SIGINFO
SIGQUIT: [libjvm.so+0x92abf0], sa_mask[0]=11111111011111111101111111111110, sa_flags=SA_RESTART|SA_SIGINFO


---------------  S Y S T E M  ---------------

OS:DISTRIB_ID=Ubuntu
DISTRIB_RELEASE=17.10
DISTRIB_CODENAME=artful
DISTRIB_DESCRIPTION="Ubuntu 17.10"

uname:Linux 4.13.0-36-generic #40-Ubuntu SMP Fri Feb 16 20:07:48 UTC 2018 x86_64
libc:glibc 2.26 NPTL 2.26 
rlimit: STACK 8192k, CORE 0k, NPROC 20710, NOFILE 1048576, AS infinity
load average:15,69 12,80 7,33

/proc/meminfo:
MemTotal:        5536240 kB
MemFree:          111652 kB
MemAvailable:      41644 kB
Buffers:            2272 kB
Cached:           241500 kB
SwapCached:         3984 kB
Active:          4374984 kB
Inactive:         753952 kB
Active(anon):    4356560 kB
Inactive(anon):   725684 kB
Active(file):      18424 kB
Inactive(file):    28268 kB
Unevictable:          96 kB
Mlocked:              96 kB
SwapTotal:       2097148 kB
SwapFree:              0 kB
Dirty:               700 kB
Writeback:             0 kB
AnonPages:       4882140 kB
Mapped:           165344 kB
Shmem:            196924 kB
Slab:             131780 kB
SReclaimable:      66836 kB
SUnreclaim:        64944 kB
KernelStack:       18080 kB
PageTables:        82884 kB
NFS_Unstable:          0 kB
Bounce:                0 kB
WritebackTmp:          0 kB
CommitLimit:     4865268 kB
Committed_AS:   14311204 kB
VmallocTotal:   34359738367 kB
VmallocUsed:           0 kB
VmallocChunk:          0 kB
HardwareCorrupted:     0 kB
AnonHugePages:         0 kB
ShmemHugePages:        0 kB
ShmemPmdMapped:        0 kB
CmaTotal:              0 kB
CmaFree:               0 kB
HugePages_Total:       0
HugePages_Free:        0
HugePages_Rsvd:        0
HugePages_Surp:        0
Hugepagesize:       2048 kB
DirectMap4k:      307072 kB
DirectMap2M:     5408768 kB


CPU:total 8 (initial active 8) (4 cores per cpu, 2 threads per core) family 6 model 58 stepping 9, cmov, cx8, fxsr, mmx, sse, sse2, sse3, ssse3, sse4.1, sse4.2, popcnt, avx, aes, clmul, erms, ht, tsc, tscinvbit, tscinv

/proc/cpuinfo:
processor	: 0
vendor_id	: GenuineIntel
cpu family	: 6
model		: 58
model name	: Intel(R) Core(TM) i7-3610QM CPU @ 2.30GHz
stepping	: 9
microcode	: 0x12
cpu MHz		: 2294.783
cache size	: 6144 KB
physical id	: 0
siblings	: 8
core id		: 0
cpu cores	: 4
apicid		: 0
initial apicid	: 0
fpu		: yes
fpu_exception	: yes
cpuid level	: 13
wp		: yes
flags		: fpu vme de pse tsc msr pae mce cx8 apic sep mtrr pge mca cmov pat pse36 clflush dts acpi mmx fxsr sse sse2 ss ht tm pbe syscall nx rdtscp lm constant_tsc arch_perfmon pebs bts rep_good nopl xtopology nonstop_tsc cpuid aperfmperf pni pclmulqdq dtes64 monitor ds_cpl vmx est tm2 ssse3 cx16 xtpr pdcm pcid sse4_1 sse4_2 x2apic popcnt tsc_deadline_timer aes xsave avx f16c rdrand lahf_lm cpuid_fault epb pti retpoline tpr_shadow vnmi flexpriority ept vpid fsgsbase smep erms xsaveopt dtherm ida arat pln pts
bugs		: cpu_meltdown spectre_v1 spectre_v2
bogomips	: 4589.56
clflush size	: 64
cache_alignment	: 64
address sizes	: 36 bits physical, 48 bits virtual
power management:

processor	: 1
vendor_id	: GenuineIntel
cpu family	: 6
model		: 58
model name	: Intel(R) Core(TM) i7-3610QM CPU @ 2.30GHz
stepping	: 9
microcode	: 0x12
cpu MHz		: 2294.783
cache size	: 6144 KB
physical id	: 0
siblings	: 8
core id		: 1
cpu cores	: 4
apicid		: 2
initial apicid	: 2
fpu		: yes
fpu_exception	: yes
cpuid level	: 13
wp		: yes
flags		: fpu vme de pse tsc msr pae mce cx8 apic sep mtrr pge mca cmov pat pse36 clflush dts acpi mmx fxsr sse sse2 ss ht tm pbe syscall nx rdtscp lm constant_tsc arch_perfmon pebs bts rep_good nopl xtopology nonstop_tsc cpuid aperfmperf pni pclmulqdq dtes64 monitor ds_cpl vmx est tm2 ssse3 cx16 xtpr pdcm pcid sse4_1 sse4_2 x2apic popcnt tsc_deadline_timer aes xsave avx f16c rdrand lahf_lm cpuid_fault epb pti retpoline tpr_shadow vnmi flexpriority ept vpid fsgsbase smep erms xsaveopt dtherm ida arat pln pts
bugs		: cpu_meltdown spectre_v1 spectre_v2
bogomips	: 4589.56
clflush size	: 64
cache_alignment	: 64
address sizes	: 36 bits physical, 48 bits virtual
power management:

processor	: 2
vendor_id	: GenuineIntel
cpu family	: 6
model		: 58
model name	: Intel(R) Core(TM) i7-3610QM CPU @ 2.30GHz
stepping	: 9
microcode	: 0x12
cpu MHz		: 2294.783
cache size	: 6144 KB
physical id	: 0
siblings	: 8
core id		: 2
cpu cores	: 4
apicid		: 4
initial apicid	: 4
fpu		: yes
fpu_exception	: yes
cpuid level	: 13
wp		: yes
flags		: fpu vme de pse tsc msr pae mce cx8 apic sep mtrr pge mca cmov pat pse36 clflush dts acpi mmx fxsr sse sse2 ss ht tm pbe syscall nx rdtscp lm constant_tsc arch_perfmon pebs bts rep_good nopl xtopology nonstop_tsc cpuid aperfmperf pni pclmulqdq dtes64 monitor ds_cpl vmx est tm2 ssse3 cx16 xtpr pdcm pcid sse4_1 sse4_2 x2apic popcnt tsc_deadline_timer aes xsave avx f16c rdrand lahf_lm cpuid_fault epb pti retpoline tpr_shadow vnmi flexpriority ept vpid fsgsbase smep erms xsaveopt dtherm ida arat pln pts
bugs		: cpu_meltdown spectre_v1 spectre_v2
bogomips	: 4589.56
clflush size	: 64
cache_alignment	: 64
address sizes	: 36 bits physical, 48 bits virtual
power management:

processor	: 3
vendor_id	: GenuineIntel
cpu family	: 6
model		: 58
model name	: Intel(R) Core(TM) i7-3610QM CPU @ 2.30GHz
stepping	: 9
microcode	: 0x12
cpu MHz		: 2294.783
cache size	: 6144 KB
physical id	: 0
siblings	: 8
core id		: 3
cpu cores	: 4
apicid		: 6
initial apicid	: 6
fpu		: yes
fpu_exception	: yes
cpuid level	: 13
wp		: yes
flags		: fpu vme de pse tsc msr pae mce cx8 apic sep mtrr pge mca cmov pat pse36 clflush dts acpi mmx fxsr sse sse2 ss ht tm pbe syscall nx rdtscp lm constant_tsc arch_perfmon pebs bts rep_good nopl xtopology nonstop_tsc cpuid aperfmperf pni pclmulqdq dtes64 monitor ds_cpl vmx est tm2 ssse3 cx16 xtpr pdcm pcid sse4_1 sse4_2 x2apic popcnt tsc_deadline_timer aes xsave avx f16c rdrand lahf_lm cpuid_fault epb pti retpoline tpr_shadow vnmi flexpriority ept vpid fsgsbase smep erms xsaveopt dtherm ida arat pln pts
bugs		: cpu_meltdown spectre_v1 spectre_v2
bogomips	: 4589.56
clflush size	: 64
cache_alignment	: 64
address sizes	: 36 bits physical, 48 bits virtual
power management:

processor	: 4
vendor_id	: GenuineIntel
cpu family	: 6
model		: 58
model name	: Intel(R) Core(TM) i7-3610QM CPU @ 2.30GHz
stepping	: 9
microcode	: 0x12
cpu MHz		: 2294.783
cache size	: 6144 KB
physical id	: 0
siblings	: 8
core id		: 0
cpu cores	: 4
apicid		: 1
initial apicid	: 1
fpu		: yes
fpu_exception	: yes
cpuid level	: 13
wp		: yes
flags		: fpu vme de pse tsc msr pae mce cx8 apic sep mtrr pge mca cmov pat pse36 clflush dts acpi mmx fxsr sse sse2 ss ht tm pbe syscall nx rdtscp lm constant_tsc arch_perfmon pebs bts rep_good nopl xtopology nonstop_tsc cpuid aperfmperf pni pclmulqdq dtes64 monitor ds_cpl vmx est tm2 ssse3 cx16 xtpr pdcm pcid sse4_1 sse4_2 x2apic popcnt tsc_deadline_timer aes xsave avx f16c rdrand lahf_lm cpuid_fault epb pti retpoline tpr_shadow vnmi flexpriority ept vpid fsgsbase smep erms xsaveopt dtherm ida arat pln pts
bugs		: cpu_meltdown spectre_v1 spectre_v2
bogomips	: 4589.56
clflush size	: 64
cache_alignment	: 64
address sizes	: 36 bits physical, 48 bits virtual
power management:

processor	: 5
vendor_id	: GenuineIntel
cpu family	: 6
model		: 58
model name	: Intel(R) Core(TM) i7-3610QM CPU @ 2.30GHz
stepping	: 9
microcode	: 0x12
cpu MHz		: 2294.783
cache size	: 6144 KB
physical id	: 0
siblings	: 8
core id		: 1
cpu cores	: 4
apicid		: 3
initial apicid	: 3
fpu		: yes
fpu_exception	: yes
cpuid level	: 13
wp		: yes
flags		: fpu vme de pse tsc msr pae mce cx8 apic sep mtrr pge mca cmov pat pse36 clflush dts acpi mmx fxsr sse sse2 ss ht tm pbe syscall nx rdtscp lm constant_tsc arch_perfmon pebs bts rep_good nopl xtopology nonstop_tsc cpuid aperfmperf pni pclmulqdq dtes64 monitor ds_cpl vmx est tm2 ssse3 cx16 xtpr pdcm pcid sse4_1 sse4_2 x2apic popcnt tsc_deadline_timer aes xsave avx f16c rdrand lahf_lm cpuid_fault epb pti retpoline tpr_shadow vnmi flexpriority ept vpid fsgsbase smep erms xsaveopt dtherm ida arat pln pts
bugs		: cpu_meltdown spectre_v1 spectre_v2
bogomips	: 4589.56
clflush size	: 64
cache_alignment	: 64
address sizes	: 36 bits physical, 48 bits virtual
power management:

processor	: 6
vendor_id	: GenuineIntel
cpu family	: 6
model		: 58
model name	: Intel(R) Core(TM) i7-3610QM CPU @ 2.30GHz
stepping	: 9
microcode	: 0x12
cpu MHz		: 2294.783
cache size	: 6144 KB
physical id	: 0
siblings	: 8
core id		: 2
cpu cores	: 4
apicid		: 5
initial apicid	: 5
fpu		: yes
fpu_exception	: yes
cpuid level	: 13
wp		: yes
flags		: fpu vme de pse tsc msr pae mce cx8 apic sep mtrr pge mca cmov pat pse36 clflush dts acpi mmx fxsr sse sse2 ss ht tm pbe syscall nx rdtscp lm constant_tsc arch_perfmon pebs bts rep_good nopl xtopology nonstop_tsc cpuid aperfmperf pni pclmulqdq dtes64 monitor ds_cpl vmx est tm2 ssse3 cx16 xtpr pdcm pcid sse4_1 sse4_2 x2apic popcnt tsc_deadline_timer aes xsave avx f16c rdrand lahf_lm cpuid_fault epb pti retpoline tpr_shadow vnmi flexpriority ept vpid fsgsbase smep erms xsaveopt dtherm ida arat pln pts
bugs		: cpu_meltdown spectre_v1 spectre_v2
bogomips	: 4589.56
clflush size	: 64
cache_alignment	: 64
address sizes	: 36 bits physical, 48 bits virtual
power management:

processor	: 7
vendor_id	: GenuineIntel
cpu family	: 6
model		: 58
model name	: Intel(R) Core(TM) i7-3610QM CPU @ 2.30GHz
stepping	: 9
microcode	: 0x12
cpu MHz		: 2294.783
cache size	: 6144 KB
physical id	: 0
siblings	: 8
core id		: 3
cpu cores	: 4
apicid		: 7
initial apicid	: 7
fpu		: yes
fpu_exception	: yes
cpuid level	: 13
wp		: yes
flags		: fpu vme de pse tsc msr pae mce cx8 apic sep mtrr pge mca cmov pat pse36 clflush dts acpi mmx fxsr sse sse2 ss ht tm pbe syscall nx rdtscp lm constant_tsc arch_perfmon pebs bts rep_good nopl xtopology nonstop_tsc cpuid aperfmperf pni pclmulqdq dtes64 monitor ds_cpl vmx est tm2 ssse3 cx16 xtpr pdcm pcid sse4_1 sse4_2 x2apic popcnt tsc_deadline_timer aes xsave avx f16c rdrand lahf_lm cpuid_fault epb pti retpoline tpr_shadow vnmi flexpriority ept vpid fsgsbase smep erms xsaveopt dtherm ida arat pln pts
bugs		: cpu_meltdown spectre_v1 spectre_v2
bogomips	: 4589.56
clflush size	: 64
cache_alignment	: 64
address sizes	: 36 bits physical, 48 bits virtual
power management:



Memory: 4k page, physical 5536240k(111652k free), swap 2097148k(0k free)

vm_info: Java HotSpot(TM) 64-Bit Server VM (25.161-b12) for linux-amd64 JRE (1.8.0_161-b12), built on Dec 19 2017 16:12:43 by "java_re" with gcc 4.3.0 20080428 (Red Hat 4.3.0-8)

time: Sun Feb 25 21:17:52 2018
elapsed time: 5 seconds (0d 0h 0m 5s)

