#
# There is insufficient memory for the Java Runtime Environment to continue.
# Native memory allocation (mmap) failed to map 112721920 bytes for committing reserved memory.
# Possible reasons:
#   The system is out of physical RAM or swap space
#   In 32 bit mode, the process size limit was hit
# Possible solutions:
#   Reduce memory load on the system
#   Increase physical memory or swap space
#   Check if swap backing store is full
#   Use 64 bit Java on a 64 bit OS
#   Decrease Java heap size (-Xmx/-Xms)
#   Decrease number of Java threads
#   Decrease Java thread stack sizes (-Xss)
#   Set larger code cache with -XX:ReservedCodeCacheSize=
# This output file may be truncated or incomplete.
#
#  Out of Memory Error (os_linux.cpp:2640), pid=28557, tid=0x00007f2295c3f700
#
# JRE version: Java(TM) SE Runtime Environment (8.0_161-b12) (build 1.8.0_161-b12)
# Java VM: Java HotSpot(TM) 64-Bit Server VM (25.161-b12 mixed mode linux-amd64 compressed oops)
# Failed to write core dump. Core dumps have been disabled. To enable core dumping, try "ulimit -c unlimited" before starting Java again
#

---------------  T H R E A D  ---------------

Current thread (0x00007f22b4081800):  VMThread [stack: 0x00007f2295b3f000,0x00007f2295c40000] [id=28571]

Stack: [0x00007f2295b3f000,0x00007f2295c40000],  sp=0x00007f2295c3e050,  free space=1020k
Native frames: (J=compiled Java code, j=interpreted, Vv=VM code, C=native code)
V  [libjvm.so+0xacf94a]  VMError::report_and_die()+0x2ba
V  [libjvm.so+0x50050b]  report_vm_out_of_memory(char const*, int, unsigned long, VMErrorType, char const*)+0x8b
V  [libjvm.so+0x92b133]  os::Linux::commit_memory_impl(char*, unsigned long, bool)+0x103
V  [libjvm.so+0x92b5c9]  os::pd_commit_memory(char*, unsigned long, unsigned long, bool)+0x29
V  [libjvm.so+0x924c0a]  os::commit_memory(char*, unsigned long, unsigned long, bool)+0x2a
V  [libjvm.so+0x99ab53]  PSVirtualSpace::expand_by(unsigned long)+0x53
V  [libjvm.so+0x99bf58]  PSYoungGen::resize_generation(unsigned long, unsigned long)+0xf8
V  [libjvm.so+0x99b0b2]  PSYoungGen::resize(unsigned long, unsigned long)+0x22
V  [libjvm.so+0x99838b]  PSScavenge::invoke_no_policy()+0xf3b
V  [libjvm.so+0x998b11]  PSScavenge::invoke()+0x41
V  [libjvm.so+0x94f5a0]  ParallelScavengeHeap::failed_mem_allocate(unsigned long)+0x70
V  [libjvm.so+0xad13c7]  VM_ParallelGCFailedAllocation::doit()+0x97
V  [libjvm.so+0xad8ed5]  VM_Operation::evaluate()+0x55
V  [libjvm.so+0xad729a]  VMThread::evaluate_operation(VM_Operation*)+0xba
V  [libjvm.so+0xad761e]  VMThread::loop()+0x1ce
V  [libjvm.so+0xad7a90]  VMThread::run()+0x70
V  [libjvm.so+0x92da28]  java_start(Thread*)+0x108

VM_Operation (0x00007f22bc46d640): ParallelGCFailedAllocation, mode: safepoint, requested by thread 0x00007f22b400b800


---------------  P R O C E S S  ---------------

Java Threads: ( => current thread )
  0x00007f22b41ef800 JavaThread "pool-2-thread-4" [_thread_blocked, id=28585, stack(0x00007f229481c000,0x00007f229491d000)]
  0x00007f22b41ee000 JavaThread "pool-2-thread-3" [_thread_blocked, id=28584, stack(0x00007f229491d000,0x00007f2294a1e000)]
  0x00007f22b41ea000 JavaThread "pool-2-thread-2" [_thread_blocked, id=28583, stack(0x00007f2294a1e000,0x00007f2294b1f000)]
  0x00007f22b41e4800 JavaThread "pool-3-thread-1" [_thread_blocked, id=28582, stack(0x00007f2294b1f000,0x00007f2294c20000)]
  0x00007f22b41e3000 JavaThread "pool-2-thread-1" [_thread_blocked, id=28581, stack(0x00007f2294c20000,0x00007f2294d21000)]
  0x00007f22b40cd800 JavaThread "Service Thread" daemon [_thread_blocked, id=28579, stack(0x00007f2294f2a000,0x00007f229502b000)]
  0x00007f22b40ca000 JavaThread "C1 CompilerThread3" daemon [_thread_blocked, id=28578, stack(0x00007f229502b000,0x00007f229512c000)]
  0x00007f22b40c8000 JavaThread "C2 CompilerThread2" daemon [_thread_in_native, id=28577, stack(0x00007f229512c000,0x00007f229522d000)]
  0x00007f22b40c6000 JavaThread "C2 CompilerThread1" daemon [_thread_blocked, id=28576, stack(0x00007f229522d000,0x00007f229532e000)]
  0x00007f22b40c3000 JavaThread "C2 CompilerThread0" daemon [_thread_blocked, id=28575, stack(0x00007f229532e000,0x00007f229542f000)]
  0x00007f22b40c2000 JavaThread "Signal Dispatcher" daemon [_thread_blocked, id=28574, stack(0x00007f229542f000,0x00007f2295530000)]
  0x00007f22b408e000 JavaThread "Finalizer" daemon [_thread_blocked, id=28573, stack(0x00007f229593d000,0x00007f2295a3e000)]
  0x00007f22b4089800 JavaThread "Reference Handler" daemon [_thread_blocked, id=28572, stack(0x00007f2295a3e000,0x00007f2295b3f000)]
  0x00007f22b400b800 JavaThread "main" [_thread_blocked, id=28562, stack(0x00007f22bc36f000,0x00007f22bc470000)]

Other Threads:
=>0x00007f22b4081800 VMThread [stack: 0x00007f2295b3f000,0x00007f2295c40000] [id=28571]
  0x00007f22b40d2000 WatcherThread [stack: 0x00007f2294e29000,0x00007f2294f2a000] [id=28580]

VM state:at safepoint (normal execution)

VM Mutex/Monitor currently owned by a thread:  ([mutex/lock_event])
[0x00007f22b4007de0] Threads_lock - owner thread: 0x00007f22b4081800
[0x00007f22b40082e0] Heap_lock - owner thread: 0x00007f22b400b800

Heap:
 PSYoungGen      total 728576K, used 155812K [0x000000076ab00000, 0x00000007a2300000, 0x00000007c0000000)
  eden space 547840K, 0% used [0x000000076ab00000,0x000000076ab00000,0x000000078c200000)
  from space 180736K, 86% used [0x000000078c200000,0x0000000795a29038,0x0000000797280000)
  to   space 168448K, 0% used [0x0000000797e80000,0x0000000797e80000,0x00000007a2300000)
 ParOldGen       total 588800K, used 376674K [0x00000006c0000000, 0x00000006e3f00000, 0x000000076ab00000)
  object space 588800K, 63% used [0x00000006c0000000,0x00000006d6fd8ab0,0x00000006e3f00000)
 Metaspace       used 6745K, capacity 7320K, committed 7680K, reserved 1056768K
  class space    used 634K, capacity 656K, committed 768K, reserved 1048576K

Card table byte_map: [0x00007f22b889b000,0x00007f22b909c000] byte_map_base: 0x00007f22b529b000

Marking Bits: (ParMarkBitMap*) 0x00007f22bb821920
 Begin Bits: [0x00007f2270000000, 0x00007f2274000000)
 End Bits:   [0x00007f2274000000, 0x00007f2278000000)

Polling page: 0x00007f22bc48c000

CodeCache: size=245760Kb used=11529Kb max_used=11649Kb free=234230Kb
 bounds [0x00007f22a5000000, 0x00007f22a5bd0000, 0x00007f22b4000000]
 total_blobs=2680 nmethods=2408 adapters=185
 compilation: enabled

Compilation events (10 events):
Event: 18,630 Thread 0x00007f22b40ca000 3020       2       com.android.dx.dex.code.ArrayData::<init> (189 bytes)
Event: 18,631 Thread 0x00007f22b40ca000 nmethod 3020 0x00007f22a5391150 code [0x00007f22a5391320, 0x00007f22a53918a8]
Event: 18,642 Thread 0x00007f22b40ca000 3021       2       com.android.dx.ssa.SCCP::simulateMath (424 bytes)
Event: 18,643 Thread 0x00007f22b40ca000 nmethod 3021 0x00007f22a5569690 code [0x00007f22a55698a0, 0x00007f22a556a008]
Event: 18,656 Thread 0x00007f22b40c6000 nmethod 2983 0x00007f22a5bb5310 code [0x00007f22a5bb6ea0, 0x00007f22a5bbf800]
Event: 18,656 Thread 0x00007f22b40ca000 3022       2       com.android.dx.ssa.Optimizer::optimizeMinimizeRegisters (41 bytes)
Event: 18,656 Thread 0x00007f22b40c6000 3003   !   4       com.android.dx.cf.code.RopperMachine::run (1608 bytes)
Event: 18,657 Thread 0x00007f22b40ca000 nmethod 3022 0x00007f22a529a050 code [0x00007f22a529a220, 0x00007f22a529a5e8]
Event: 18,660 Thread 0x00007f22b40ca000 3024 %     3       com.android.dx.cf.code.BytecodeArray::parseNewarray @ 245 (594 bytes)
Event: 18,664 Thread 0x00007f22b40ca000 nmethod 3024% 0x00007f22a5831710 code [0x00007f22a5831b00, 0x00007f22a5834568]

GC Heap History (10 events):
Event: 15,197 GC heap after
Heap after GC invocations=19 (full 4):
 PSYoungGen      total 538112K, used 64798K [0x000000076ab00000, 0x000000079c280000, 0x00000007c0000000)
  eden space 462848K, 0% used [0x000000076ab00000,0x000000076ab00000,0x0000000786f00000)
  from space 75264K, 86% used [0x0000000786f00000,0x000000078ae47a68,0x000000078b880000)
  to   space 135168K, 0% used [0x0000000793e80000,0x0000000793e80000,0x000000079c280000)
 ParOldGen       total 482304K, used 321482K [0x00000006c0000000, 0x00000006dd700000, 0x000000076ab00000)
  object space 482304K, 66% used [0x00000006c0000000,0x00000006d39f2be8,0x00000006dd700000)
 Metaspace       used 6731K, capacity 7320K, committed 7680K, reserved 1056768K
  class space    used 633K, capacity 656K, committed 768K, reserved 1048576K
}
Event: 15,850 GC heap before
{Heap before GC invocations=20 (full 4):
 PSYoungGen      total 538112K, used 527646K [0x000000076ab00000, 0x000000079c280000, 0x00000007c0000000)
  eden space 462848K, 100% used [0x000000076ab00000,0x0000000786f00000,0x0000000786f00000)
  from space 75264K, 86% used [0x0000000786f00000,0x000000078ae47a68,0x000000078b880000)
  to   space 135168K, 0% used [0x0000000793e80000,0x0000000793e80000,0x000000079c280000)
 ParOldGen       total 482304K, used 321482K [0x00000006c0000000, 0x00000006dd700000, 0x000000076ab00000)
  object space 482304K, 66% used [0x00000006c0000000,0x00000006d39f2be8,0x00000006dd700000)
 Metaspace       used 6731K, capacity 7320K, committed 7680K, reserved 1056768K
  class space    used 633K, capacity 656K, committed 768K, reserved 1048576K
Event: 16,031 GC heap after
Heap after GC invocations=20 (full 4):
 PSYoungGen      total 626688K, used 135162K [0x000000076ab00000, 0x00000007a2a80000, 0x00000007c0000000)
  eden space 491520K, 0% used [0x000000076ab00000,0x000000076ab00000,0x0000000788b00000)
  from space 135168K, 99% used [0x0000000793e80000,0x000000079c27eb20,0x000000079c280000)
  to   space 183808K, 0% used [0x0000000788b00000,0x0000000788b00000,0x0000000793e80000)
 ParOldGen       total 482304K, used 387639K [0x00000006c0000000, 0x00000006dd700000, 0x000000076ab00000)
  object space 482304K, 80% used [0x00000006c0000000,0x00000006d7a8dc70,0x00000006dd700000)
 Metaspace       used 6731K, capacity 7320K, committed 7680K, reserved 1056768K
  class space    used 633K, capacity 656K, committed 768K, reserved 1048576K
}
Event: 16,672 GC heap before
{Heap before GC invocations=21 (full 4):
 PSYoungGen      total 626688K, used 626682K [0x000000076ab00000, 0x00000007a2a80000, 0x00000007c0000000)
  eden space 491520K, 100% used [0x000000076ab00000,0x0000000788b00000,0x0000000788b00000)
  from space 135168K, 99% used [0x0000000793e80000,0x000000079c27eb20,0x000000079c280000)
  to   space 183808K, 0% used [0x0000000788b00000,0x0000000788b00000,0x0000000793e80000)
 ParOldGen       total 482304K, used 387639K [0x00000006c0000000, 0x00000006dd700000, 0x000000076ab00000)
  object space 482304K, 80% used [0x00000006c0000000,0x00000006d7a8dc70,0x00000006dd700000)
 Metaspace       used 6735K, capacity 7320K, committed 7680K, reserved 1056768K
  class space    used 634K, capacity 656K, committed 768K, reserved 1048576K
Event: 16,771 GC heap after
Heap after GC invocations=21 (full 4):
 PSYoungGen      total 675328K, used 101041K [0x000000076ab00000, 0x00000007a3480000, 0x00000007c0000000)
  eden space 491520K, 0% used [0x000000076ab00000,0x000000076ab00000,0x0000000788b00000)
  from space 183808K, 54% used [0x0000000788b00000,0x000000078edac530,0x0000000793e80000)
  to   space 186368K, 0% used [0x0000000797e80000,0x0000000797e80000,0x00000007a3480000)
 ParOldGen       total 482304K, used 474503K [0x00000006c0000000, 0x00000006dd700000, 0x000000076ab00000)
  object space 482304K, 98% used [0x00000006c0000000,0x00000006dcf61d58,0x00000006dd700000)
 Metaspace       used 6735K, capacity 7320K, committed 7680K, reserved 1056768K
  class space    used 634K, capacity 656K, committed 768K, reserved 1048576K
}
Event: 16,771 GC heap before
{Heap before GC invocations=22 (full 5):
 PSYoungGen      total 675328K, used 101041K [0x000000076ab00000, 0x00000007a3480000, 0x00000007c0000000)
  eden space 491520K, 0% used [0x000000076ab00000,0x000000076ab00000,0x0000000788b00000)
  from space 183808K, 54% used [0x0000000788b00000,0x000000078edac530,0x0000000793e80000)
  to   space 186368K, 0% used [0x0000000797e80000,0x0000000797e80000,0x00000007a3480000)
 ParOldGen       total 482304K, used 474503K [0x00000006c0000000, 0x00000006dd700000, 0x000000076ab00000)
  object space 482304K, 98% used [0x00000006c0000000,0x00000006dcf61d58,0x00000006dd700000)
 Metaspace       used 6735K, capacity 7320K, committed 7680K, reserved 1056768K
  class space    used 634K, capacity 656K, committed 768K, reserved 1048576K
Event: 17,331 GC heap after
Heap after GC invocations=22 (full 5):
 PSYoungGen      total 675328K, used 0K [0x000000076ab00000, 0x00000007a3480000, 0x00000007c0000000)
  eden space 491520K, 0% used [0x000000076ab00000,0x000000076ab00000,0x0000000788b00000)
  from space 183808K, 0% used [0x0000000788b00000,0x0000000788b00000,0x0000000793e80000)
  to   space 186368K, 0% used [0x0000000797e80000,0x0000000797e80000,0x00000007a3480000)
 ParOldGen       total 588800K, used 376674K [0x00000006c0000000, 0x00000006e3f00000, 0x000000076ab00000)
  object space 588800K, 63% used [0x00000006c0000000,0x00000006d6fd8ab0,0x00000006e3f00000)
 Metaspace       used 6735K, capacity 7320K, committed 7680K, reserved 1056768K
  class space    used 634K, capacity 656K, committed 768K, reserved 1048576K
}
Event: 17,917 GC heap before
{Heap before GC invocations=23 (full 5):
 PSYoungGen      total 675328K, used 491520K [0x000000076ab00000, 0x00000007a3480000, 0x00000007c0000000)
  eden space 491520K, 100% used [0x000000076ab00000,0x0000000788b00000,0x0000000788b00000)
  from space 183808K, 0% used [0x0000000788b00000,0x0000000788b00000,0x0000000793e80000)
  to   space 186368K, 0% used [0x0000000797e80000,0x0000000797e80000,0x00000007a3480000)
 ParOldGen       total 588800K, used 376674K [0x00000006c0000000, 0x00000006e3f00000, 0x000000076ab00000)
  object space 588800K, 63% used [0x00000006c0000000,0x00000006d6fd8ab0,0x00000006e3f00000)
 Metaspace       used 6740K, capacity 7320K, committed 7680K, reserved 1056768K
  class space    used 634K, capacity 656K, committed 768K, reserved 1048576K
Event: 17,978 GC heap after
Heap after GC invocations=23 (full 5):
 PSYoungGen      total 716288K, used 81991K [0x000000076ab00000, 0x00000007a2300000, 0x00000007c0000000)
  eden space 547840K, 0% used [0x000000076ab00000,0x000000076ab00000,0x000000078c200000)
  from space 168448K, 48% used [0x0000000797e80000,0x000000079ce91d30,0x00000007a2300000)
  to   space 180736K, 0% used [0x000000078c200000,0x000000078c200000,0x0000000797280000)
 ParOldGen       total 588800K, used 376674K [0x00000006c0000000, 0x00000006e3f00000, 0x000000076ab00000)
  object space 588800K, 63% used [0x00000006c0000000,0x00000006d6fd8ab0,0x00000006e3f00000)
 Metaspace       used 6740K, capacity 7320K, committed 7680K, reserved 1056768K
  class space    used 634K, capacity 656K, committed 768K, reserved 1048576K
}
Event: 18,715 GC heap before
{Heap before GC invocations=24 (full 5):
 PSYoungGen      total 716288K, used 629831K [0x000000076ab00000, 0x00000007a2300000, 0x00000007c0000000)
  eden space 547840K, 100% used [0x000000076ab00000,0x000000078c200000,0x000000078c200000)
  from space 168448K, 48% used [0x0000000797e80000,0x000000079ce91d30,0x00000007a2300000)
  to   space 180736K, 0% used [0x000000078c200000,0x000000078c200000,0x0000000797280000)
 ParOldGen       total 588800K, used 376674K [0x00000006c0000000, 0x00000006e3f00000, 0x000000076ab00000)
  object space 588800K, 63% used [0x00000006c0000000,0x00000006d6fd8ab0,0x00000006e3f00000)
 Metaspace       used 6745K, capacity 7320K, committed 7680K, reserved 1056768K
  class space    used 634K, capacity 656K, committed 768K, reserved 1048576K

Deoptimization events (10 events):
Event: 17,872 Thread 0x00007f22b41ee000 Uncommon trap: reason=unstable_if action=reinterpret pc=0x00007f22a58f18e4 method=com.android.dx.cf.code.Simulator$SimVisitor.visitNoArgs(IIILcom/android/dx/rop/type/Type;)V @ 1291
Event: 18,196 Thread 0x00007f22b41ea000 Uncommon trap: reason=unstable_if action=reinterpret pc=0x00007f22a515e354 method=com.android.dx.cf.code.OneLocalsArray.set(ILcom/android/dx/rop/type/TypeBearer;)V @ 93
Event: 18,254 Thread 0x00007f22b41ee000 Uncommon trap: reason=class_check action=maybe_recompile pc=0x00007f22a5a93c38 method=com.android.dx.ssa.LiteralOpUpgrader.isConstIntZeroOrKnownNull(Lcom/android/dx/rop/code/RegisterSpec;)Z @ 13
Event: 18,261 Thread 0x00007f22b400b800 Uncommon trap: reason=bimorphic action=maybe_recompile pc=0x00007f22a5b85c6c method=com.android.dx.cf.code.BytecodeArray.parseInstruction(ILcom/android/dx/cf/code/BytecodeArray$Visitor;)I @ 1612
Event: 18,261 Thread 0x00007f22b400b800 Uncommon trap: reason=bimorphic action=maybe_recompile pc=0x00007f22a5b85c6c method=com.android.dx.cf.code.BytecodeArray.parseInstruction(ILcom/android/dx/cf/code/BytecodeArray$Visitor;)I @ 1612
Event: 18,278 Thread 0x00007f22b400b800 Uncommon trap: reason=unstable_if action=reinterpret pc=0x00007f22a522b50c method=com.android.dx.ssa.SCCP.simulateStmt(Lcom/android/dx/ssa/SsaInsn;)V @ 435
Event: 18,317 Thread 0x00007f22b400b800 Uncommon trap: reason=unstable_if action=reinterpret pc=0x00007f22a59b84b0 method=com.android.dx.cf.code.RopperMachine.run(Lcom/android/dx/cf/code/Frame;II)V @ 356
Event: 18,641 Thread 0x00007f22b41ee000 Uncommon trap: reason=unstable_if action=reinterpret pc=0x00007f22a51a5bdc method=com.android.dx.ssa.SCCP.simulateMath(Lcom/android/dx/ssa/SsaInsn;I)Lcom/android/dx/rop/cst/Constant; @ 409
Event: 18,656 Thread 0x00007f22b400b800 Uncommon trap: reason=bimorphic action=maybe_recompile pc=0x00007f22a5bb8e50 method=com.android.dx.cf.code.BytecodeArray.parseInstruction(ILcom/android/dx/cf/code/BytecodeArray$Visitor;)I @ 1287
Event: 18,659 Thread 0x00007f22b400b800 Uncommon trap: reason=bimorphic action=maybe_recompile pc=0x00007f22a5bb8e50 method=com.android.dx.cf.code.BytecodeArray.parseInstruction(ILcom/android/dx/cf/code/BytecodeArray$Visitor;)I @ 1287

Classes redefined (0 events):
No events

Internal exceptions (6 events):
Event: 0,027 Thread 0x00007f22b400b800 Exception <a 'java/lang/NoSuchMethodError': Method sun.misc.Unsafe.defineClass(Ljava/lang/String;[BII)Ljava/lang/Class; name or signature does not match> (0x000000076ab07ca0) thrown at [/HUDSON/workspace/8-2-build-linux-amd64/jdk8u161/10277/hotspot/src/sh
Event: 0,027 Thread 0x00007f22b400b800 Exception <a 'java/lang/NoSuchMethodError': Method sun.misc.Unsafe.prefetchRead(Ljava/lang/Object;J)V name or signature does not match> (0x000000076ab07f88) thrown at [/HUDSON/workspace/8-2-build-linux-amd64/jdk8u161/10277/hotspot/src/share/vm/prims/jni.c
Event: 0,472 Thread 0x00007f22b41ea000 Implicit null exception at 0x00007f22a52715a2 to 0x00007f22a527169b
Event: 0,604 Thread 0x00007f22b41ee000 Exception <a 'java/lang/ArrayIndexOutOfBoundsException': 18> (0x000000076c7f89b0) thrown at [/HUDSON/workspace/8-2-build-linux-amd64/jdk8u161/10277/hotspot/src/share/vm/interpreter/interpreterRuntime.cpp, line 366]
Event: 0,604 Thread 0x00007f22b41ee000 Exception <a 'java/lang/ArrayIndexOutOfBoundsException': 145> (0x000000076c7fa530) thrown at [/HUDSON/workspace/8-2-build-linux-amd64/jdk8u161/10277/hotspot/src/share/vm/interpreter/interpreterRuntime.cpp, line 366]
Event: 0,605 Thread 0x00007f22b41ee000 Exception <a 'java/lang/ArrayIndexOutOfBoundsException': 40> (0x000000076c7fb818) thrown at [/HUDSON/workspace/8-2-build-linux-amd64/jdk8u161/10277/hotspot/src/share/vm/interpreter/interpreterRuntime.cpp, line 366]

Events (10 events):
Event: 18,641 Thread 0x00007f22b41ee000 Uncommon trap: trap_request=0xffffff65 fr.pc=0x00007f22a51a5bdc
Event: 18,641 Thread 0x00007f22b41ee000 DEOPT PACKING pc=0x00007f22a51a5bdc sp=0x00007f2294a1c050
Event: 18,641 Thread 0x00007f22b41ee000 DEOPT UNPACKING pc=0x00007f22a504573a sp=0x00007f2294a1bfc0 mode 2
Event: 18,656 Thread 0x00007f22b400b800 Uncommon trap: trap_request=0xffffffc6 fr.pc=0x00007f22a5bb8e50
Event: 18,656 Thread 0x00007f22b400b800 DEOPT PACKING pc=0x00007f22a5bb8e50 sp=0x00007f22bc46d2e0
Event: 18,656 Thread 0x00007f22b400b800 DEOPT UNPACKING pc=0x00007f22a504573a sp=0x00007f22bc46d2a0 mode 2
Event: 18,659 Thread 0x00007f22b400b800 Uncommon trap: trap_request=0xffffffc6 fr.pc=0x00007f22a5bb8e50
Event: 18,659 Thread 0x00007f22b400b800 DEOPT PACKING pc=0x00007f22a5bb8e50 sp=0x00007f22bc46d2e0
Event: 18,659 Thread 0x00007f22b400b800 DEOPT UNPACKING pc=0x00007f22a504573a sp=0x00007f22bc46d2a0 mode 2
Event: 18,712 Executing VM operation: ParallelGCFailedAllocation


Dynamic libraries:
00400000-00401000 r-xp 00000000 08:05 7083112                            /usr/lib/jvm/java-8-oracle/bin/java
00600000-00601000 rw-p 00000000 08:05 7083112                            /usr/lib/jvm/java-8-oracle/bin/java
02424000-02445000 rw-p 00000000 00:00 0                                  [heap]
6c0000000-6e3f00000 rw-p 00000000 00:00 0 
6e3f00000-76ab00000 ---p 00000000 00:00 0 
76ab00000-7a2300000 rw-p 00000000 00:00 0 
7a8e80000-7c0000000 ---p 00000000 00:00 0 
7c0000000-7c00c0000 rw-p 00000000 00:00 0 
7c00c0000-800000000 ---p 00000000 00:00 0 
7f2230000000-7f2230021000 rw-p 00000000 00:00 0 
7f2230021000-7f2234000000 ---p 00000000 00:00 0 
7f2238000000-7f2238043000 rw-p 00000000 00:00 0 
7f2238043000-7f223c000000 ---p 00000000 00:00 0 
7f223c000000-7f223c02d000 rw-p 00000000 00:00 0 
7f223c02d000-7f2240000000 ---p 00000000 00:00 0 
7f2240000000-7f2240053000 rw-p 00000000 00:00 0 
7f2240053000-7f2244000000 ---p 00000000 00:00 0 
7f2244000000-7f2244021000 rw-p 00000000 00:00 0 
7f2244021000-7f2248000000 ---p 00000000 00:00 0 
7f2248000000-7f2248021000 rw-p 00000000 00:00 0 
7f2248021000-7f224c000000 ---p 00000000 00:00 0 
7f224c000000-7f224c021000 rw-p 00000000 00:00 0 
7f224c021000-7f2250000000 ---p 00000000 00:00 0 
7f2250000000-7f2251274000 rw-p 00000000 00:00 0 
7f2251274000-7f2254000000 ---p 00000000 00:00 0 
7f2254000000-7f2254cb1000 rw-p 00000000 00:00 0 
7f2254cb1000-7f2258000000 ---p 00000000 00:00 0 
7f2258000000-7f225917c000 rw-p 00000000 00:00 0 
7f225917c000-7f225c000000 ---p 00000000 00:00 0 
7f225c000000-7f225d548000 rw-p 00000000 00:00 0 
7f225d548000-7f2260000000 ---p 00000000 00:00 0 
7f2260000000-7f2260021000 rw-p 00000000 00:00 0 
7f2260021000-7f2264000000 ---p 00000000 00:00 0 
7f2264000000-7f2264021000 rw-p 00000000 00:00 0 
7f2264021000-7f2268000000 ---p 00000000 00:00 0 
7f2268000000-7f226829a000 rw-p 00000000 00:00 0 
7f226829a000-7f226c000000 ---p 00000000 00:00 0 
7f226c000000-7f226c021000 rw-p 00000000 00:00 0 
7f226c021000-7f2270000000 ---p 00000000 00:00 0 
7f2270000000-7f2278000000 rw-p 00000000 00:00 0 
7f2278000000-7f2278021000 rw-p 00000000 00:00 0 
7f2278021000-7f227c000000 ---p 00000000 00:00 0 
7f227c000000-7f227c021000 rw-p 00000000 00:00 0 
7f227c021000-7f2280000000 ---p 00000000 00:00 0 
7f2280000000-7f2280021000 rw-p 00000000 00:00 0 
7f2280021000-7f2284000000 ---p 00000000 00:00 0 
7f2288000000-7f2288021000 rw-p 00000000 00:00 0 
7f2288021000-7f228c000000 ---p 00000000 00:00 0 
7f2290000000-7f2290021000 rw-p 00000000 00:00 0 
7f2290021000-7f2294000000 ---p 00000000 00:00 0 
7f229481c000-7f229481f000 ---p 00000000 00:00 0 
7f229481f000-7f229491d000 rw-p 00000000 00:00 0 
7f229491d000-7f2294920000 ---p 00000000 00:00 0 
7f2294920000-7f2294a1e000 rw-p 00000000 00:00 0 
7f2294a1e000-7f2294a21000 ---p 00000000 00:00 0 
7f2294a21000-7f2294b1f000 rw-p 00000000 00:00 0 
7f2294b1f000-7f2294b22000 ---p 00000000 00:00 0 
7f2294b22000-7f2294c20000 rw-p 00000000 00:00 0 
7f2294c20000-7f2294c23000 ---p 00000000 00:00 0 
7f2294c23000-7f2294d21000 rw-p 00000000 00:00 0 
7f2294d21000-7f2294d93000 r--s 00427000 08:05 4077439                    /home/alvaro/Workspaces/juegoteca/app/build/intermediates/transforms/proguard/release/0.jar
7f2294d93000-7f2294e29000 r--s 0110a000 08:05 7603113                    /usr/lib/jvm/java-8-oracle/jre/lib/ext/jfxrt.jar
7f2294e29000-7f2294e2a000 ---p 00000000 00:00 0 
7f2294e2a000-7f2294f2a000 rw-p 00000000 00:00 0 
7f2294f2a000-7f2294f2d000 ---p 00000000 00:00 0 
7f2294f2d000-7f229502b000 rw-p 00000000 00:00 0 
7f229502b000-7f229502e000 ---p 00000000 00:00 0 
7f229502e000-7f229512c000 rw-p 00000000 00:00 0 
7f229512c000-7f229512f000 ---p 00000000 00:00 0 
7f229512f000-7f229522d000 rw-p 00000000 00:00 0 
7f229522d000-7f2295230000 ---p 00000000 00:00 0 
7f2295230000-7f229532e000 rw-p 00000000 00:00 0 
7f229532e000-7f2295331000 ---p 00000000 00:00 0 
7f2295331000-7f229542f000 rw-p 00000000 00:00 0 
7f229542f000-7f2295432000 ---p 00000000 00:00 0 
7f2295432000-7f2295530000 rw-p 00000000 00:00 0 
7f2295530000-7f229593d000 r--p 00000000 08:05 6818046                    /usr/lib/locale/locale-archive
7f229593d000-7f2295940000 ---p 00000000 00:00 0 
7f2295940000-7f2295a3e000 rw-p 00000000 00:00 0 
7f2295a3e000-7f2295a41000 ---p 00000000 00:00 0 
7f2295a41000-7f2295b3f000 rw-p 00000000 00:00 0 
7f2295b3f000-7f2295b40000 ---p 00000000 00:00 0 
7f2295b40000-7f2297ec0000 rw-p 00000000 00:00 0 
7f2297ec0000-7f2298000000 ---p 00000000 00:00 0 
7f2298000000-7f2298021000 rw-p 00000000 00:00 0 
7f2298021000-7f229c000000 ---p 00000000 00:00 0 
7f229c000000-7f229c021000 rw-p 00000000 00:00 0 
7f229c021000-7f22a0000000 ---p 00000000 00:00 0 
7f22a0000000-7f22a0021000 rw-p 00000000 00:00 0 
7f22a0021000-7f22a4000000 ---p 00000000 00:00 0 
7f22a401b000-7f22a40ac000 rw-p 00000000 00:00 0 
7f22a40ac000-7f22a4285000 r--s 03d64000 08:05 7603051                    /usr/lib/jvm/java-8-oracle/jre/lib/rt.jar
7f22a4285000-7f22a4afb000 rw-p 00000000 00:00 0 
7f22a4afb000-7f22a4afc000 ---p 00000000 00:00 0 
7f22a4afc000-7f22a4bfc000 rw-p 00000000 00:00 0 
7f22a4bfc000-7f22a4bfd000 ---p 00000000 00:00 0 
7f22a4bfd000-7f22a4cfd000 rw-p 00000000 00:00 0 
7f22a4cfd000-7f22a4cfe000 ---p 00000000 00:00 0 
7f22a4cfe000-7f22a4dfe000 rw-p 00000000 00:00 0 
7f22a4dfe000-7f22a4dff000 ---p 00000000 00:00 0 
7f22a4dff000-7f22a4eff000 rw-p 00000000 00:00 0 
7f22a4eff000-7f22a4f00000 ---p 00000000 00:00 0 
7f22a4f00000-7f22a5000000 rw-p 00000000 00:00 0 
7f22a5000000-7f22a5bd0000 rwxp 00000000 00:00 0 
7f22a5bd0000-7f22b4000000 ---p 00000000 00:00 0 
7f22b4000000-7f22b4421000 rw-p 00000000 00:00 0 
7f22b4421000-7f22b8000000 ---p 00000000 00:00 0 
7f22b8000000-7f22b8042000 rw-p 00000000 00:00 0 
7f22b8042000-7f22b8043000 ---p 00000000 00:00 0 
7f22b8043000-7f22b8143000 rw-p 00000000 00:00 0 
7f22b8143000-7f22b8144000 ---p 00000000 00:00 0 
7f22b8144000-7f22b8244000 rw-p 00000000 00:00 0 
7f22b8244000-7f22b8245000 ---p 00000000 00:00 0 
7f22b8245000-7f22b8465000 rw-p 00000000 00:00 0 
7f22b8465000-7f22b889b000 ---p 00000000 00:00 0 
7f22b889b000-7f22b89bb000 rw-p 00000000 00:00 0 
7f22b89bb000-7f22b8df0000 ---p 00000000 00:00 0 
7f22b8df0000-7f22b8fad000 rw-p 00000000 00:00 0 
7f22b8fad000-7f22b909b000 ---p 00000000 00:00 0 
7f22b909b000-7f22b90cc000 rw-p 00000000 00:00 0 
7f22b90cc000-7f22b945c000 ---p 00000000 00:00 0 
7f22b945c000-7f22b9477000 r-xp 00000000 08:05 8791485                    /usr/lib/jvm/java-8-oracle/jre/lib/amd64/libzip.so
7f22b9477000-7f22b9677000 ---p 0001b000 08:05 8791485                    /usr/lib/jvm/java-8-oracle/jre/lib/amd64/libzip.so
7f22b9677000-7f22b9678000 rw-p 0001b000 08:05 8791485                    /usr/lib/jvm/java-8-oracle/jre/lib/amd64/libzip.so
7f22b9678000-7f22b9683000 r-xp 00000000 08:05 7341538                    /lib/x86_64-linux-gnu/libnss_files-2.26.so
7f22b9683000-7f22b9882000 ---p 0000b000 08:05 7341538                    /lib/x86_64-linux-gnu/libnss_files-2.26.so
7f22b9882000-7f22b9883000 r--p 0000a000 08:05 7341538                    /lib/x86_64-linux-gnu/libnss_files-2.26.so
7f22b9883000-7f22b9884000 rw-p 0000b000 08:05 7341538                    /lib/x86_64-linux-gnu/libnss_files-2.26.so
7f22b9884000-7f22b988a000 rw-p 00000000 00:00 0 
7f22b988a000-7f22b9895000 r-xp 00000000 08:05 7341540                    /lib/x86_64-linux-gnu/libnss_nis-2.26.so
7f22b9895000-7f22b9a94000 ---p 0000b000 08:05 7341540                    /lib/x86_64-linux-gnu/libnss_nis-2.26.so
7f22b9a94000-7f22b9a95000 r--p 0000a000 08:05 7341540                    /lib/x86_64-linux-gnu/libnss_nis-2.26.so
7f22b9a95000-7f22b9a96000 rw-p 0000b000 08:05 7341540                    /lib/x86_64-linux-gnu/libnss_nis-2.26.so
7f22b9a96000-7f22b9aad000 r-xp 00000000 08:05 7341535                    /lib/x86_64-linux-gnu/libnsl-2.26.so
7f22b9aad000-7f22b9cac000 ---p 00017000 08:05 7341535                    /lib/x86_64-linux-gnu/libnsl-2.26.so
7f22b9cac000-7f22b9cad000 r--p 00016000 08:05 7341535                    /lib/x86_64-linux-gnu/libnsl-2.26.so
7f22b9cad000-7f22b9cae000 rw-p 00017000 08:05 7341535                    /lib/x86_64-linux-gnu/libnsl-2.26.so
7f22b9cae000-7f22b9cb0000 rw-p 00000000 00:00 0 
7f22b9cb0000-7f22b9cb8000 r-xp 00000000 08:05 7341536                    /lib/x86_64-linux-gnu/libnss_compat-2.26.so
7f22b9cb8000-7f22b9eb7000 ---p 00008000 08:05 7341536                    /lib/x86_64-linux-gnu/libnss_compat-2.26.so
7f22b9eb7000-7f22b9eb8000 r--p 00007000 08:05 7341536                    /lib/x86_64-linux-gnu/libnss_compat-2.26.so
7f22b9eb8000-7f22b9eb9000 rw-p 00008000 08:05 7341536                    /lib/x86_64-linux-gnu/libnss_compat-2.26.so
7f22b9eb9000-7f22b9ee4000 r-xp 00000000 08:05 8791479                    /usr/lib/jvm/java-8-oracle/jre/lib/amd64/libjava.so
7f22b9ee4000-7f22ba0e3000 ---p 0002b000 08:05 8791479                    /usr/lib/jvm/java-8-oracle/jre/lib/amd64/libjava.so
7f22ba0e3000-7f22ba0e5000 rw-p 0002a000 08:05 8791479                    /usr/lib/jvm/java-8-oracle/jre/lib/amd64/libjava.so
7f22ba0e5000-7f22ba0f2000 r-xp 00000000 08:05 8791484                    /usr/lib/jvm/java-8-oracle/jre/lib/amd64/libverify.so
7f22ba0f2000-7f22ba2f2000 ---p 0000d000 08:05 8791484                    /usr/lib/jvm/java-8-oracle/jre/lib/amd64/libverify.so
7f22ba2f2000-7f22ba2f4000 rw-p 0000d000 08:05 8791484                    /usr/lib/jvm/java-8-oracle/jre/lib/amd64/libverify.so
7f22ba2f4000-7f22ba2fb000 r-xp 00000000 08:05 7341545                    /lib/x86_64-linux-gnu/librt-2.26.so
7f22ba2fb000-7f22ba4fa000 ---p 00007000 08:05 7341545                    /lib/x86_64-linux-gnu/librt-2.26.so
7f22ba4fa000-7f22ba4fb000 r--p 00006000 08:05 7341545                    /lib/x86_64-linux-gnu/librt-2.26.so
7f22ba4fb000-7f22ba4fc000 rw-p 00007000 08:05 7341545                    /lib/x86_64-linux-gnu/librt-2.26.so
7f22ba4fc000-7f22ba651000 r-xp 00000000 08:05 7341532                    /lib/x86_64-linux-gnu/libm-2.26.so
7f22ba651000-7f22ba850000 ---p 00155000 08:05 7341532                    /lib/x86_64-linux-gnu/libm-2.26.so
7f22ba850000-7f22ba851000 r--p 00154000 08:05 7341532                    /lib/x86_64-linux-gnu/libm-2.26.so
7f22ba851000-7f22ba852000 rw-p 00155000 08:05 7341532                    /lib/x86_64-linux-gnu/libm-2.26.so
7f22ba852000-7f22bb52b000 r-xp 00000000 08:05 8791462                    /usr/lib/jvm/java-8-oracle/jre/lib/amd64/server/libjvm.so
7f22bb52b000-7f22bb72a000 ---p 00cd9000 08:05 8791462                    /usr/lib/jvm/java-8-oracle/jre/lib/amd64/server/libjvm.so
7f22bb72a000-7f22bb803000 rw-p 00cd8000 08:05 8791462                    /usr/lib/jvm/java-8-oracle/jre/lib/amd64/server/libjvm.so
7f22bb803000-7f22bb84f000 rw-p 00000000 00:00 0 
7f22bb84f000-7f22bba25000 r-xp 00000000 08:05 7341528                    /lib/x86_64-linux-gnu/libc-2.26.so
7f22bba25000-7f22bbc25000 ---p 001d6000 08:05 7341528                    /lib/x86_64-linux-gnu/libc-2.26.so
7f22bbc25000-7f22bbc29000 r--p 001d6000 08:05 7341528                    /lib/x86_64-linux-gnu/libc-2.26.so
7f22bbc29000-7f22bbc2b000 rw-p 001da000 08:05 7341528                    /lib/x86_64-linux-gnu/libc-2.26.so
7f22bbc2b000-7f22bbc2f000 rw-p 00000000 00:00 0 
7f22bbc2f000-7f22bbc32000 r-xp 00000000 08:05 7341531                    /lib/x86_64-linux-gnu/libdl-2.26.so
7f22bbc32000-7f22bbe31000 ---p 00003000 08:05 7341531                    /lib/x86_64-linux-gnu/libdl-2.26.so
7f22bbe31000-7f22bbe32000 r--p 00002000 08:05 7341531                    /lib/x86_64-linux-gnu/libdl-2.26.so
7f22bbe32000-7f22bbe33000 rw-p 00003000 08:05 7341531                    /lib/x86_64-linux-gnu/libdl-2.26.so
7f22bbe33000-7f22bbe49000 r-xp 00000000 08:05 7342861                    /usr/lib/jvm/java-8-oracle/lib/amd64/jli/libjli.so
7f22bbe49000-7f22bc048000 ---p 00016000 08:05 7342861                    /usr/lib/jvm/java-8-oracle/lib/amd64/jli/libjli.so
7f22bc048000-7f22bc049000 rw-p 00015000 08:05 7342861                    /usr/lib/jvm/java-8-oracle/lib/amd64/jli/libjli.so
7f22bc049000-7f22bc063000 r-xp 00000000 08:05 7341543                    /lib/x86_64-linux-gnu/libpthread-2.26.so
7f22bc063000-7f22bc262000 ---p 0001a000 08:05 7341543                    /lib/x86_64-linux-gnu/libpthread-2.26.so
7f22bc262000-7f22bc263000 r--p 00019000 08:05 7341543                    /lib/x86_64-linux-gnu/libpthread-2.26.so
7f22bc263000-7f22bc264000 rw-p 0001a000 08:05 7341543                    /lib/x86_64-linux-gnu/libpthread-2.26.so
7f22bc264000-7f22bc268000 rw-p 00000000 00:00 0 
7f22bc268000-7f22bc28f000 r-xp 00000000 08:05 7340916                    /lib/x86_64-linux-gnu/ld-2.26.so
7f22bc29c000-7f22bc36f000 rw-p 00000000 00:00 0 
7f22bc36f000-7f22bc372000 ---p 00000000 00:00 0 
7f22bc372000-7f22bc472000 rw-p 00000000 00:00 0 
7f22bc474000-7f22bc483000 r--s 000ed000 08:05 1704142                    /home/alvaro/Android/Sdk/build-tools/26.0.2/lib/dx.jar
7f22bc483000-7f22bc48b000 rw-s 00000000 08:05 1444584                    /tmp/hsperfdata_alvaro/28557
7f22bc48b000-7f22bc48c000 rw-p 00000000 00:00 0 
7f22bc48c000-7f22bc48d000 ---p 00000000 00:00 0 
7f22bc48d000-7f22bc48f000 rw-p 00000000 00:00 0 
7f22bc48f000-7f22bc490000 r--p 00027000 08:05 7340916                    /lib/x86_64-linux-gnu/ld-2.26.so
7f22bc490000-7f22bc491000 rw-p 00028000 08:05 7340916                    /lib/x86_64-linux-gnu/ld-2.26.so
7f22bc491000-7f22bc492000 rw-p 00000000 00:00 0 
7ffc4fb75000-7ffc4fb96000 rw-p 00000000 00:00 0                          [stack]
7ffc4fbf2000-7ffc4fbf5000 r--p 00000000 00:00 0                          [vvar]
7ffc4fbf5000-7ffc4fbf7000 r-xp 00000000 00:00 0                          [vdso]
ffffffffff600000-ffffffffff601000 r-xp 00000000 00:00 0                  [vsyscall]

VM Arguments:
jvm_args: -Djava.awt.headless=true -Xmx4g -Dfile.encoding=UTF-8 -Duser.country=US -Duser.language=en -Duser.variant 
java_command: com.android.dx.command.Main --dex --num-threads=4 --multi-dex --main-dex-list /home/alvaro/Workspaces/juegoteca/app/build/intermediates/multi-dex/release/maindexlist.txt --output /home/alvaro/Workspaces/juegoteca/app/build/intermediates/transforms/dex/release/0 --min-sdk-version 9 /home/alvaro/Workspaces/juegoteca/app/build/intermediates/transforms/proguard/release/0.jar
java_class_path (initial): /home/alvaro/Android/Sdk/build-tools/26.0.2/lib/dx.jar
Launcher Type: SUN_STANDARD

Environment Variables:
JAVA_HOME=/usr/lib/jvm/java-8-oracle
PATH=/usr/local/sbin:/usr/local/bin:/usr/sbin:/usr/bin:/sbin:/bin:/usr/games:/usr/local/games:/snap/bin:/usr/lib/jvm/java-8-oracle/bin:/usr/lib/jvm/java-8-oracle/db/bin:/usr/lib/jvm/java-8-oracle/jre/bin
USERNAME=alvaro
LD_LIBRARY_PATH=/home/alvaro/Android/android-studio/bin:
SHELL=/bin/bash
DISPLAY=:0

Signal Handlers:
SIGSEGV: [libjvm.so+0xad01e0], sa_mask[0]=11111111011111111101111111111110, sa_flags=SA_RESTART|SA_SIGINFO
SIGBUS: [libjvm.so+0xad01e0], sa_mask[0]=11111111011111111101111111111110, sa_flags=SA_RESTART|SA_SIGINFO
SIGFPE: [libjvm.so+0x927fb0], sa_mask[0]=11111111011111111101111111111110, sa_flags=SA_RESTART|SA_SIGINFO
SIGPIPE: [libjvm.so+0x927fb0], sa_mask[0]=11111111011111111101111111111110, sa_flags=SA_RESTART|SA_SIGINFO
SIGXFSZ: [libjvm.so+0x927fb0], sa_mask[0]=11111111011111111101111111111110, sa_flags=SA_RESTART|SA_SIGINFO
SIGILL: [libjvm.so+0x927fb0], sa_mask[0]=11111111011111111101111111111110, sa_flags=SA_RESTART|SA_SIGINFO
SIGUSR1: SIG_DFL, sa_mask[0]=00000000000000000000000000000000, sa_flags=none
SIGUSR2: [libjvm.so+0x9297f0], sa_mask[0]=00100000000000000000000000000000, sa_flags=SA_RESTART|SA_SIGINFO
SIGHUP: [libjvm.so+0x92abf0], sa_mask[0]=11111111011111111101111111111110, sa_flags=SA_RESTART|SA_SIGINFO
SIGINT: [libjvm.so+0x92abf0], sa_mask[0]=11111111011111111101111111111110, sa_flags=SA_RESTART|SA_SIGINFO
SIGTERM: [libjvm.so+0x92abf0], sa_mask[0]=11111111011111111101111111111110, sa_flags=SA_RESTART|SA_SIGINFO
SIGQUIT: [libjvm.so+0x92abf0], sa_mask[0]=11111111011111111101111111111110, sa_flags=SA_RESTART|SA_SIGINFO


---------------  S Y S T E M  ---------------

OS:DISTRIB_ID=Ubuntu
DISTRIB_RELEASE=17.10
DISTRIB_CODENAME=artful
DISTRIB_DESCRIPTION="Ubuntu 17.10"

uname:Linux 4.13.0-36-generic #40-Ubuntu SMP Fri Feb 16 20:07:48 UTC 2018 x86_64
libc:glibc 2.26 NPTL 2.26 
rlimit: STACK 8192k, CORE 0k, NPROC 20710, NOFILE 1048576, AS infinity
load average:5,60 11,46 12,57

/proc/meminfo:
MemTotal:        5536240 kB
MemFree:          107312 kB
MemAvailable:      35724 kB
Buffers:            1476 kB
Cached:           224920 kB
SwapCached:        14624 kB
Active:          4382328 kB
Inactive:         753116 kB
Active(anon):    4364288 kB
Inactive(anon):   727304 kB
Active(file):      18040 kB
Inactive(file):    25812 kB
Unevictable:          96 kB
Mlocked:              96 kB
SwapTotal:       2097148 kB
SwapFree:              0 kB
Dirty:                76 kB
Writeback:             0 kB
AnonPages:       4895784 kB
Mapped:           155800 kB
Shmem:            182628 kB
Slab:             132884 kB
SReclaimable:      66516 kB
SUnreclaim:        66368 kB
KernelStack:       16704 kB
PageTables:        80508 kB
NFS_Unstable:          0 kB
Bounce:                0 kB
WritebackTmp:          0 kB
CommitLimit:     4865268 kB
Committed_AS:   13937192 kB
VmallocTotal:   34359738367 kB
VmallocUsed:           0 kB
VmallocChunk:          0 kB
HardwareCorrupted:     0 kB
AnonHugePages:         0 kB
ShmemHugePages:        0 kB
ShmemPmdMapped:        0 kB
CmaTotal:              0 kB
CmaFree:               0 kB
HugePages_Total:       0
HugePages_Free:        0
HugePages_Rsvd:        0
HugePages_Surp:        0
Hugepagesize:       2048 kB
DirectMap4k:      294784 kB
DirectMap2M:     5421056 kB


CPU:total 8 (initial active 8) (4 cores per cpu, 2 threads per core) family 6 model 58 stepping 9, cmov, cx8, fxsr, mmx, sse, sse2, sse3, ssse3, sse4.1, sse4.2, popcnt, avx, aes, clmul, erms, ht, tsc, tscinvbit, tscinv

/proc/cpuinfo:
processor	: 0
vendor_id	: GenuineIntel
cpu family	: 6
model		: 58
model name	: Intel(R) Core(TM) i7-3610QM CPU @ 2.30GHz
stepping	: 9
microcode	: 0x12
cpu MHz		: 2294.783
cache size	: 6144 KB
physical id	: 0
siblings	: 8
core id		: 0
cpu cores	: 4
apicid		: 0
initial apicid	: 0
fpu		: yes
fpu_exception	: yes
cpuid level	: 13
wp		: yes
flags		: fpu vme de pse tsc msr pae mce cx8 apic sep mtrr pge mca cmov pat pse36 clflush dts acpi mmx fxsr sse sse2 ss ht tm pbe syscall nx rdtscp lm constant_tsc arch_perfmon pebs bts rep_good nopl xtopology nonstop_tsc cpuid aperfmperf pni pclmulqdq dtes64 monitor ds_cpl vmx est tm2 ssse3 cx16 xtpr pdcm pcid sse4_1 sse4_2 x2apic popcnt tsc_deadline_timer aes xsave avx f16c rdrand lahf_lm cpuid_fault epb pti retpoline tpr_shadow vnmi flexpriority ept vpid fsgsbase smep erms xsaveopt dtherm ida arat pln pts
bugs		: cpu_meltdown spectre_v1 spectre_v2
bogomips	: 4589.56
clflush size	: 64
cache_alignment	: 64
address sizes	: 36 bits physical, 48 bits virtual
power management:

processor	: 1
vendor_id	: GenuineIntel
cpu family	: 6
model		: 58
model name	: Intel(R) Core(TM) i7-3610QM CPU @ 2.30GHz
stepping	: 9
microcode	: 0x12
cpu MHz		: 2294.783
cache size	: 6144 KB
physical id	: 0
siblings	: 8
core id		: 1
cpu cores	: 4
apicid		: 2
initial apicid	: 2
fpu		: yes
fpu_exception	: yes
cpuid level	: 13
wp		: yes
flags		: fpu vme de pse tsc msr pae mce cx8 apic sep mtrr pge mca cmov pat pse36 clflush dts acpi mmx fxsr sse sse2 ss ht tm pbe syscall nx rdtscp lm constant_tsc arch_perfmon pebs bts rep_good nopl xtopology nonstop_tsc cpuid aperfmperf pni pclmulqdq dtes64 monitor ds_cpl vmx est tm2 ssse3 cx16 xtpr pdcm pcid sse4_1 sse4_2 x2apic popcnt tsc_deadline_timer aes xsave avx f16c rdrand lahf_lm cpuid_fault epb pti retpoline tpr_shadow vnmi flexpriority ept vpid fsgsbase smep erms xsaveopt dtherm ida arat pln pts
bugs		: cpu_meltdown spectre_v1 spectre_v2
bogomips	: 4589.56
clflush size	: 64
cache_alignment	: 64
address sizes	: 36 bits physical, 48 bits virtual
power management:

processor	: 2
vendor_id	: GenuineIntel
cpu family	: 6
model		: 58
model name	: Intel(R) Core(TM) i7-3610QM CPU @ 2.30GHz
stepping	: 9
microcode	: 0x12
cpu MHz		: 2294.783
cache size	: 6144 KB
physical id	: 0
siblings	: 8
core id		: 2
cpu cores	: 4
apicid		: 4
initial apicid	: 4
fpu		: yes
fpu_exception	: yes
cpuid level	: 13
wp		: yes
flags		: fpu vme de pse tsc msr pae mce cx8 apic sep mtrr pge mca cmov pat pse36 clflush dts acpi mmx fxsr sse sse2 ss ht tm pbe syscall nx rdtscp lm constant_tsc arch_perfmon pebs bts rep_good nopl xtopology nonstop_tsc cpuid aperfmperf pni pclmulqdq dtes64 monitor ds_cpl vmx est tm2 ssse3 cx16 xtpr pdcm pcid sse4_1 sse4_2 x2apic popcnt tsc_deadline_timer aes xsave avx f16c rdrand lahf_lm cpuid_fault epb pti retpoline tpr_shadow vnmi flexpriority ept vpid fsgsbase smep erms xsaveopt dtherm ida arat pln pts
bugs		: cpu_meltdown spectre_v1 spectre_v2
bogomips	: 4589.56
clflush size	: 64
cache_alignment	: 64
address sizes	: 36 bits physical, 48 bits virtual
power management:

processor	: 3
vendor_id	: GenuineIntel
cpu family	: 6
model		: 58
model name	: Intel(R) Core(TM) i7-3610QM CPU @ 2.30GHz
stepping	: 9
microcode	: 0x12
cpu MHz		: 2294.783
cache size	: 6144 KB
physical id	: 0
siblings	: 8
core id		: 3
cpu cores	: 4
apicid		: 6
initial apicid	: 6
fpu		: yes
fpu_exception	: yes
cpuid level	: 13
wp		: yes
flags		: fpu vme de pse tsc msr pae mce cx8 apic sep mtrr pge mca cmov pat pse36 clflush dts acpi mmx fxsr sse sse2 ss ht tm pbe syscall nx rdtscp lm constant_tsc arch_perfmon pebs bts rep_good nopl xtopology nonstop_tsc cpuid aperfmperf pni pclmulqdq dtes64 monitor ds_cpl vmx est tm2 ssse3 cx16 xtpr pdcm pcid sse4_1 sse4_2 x2apic popcnt tsc_deadline_timer aes xsave avx f16c rdrand lahf_lm cpuid_fault epb pti retpoline tpr_shadow vnmi flexpriority ept vpid fsgsbase smep erms xsaveopt dtherm ida arat pln pts
bugs		: cpu_meltdown spectre_v1 spectre_v2
bogomips	: 4589.56
clflush size	: 64
cache_alignment	: 64
address sizes	: 36 bits physical, 48 bits virtual
power management:

processor	: 4
vendor_id	: GenuineIntel
cpu family	: 6
model		: 58
model name	: Intel(R) Core(TM) i7-3610QM CPU @ 2.30GHz
stepping	: 9
microcode	: 0x12
cpu MHz		: 2294.783
cache size	: 6144 KB
physical id	: 0
siblings	: 8
core id		: 0
cpu cores	: 4
apicid		: 1
initial apicid	: 1
fpu		: yes
fpu_exception	: yes
cpuid level	: 13
wp		: yes
flags		: fpu vme de pse tsc msr pae mce cx8 apic sep mtrr pge mca cmov pat pse36 clflush dts acpi mmx fxsr sse sse2 ss ht tm pbe syscall nx rdtscp lm constant_tsc arch_perfmon pebs bts rep_good nopl xtopology nonstop_tsc cpuid aperfmperf pni pclmulqdq dtes64 monitor ds_cpl vmx est tm2 ssse3 cx16 xtpr pdcm pcid sse4_1 sse4_2 x2apic popcnt tsc_deadline_timer aes xsave avx f16c rdrand lahf_lm cpuid_fault epb pti retpoline tpr_shadow vnmi flexpriority ept vpid fsgsbase smep erms xsaveopt dtherm ida arat pln pts
bugs		: cpu_meltdown spectre_v1 spectre_v2
bogomips	: 4589.56
clflush size	: 64
cache_alignment	: 64
address sizes	: 36 bits physical, 48 bits virtual
power management:

processor	: 5
vendor_id	: GenuineIntel
cpu family	: 6
model		: 58
model name	: Intel(R) Core(TM) i7-3610QM CPU @ 2.30GHz
stepping	: 9
microcode	: 0x12
cpu MHz		: 2294.783
cache size	: 6144 KB
physical id	: 0
siblings	: 8
core id		: 1
cpu cores	: 4
apicid		: 3
initial apicid	: 3
fpu		: yes
fpu_exception	: yes
cpuid level	: 13
wp		: yes
flags		: fpu vme de pse tsc msr pae mce cx8 apic sep mtrr pge mca cmov pat pse36 clflush dts acpi mmx fxsr sse sse2 ss ht tm pbe syscall nx rdtscp lm constant_tsc arch_perfmon pebs bts rep_good nopl xtopology nonstop_tsc cpuid aperfmperf pni pclmulqdq dtes64 monitor ds_cpl vmx est tm2 ssse3 cx16 xtpr pdcm pcid sse4_1 sse4_2 x2apic popcnt tsc_deadline_timer aes xsave avx f16c rdrand lahf_lm cpuid_fault epb pti retpoline tpr_shadow vnmi flexpriority ept vpid fsgsbase smep erms xsaveopt dtherm ida arat pln pts
bugs		: cpu_meltdown spectre_v1 spectre_v2
bogomips	: 4589.56
clflush size	: 64
cache_alignment	: 64
address sizes	: 36 bits physical, 48 bits virtual
power management:

processor	: 6
vendor_id	: GenuineIntel
cpu family	: 6
model		: 58
model name	: Intel(R) Core(TM) i7-3610QM CPU @ 2.30GHz
stepping	: 9
microcode	: 0x12
cpu MHz		: 2294.783
cache size	: 6144 KB
physical id	: 0
siblings	: 8
core id		: 2
cpu cores	: 4
apicid		: 5
initial apicid	: 5
fpu		: yes
fpu_exception	: yes
cpuid level	: 13
wp		: yes
flags		: fpu vme de pse tsc msr pae mce cx8 apic sep mtrr pge mca cmov pat pse36 clflush dts acpi mmx fxsr sse sse2 ss ht tm pbe syscall nx rdtscp lm constant_tsc arch_perfmon pebs bts rep_good nopl xtopology nonstop_tsc cpuid aperfmperf pni pclmulqdq dtes64 monitor ds_cpl vmx est tm2 ssse3 cx16 xtpr pdcm pcid sse4_1 sse4_2 x2apic popcnt tsc_deadline_timer aes xsave avx f16c rdrand lahf_lm cpuid_fault epb pti retpoline tpr_shadow vnmi flexpriority ept vpid fsgsbase smep erms xsaveopt dtherm ida arat pln pts
bugs		: cpu_meltdown spectre_v1 spectre_v2
bogomips	: 4589.56
clflush size	: 64
cache_alignment	: 64
address sizes	: 36 bits physical, 48 bits virtual
power management:

processor	: 7
vendor_id	: GenuineIntel
cpu family	: 6
model		: 58
model name	: Intel(R) Core(TM) i7-3610QM CPU @ 2.30GHz
stepping	: 9
microcode	: 0x12
cpu MHz		: 2294.783
cache size	: 6144 KB
physical id	: 0
siblings	: 8
core id		: 3
cpu cores	: 4
apicid		: 7
initial apicid	: 7
fpu		: yes
fpu_exception	: yes
cpuid level	: 13
wp		: yes
flags		: fpu vme de pse tsc msr pae mce cx8 apic sep mtrr pge mca cmov pat pse36 clflush dts acpi mmx fxsr sse sse2 ss ht tm pbe syscall nx rdtscp lm constant_tsc arch_perfmon pebs bts rep_good nopl xtopology nonstop_tsc cpuid aperfmperf pni pclmulqdq dtes64 monitor ds_cpl vmx est tm2 ssse3 cx16 xtpr pdcm pcid sse4_1 sse4_2 x2apic popcnt tsc_deadline_timer aes xsave avx f16c rdrand lahf_lm cpuid_fault epb pti retpoline tpr_shadow vnmi flexpriority ept vpid fsgsbase smep erms xsaveopt dtherm ida arat pln pts
bugs		: cpu_meltdown spectre_v1 spectre_v2
bogomips	: 4589.56
clflush size	: 64
cache_alignment	: 64
address sizes	: 36 bits physical, 48 bits virtual
power management:



Memory: 4k page, physical 5536240k(108824k free), swap 2097148k(0k free)

vm_info: Java HotSpot(TM) 64-Bit Server VM (25.161-b12) for linux-amd64 JRE (1.8.0_161-b12), built on Dec 19 2017 16:12:43 by "java_re" with gcc 4.3.0 20080428 (Red Hat 4.3.0-8)

time: Sun Feb 25 20:44:21 2018
elapsed time: 18 seconds (0d 0h 0m 18s)

