#
# There is insufficient memory for the Java Runtime Environment to continue.
# Native memory allocation (mmap) failed to map 199229440 bytes for committing reserved memory.
# Possible reasons:
#   The system is out of physical RAM or swap space
#   In 32 bit mode, the process size limit was hit
# Possible solutions:
#   Reduce memory load on the system
#   Increase physical memory or swap space
#   Check if swap backing store is full
#   Use 64 bit Java on a 64 bit OS
#   Decrease Java heap size (-Xmx/-Xms)
#   Decrease number of Java threads
#   Decrease Java thread stack sizes (-Xss)
#   Set larger code cache with -XX:ReservedCodeCacheSize=
# This output file may be truncated or incomplete.
#
#  Out of Memory Error (os_linux.cpp:2627), pid=19751, tid=140594934253312
#
# JRE version: Java(TM) SE Runtime Environment (8.0_65-b17) (build 1.8.0_65-b17)
# Java VM: Java HotSpot(TM) 64-Bit Server VM (25.65-b01 mixed mode linux-amd64 compressed oops)
# Failed to write core dump. Core dumps have been disabled. To enable core dumping, try "ulimit -c unlimited" before starting Java again
#

---------------  T H R E A D  ---------------

Current thread (0x00007fdef4080000):  VMThread [stack: 0x00007fdecf0d0000,0x00007fdecf1d1000] [id=19765]

Stack: [0x00007fdecf0d0000,0x00007fdecf1d1000],  sp=0x00007fdecf1cf020,  free space=1020k
Native frames: (J=compiled Java code, j=interpreted, Vv=VM code, C=native code)
V  [libjvm.so+0xab97ea]  VMError::report_and_die()+0x2ba
V  [libjvm.so+0x4f9dcb]  report_vm_out_of_memory(char const*, int, unsigned long, VMErrorType, char const*)+0x8b
V  [libjvm.so+0x91a7c3]  os::Linux::commit_memory_impl(char*, unsigned long, bool)+0x103
V  [libjvm.so+0x91ad19]  os::pd_commit_memory(char*, unsigned long, unsigned long, bool)+0x29
V  [libjvm.so+0x91502a]  os::commit_memory(char*, unsigned long, unsigned long, bool)+0x2a
V  [libjvm.so+0x9886d3]  PSVirtualSpace::expand_by(unsigned long)+0x53
V  [libjvm.so+0x978fc0]  PSOldGen::expand(unsigned long)+0x170
V  [libjvm.so+0x9791cb]  PSOldGen::resize(unsigned long)+0x1cb
V  [libjvm.so+0x980ea1]  PSParallelCompact::invoke_no_policy(bool)+0x991
V  [libjvm.so+0x9867fd]  PSScavenge::invoke()+0x1ad
V  [libjvm.so+0x93e430]  ParallelScavengeHeap::failed_mem_allocate(unsigned long)+0x70
V  [libjvm.so+0xabb207]  VM_ParallelGCFailedAllocation::doit()+0x97
V  [libjvm.so+0xac2c35]  VM_Operation::evaluate()+0x55
V  [libjvm.so+0xac100a]  VMThread::evaluate_operation(VM_Operation*)+0xba
V  [libjvm.so+0xac138e]  VMThread::loop()+0x1ce
V  [libjvm.so+0xac1800]  VMThread::run()+0x70
V  [libjvm.so+0x91cb88]  java_start(Thread*)+0x108

VM_Operation (0x00007fdece205db0): ParallelGCFailedAllocation, mode: safepoint, requested by thread 0x00007fdef41af000


---------------  P R O C E S S  ---------------

Java Threads: ( => current thread )
  0x00007fdef41a7800 JavaThread "pool-2-thread-4" [_thread_blocked, id=19779, stack(0x00007fdecdd03000,0x00007fdecde04000)]
  0x00007fdef41be800 JavaThread "pool-2-thread-3" [_thread_blocked, id=19778, stack(0x00007fdecde04000,0x00007fdecdf05000)]
  0x00007fdef41b2800 JavaThread "pool-2-thread-2" [_thread_blocked, id=19777, stack(0x00007fdecdf05000,0x00007fdece006000)]
  0x00007fdef41b1000 JavaThread "pool-3-thread-1" [_thread_blocked, id=19776, stack(0x00007fdece006000,0x00007fdece107000)]
  0x00007fdef41af000 JavaThread "pool-2-thread-1" [_thread_blocked, id=19775, stack(0x00007fdece107000,0x00007fdece208000)]
  0x00007fdef40d2800 JavaThread "Service Thread" daemon [_thread_blocked, id=19773, stack(0x00007fdece37b000,0x00007fdece47c000)]
  0x00007fdef40c5800 JavaThread "C1 CompilerThread3" daemon [_thread_blocked, id=19772, stack(0x00007fdece47c000,0x00007fdece57d000)]
  0x00007fdef40c3000 JavaThread "C2 CompilerThread2" daemon [_thread_blocked, id=19771, stack(0x00007fdece57d000,0x00007fdece67e000)]
  0x00007fdef40c1800 JavaThread "C2 CompilerThread1" daemon [_thread_blocked, id=19770, stack(0x00007fdece67e000,0x00007fdece77f000)]
  0x00007fdef40be800 JavaThread "C2 CompilerThread0" daemon [_thread_blocked, id=19769, stack(0x00007fdece77f000,0x00007fdece880000)]
  0x00007fdef40bd000 JavaThread "Signal Dispatcher" daemon [_thread_blocked, id=19768, stack(0x00007fdece880000,0x00007fdece981000)]
  0x00007fdef4087000 JavaThread "Finalizer" daemon [_thread_blocked, id=19767, stack(0x00007fdeceece000,0x00007fdecefcf000)]
  0x00007fdef4085000 JavaThread "Reference Handler" daemon [_thread_blocked, id=19766, stack(0x00007fdecefcf000,0x00007fdecf0d0000)]
  0x00007fdef400a000 JavaThread "main" [_thread_blocked, id=19756, stack(0x00007fdefd858000,0x00007fdefd959000)]

Other Threads:
=>0x00007fdef4080000 VMThread [stack: 0x00007fdecf0d0000,0x00007fdecf1d1000] [id=19765]
  0x00007fdef40d5800 WatcherThread [stack: 0x00007fdece27a000,0x00007fdece37b000] [id=19774]

VM state:at safepoint (normal execution)

VM Mutex/Monitor currently owned by a thread:  ([mutex/lock_event])
[0x00007fdef4005ea0] ExpandHeap_lock - owner thread: 0x00007fdef4080000
[0x00007fdef4006520] Threads_lock - owner thread: 0x00007fdef4080000
[0x00007fdef4006a20] Heap_lock - owner thread: 0x00007fdef41af000

Heap:
 PSYoungGen      total 614400K, used 89211K [0x000000076ab00000, 0x00000007a0280000, 0x00000007c0000000)
  eden space 519168K, 0% used [0x000000076ab00000,0x000000076ab00000,0x000000078a600000)
  from space 95232K, 93% used [0x0000000794180000,0x000000079989ecd8,0x0000000799e80000)
  to   space 159232K, 0% used [0x000000078a600000,0x000000078a600000,0x0000000794180000)
 ParOldGen       total 330752K, used 330283K [0x00000006c0000000, 0x00000006d4300000, 0x000000076ab00000)
  object space 330752K, 99% used [0x00000006c0000000,0x00000006d428ac20,0x00000006d4300000)
 Metaspace       used 6456K, capacity 7192K, committed 7424K, reserved 1056768K
  class space    used 604K, capacity 656K, committed 768K, reserved 1048576K

Card table byte_map: [0x00007fdef9e1d000,0x00007fdefa61e000] byte_map_base: 0x00007fdef681d000

Marking Bits: (ParMarkBitMap*) 0x00007fdefcd33de0
 Begin Bits: [0x00007fdeb4000000, 0x00007fdeb8000000)
 End Bits:   [0x00007fdeb8000000, 0x00007fdebc000000)

Polling page: 0x00007fdefd981000

CodeCache: size=245760Kb used=11927Kb max_used=11943Kb free=233832Kb
 bounds [0x00007fdee5000000, 0x00007fdee5bc0000, 0x00007fdef4000000]
 total_blobs=2685 nmethods=2418 adapters=180
 compilation: enabled

Compilation events (10 events):
Event: 7,979 Thread 0x00007fdef40c3000 nmethod 1304% 0x00007fdee5baba90 code [0x00007fdee5babd40, 0x00007fdee5badfa8]
Event: 7,979 Thread 0x00007fdef40c3000 1302 %     4       com.android.dx.ssa.DeadCodeRemover::run @ 109 (194 bytes)
Event: 8,081 Thread 0x00007fdef40c5800 2485       3       com.android.dx.util.ListIntSet::<init> (23 bytes)
Event: 8,082 Thread 0x00007fdef40c5800 nmethod 2485 0x00007fdee5b91010 code [0x00007fdee5b911e0, 0x00007fdee5b918d8]
Event: 8,085 Thread 0x00007fdef40c1800 nmethod 1184% 0x00007fdee5bafad0 code [0x00007fdee5bafde0, 0x00007fdee5bb1d68]
Event: 8,085 Thread 0x00007fdef40c1800 2486       4       com.android.dx.ssa.DomFront::run (264 bytes)
Event: 8,098 Thread 0x00007fdef40c5800 2489       3       com.android.dx.util.ListIntSet::iterator (9 bytes)
Event: 8,098 Thread 0x00007fdef40c5800 nmethod 2489 0x00007fdee5b90b10 code [0x00007fdee5b90c80, 0x00007fdee5b90ef0]
Event: 8,098 Thread 0x00007fdef40c5800 2490       3       com.android.dx.util.ListIntSet$1::hasNext (23 bytes)
Event: 8,098 Thread 0x00007fdef40c5800 nmethod 2490 0x00007fdee5b90650 code [0x00007fdee5b907c0, 0x00007fdee5b90a30]

GC Heap History (10 events):
Event: 4,618 GC heap after
Heap after GC invocations=11 (full 1):
 PSYoungGen      total 524288K, used 62442K [0x000000076ab00000, 0x0000000793680000, 0x00000007c0000000)
  eden space 461824K, 0% used [0x000000076ab00000,0x000000076ab00000,0x0000000786e00000)
  from space 62464K, 99% used [0x000000078c380000,0x000000079007a820,0x0000000790080000)
  to   space 87552K, 0% used [0x0000000786e00000,0x0000000786e00000,0x000000078c380000)
 ParOldGen       total 117760K, used 113550K [0x00000006c0000000, 0x00000006c7300000, 0x000000076ab00000)
  object space 117760K, 96% used [0x00000006c0000000,0x00000006c6ee3948,0x00000006c7300000)
 Metaspace       used 6432K, capacity 7192K, committed 7424K, reserved 1056768K
  class space    used 603K, capacity 656K, committed 768K, reserved 1048576K
}
Event: 4,619 GC heap before
{Heap before GC invocations=12 (full 2):
 PSYoungGen      total 524288K, used 62442K [0x000000076ab00000, 0x0000000793680000, 0x00000007c0000000)
  eden space 461824K, 0% used [0x000000076ab00000,0x000000076ab00000,0x0000000786e00000)
  from space 62464K, 99% used [0x000000078c380000,0x000000079007a820,0x0000000790080000)
  to   space 87552K, 0% used [0x0000000786e00000,0x0000000786e00000,0x000000078c380000)
 ParOldGen       total 117760K, used 113550K [0x00000006c0000000, 0x00000006c7300000, 0x000000076ab00000)
  object space 117760K, 96% used [0x00000006c0000000,0x00000006c6ee3948,0x00000006c7300000)
 Metaspace       used 6432K, capacity 7192K, committed 7424K, reserved 1056768K
  class space    used 603K, capacity 656K, committed 768K, reserved 1048576K
Event: 5,135 GC heap after
Heap after GC invocations=12 (full 2):
 PSYoungGen      total 524288K, used 54048K [0x000000076ab00000, 0x0000000793680000, 0x00000007c0000000)
  eden space 461824K, 0% used [0x000000076ab00000,0x000000076ab00000,0x0000000786e00000)
  from space 62464K, 86% used [0x000000078c380000,0x000000078f8480a8,0x0000000790080000)
  to   space 87552K, 0% used [0x0000000786e00000,0x0000000786e00000,0x000000078c380000)
 ParOldGen       total 202752K, used 117305K [0x00000006c0000000, 0x00000006cc600000, 0x000000076ab00000)
  object space 202752K, 57% used [0x00000006c0000000,0x00000006c728e520,0x00000006cc600000)
 Metaspace       used 6432K, capacity 7192K, committed 7424K, reserved 1056768K
  class space    used 603K, capacity 656K, committed 768K, reserved 1048576K
}
Event: 6,064 GC heap before
{Heap before GC invocations=13 (full 2):
 PSYoungGen      total 524288K, used 515872K [0x000000076ab00000, 0x0000000793680000, 0x00000007c0000000)
  eden space 461824K, 100% used [0x000000076ab00000,0x0000000786e00000,0x0000000786e00000)
  from space 62464K, 86% used [0x000000078c380000,0x000000078f8480a8,0x0000000790080000)
  to   space 87552K, 0% used [0x0000000786e00000,0x0000000786e00000,0x000000078c380000)
 ParOldGen       total 202752K, used 117305K [0x00000006c0000000, 0x00000006cc600000, 0x000000076ab00000)
  object space 202752K, 57% used [0x00000006c0000000,0x00000006c728e520,0x00000006cc600000)
 Metaspace       used 6446K, capacity 7192K, committed 7424K, reserved 1056768K
  class space    used 603K, capacity 656K, committed 768K, reserved 1048576K
Event: 6,274 GC heap after
Heap after GC invocations=13 (full 2):
 PSYoungGen      total 549376K, used 66564K [0x000000076ab00000, 0x0000000799e80000, 0x00000007c0000000)
  eden space 461824K, 0% used [0x000000076ab00000,0x000000076ab00000,0x0000000786e00000)
  from space 87552K, 76% used [0x0000000786e00000,0x000000078af01050,0x000000078c380000)
  to   space 95232K, 0% used [0x0000000794180000,0x0000000794180000,0x0000000799e80000)
 ParOldGen       total 202752K, used 171801K [0x00000006c0000000, 0x00000006cc600000, 0x000000076ab00000)
  object space 202752K, 84% used [0x00000006c0000000,0x00000006ca7c67a0,0x00000006cc600000)
 Metaspace       used 6446K, capacity 7192K, committed 7424K, reserved 1056768K
  class space    used 603K, capacity 656K, committed 768K, reserved 1048576K
}
Event: 6,274 GC heap before
{Heap before GC invocations=14 (full 3):
 PSYoungGen      total 549376K, used 66564K [0x000000076ab00000, 0x0000000799e80000, 0x00000007c0000000)
  eden space 461824K, 0% used [0x000000076ab00000,0x000000076ab00000,0x0000000786e00000)
  from space 87552K, 76% used [0x0000000786e00000,0x000000078af01050,0x000000078c380000)
  to   space 95232K, 0% used [0x0000000794180000,0x0000000794180000,0x0000000799e80000)
 ParOldGen       total 202752K, used 171801K [0x00000006c0000000, 0x00000006cc600000, 0x000000076ab00000)
  object space 202752K, 84% used [0x00000006c0000000,0x00000006ca7c67a0,0x00000006cc600000)
 Metaspace       used 6446K, capacity 7192K, committed 7424K, reserved 1056768K
  class space    used 603K, capacity 656K, committed 768K, reserved 1048576K
Event: 7,243 GC heap after
Heap after GC invocations=14 (full 3):
 PSYoungGen      total 549376K, used 33466K [0x000000076ab00000, 0x0000000799e80000, 0x00000007c0000000)
  eden space 461824K, 0% used [0x000000076ab00000,0x000000076ab00000,0x0000000786e00000)
  from space 87552K, 38% used [0x0000000786e00000,0x0000000788eae9e0,0x000000078c380000)
  to   space 95232K, 0% used [0x0000000794180000,0x0000000794180000,0x0000000799e80000)
 ParOldGen       total 325120K, used 202353K [0x00000006c0000000, 0x00000006d3d80000, 0x000000076ab00000)
  object space 325120K, 62% used [0x00000006c0000000,0x00000006cc59c5a8,0x00000006d3d80000)
 Metaspace       used 6446K, capacity 7192K, committed 7424K, reserved 1056768K
  class space    used 603K, capacity 656K, committed 768K, reserved 1048576K
}
Event: 8,103 GC heap before
{Heap before GC invocations=15 (full 3):
 PSYoungGen      total 549376K, used 495290K [0x000000076ab00000, 0x0000000799e80000, 0x00000007c0000000)
  eden space 461824K, 100% used [0x000000076ab00000,0x0000000786e00000,0x0000000786e00000)
  from space 87552K, 38% used [0x0000000786e00000,0x0000000788eae9e0,0x000000078c380000)
  to   space 95232K, 0% used [0x0000000794180000,0x0000000794180000,0x0000000799e80000)
 ParOldGen       total 325120K, used 202353K [0x00000006c0000000, 0x00000006d3d80000, 0x000000076ab00000)
  object space 325120K, 62% used [0x00000006c0000000,0x00000006cc59c5a8,0x00000006d3d80000)
 Metaspace       used 6456K, capacity 7192K, committed 7424K, reserved 1056768K
  class space    used 604K, capacity 656K, committed 768K, reserved 1048576K
Event: 8,485 GC heap after
Heap after GC invocations=15 (full 3):
 PSYoungGen      total 614400K, used 95217K [0x000000076ab00000, 0x00000007a0280000, 0x00000007c0000000)
  eden space 519168K, 0% used [0x000000076ab00000,0x000000076ab00000,0x000000078a600000)
  from space 95232K, 99% used [0x0000000794180000,0x0000000799e7c678,0x0000000799e80000)
  to   space 159232K, 0% used [0x000000078a600000,0x000000078a600000,0x0000000794180000)
 ParOldGen       total 330752K, used 330247K [0x00000006c0000000, 0x00000006d4300000, 0x000000076ab00000)
  object space 330752K, 99% used [0x00000006c0000000,0x00000006d4281c10,0x00000006d4300000)
 Metaspace       used 6456K, capacity 7192K, committed 7424K, reserved 1056768K
  class space    used 604K, capacity 656K, committed 768K, reserved 1048576K
}
Event: 8,491 GC heap before
{Heap before GC invocations=16 (full 4):
 PSYoungGen      total 614400K, used 95217K [0x000000076ab00000, 0x00000007a0280000, 0x00000007c0000000)
  eden space 519168K, 0% used [0x000000076ab00000,0x000000076ab00000,0x000000078a600000)
  from space 95232K, 99% used [0x0000000794180000,0x0000000799e7c678,0x0000000799e80000)
  to   space 159232K, 0% used [0x000000078a600000,0x000000078a600000,0x0000000794180000)
 ParOldGen       total 330752K, used 330247K [0x00000006c0000000, 0x00000006d4300000, 0x000000076ab00000)
  object space 330752K, 99% used [0x00000006c0000000,0x00000006d4281c10,0x00000006d4300000)
 Metaspace       used 6456K, capacity 7192K, committed 7424K, reserved 1056768K
  class space    used 604K, capacity 656K, committed 768K, reserved 1048576K

Deoptimization events (10 events):
Event: 3,278 Thread 0x00007fdef41a7800 Uncommon trap: reason=unstable_if action=reinterpret pc=0x00007fdee5753f40 method=java.util.HashMap.putVal(ILjava/lang/Object;Ljava/lang/Object;ZZ)Ljava/lang/Object; @ 109
Event: 3,857 Thread 0x00007fdef41a7800 Uncommon trap: reason=unstable_if action=reinterpret pc=0x00007fdee56c7480 method=java.util.HashMap.putVal(ILjava/lang/Object;Ljava/lang/Object;ZZ)Ljava/lang/Object; @ 109
Event: 4,252 Thread 0x00007fdef41af000 Uncommon trap: reason=unstable_if action=reinterpret pc=0x00007fdee54465a8 method=com.android.dx.ssa.SCCP.simulateStmt(Lcom/android/dx/ssa/SsaInsn;)V @ 435
Event: 5,215 Thread 0x00007fdef41b2800 Uncommon trap: reason=class_check action=maybe_recompile pc=0x00007fdee5a07e50 method=com.android.dx.ssa.SCCP.replaceConstants()V @ 127
Event: 5,267 Thread 0x00007fdef400a000 Uncommon trap: reason=unstable_if action=reinterpret pc=0x00007fdee5a28874 method=com.android.dx.cf.code.Ropper.processBlock(Lcom/android/dx/cf/code/ByteBlock;Lcom/android/dx/cf/code/Frame;[I)V @ 651
Event: 5,296 Thread 0x00007fdef41a7800 Uncommon trap: reason=class_check action=maybe_recompile pc=0x00007fdee5a07e50 method=com.android.dx.ssa.SCCP.replaceConstants()V @ 127
Event: 5,860 Thread 0x00007fdef41af000 Uncommon trap: reason=unstable_if action=reinterpret pc=0x00007fdee5a5086c method=com.android.dx.rop.code.BasicBlockList.preferredSuccessorOf(Lcom/android/dx/rop/code/BasicBlock;)Lcom/android/dx/rop/code/BasicBlock; @ 58
Event: 7,452 Thread 0x00007fdef41a7800 Uncommon trap: reason=unstable_if action=reinterpret pc=0x00007fdee593a370 method=com.android.dx.cf.code.Merger.mergeType(Lcom/android/dx/rop/type/TypeBearer;Lcom/android/dx/rop/type/TypeBearer;)Lcom/android/dx/rop/type/TypeBearer; @ 77
Event: 8,066 Thread 0x00007fdef400a000 Uncommon trap: reason=predicate action=maybe_recompile pc=0x00007fdee5a82a98 method=com.android.dx.ssa.DomFront.run()[Lcom/android/dx/ssa/DomFront$DomInfo; @ 175
Event: 8,097 Thread 0x00007fdef400a000 Uncommon trap: reason=class_check action=maybe_recompile pc=0x00007fdee587c6ec method=com.android.dx.ssa.SsaConverter.placePhiFunctions(Lcom/android/dx/ssa/SsaMethod;Lcom/android/dx/ssa/LocalVariableInfo;I)V @ 257

Internal exceptions (5 events):
Event: 0,022 Thread 0x00007fdef400a000 Exception <a 'java/lang/NoSuchMethodError': Method sun.misc.Unsafe.defineClass(Ljava/lang/String;[BII)Ljava/lang/Class; name or signature does not match> (0x000000076ab12a58) thrown at [/HUDSON/workspace/8-2-build-linux-amd64/jdk8u65/4987/hotspot/src/shar
Event: 0,022 Thread 0x00007fdef400a000 Exception <a 'java/lang/NoSuchMethodError': Method sun.misc.Unsafe.prefetchRead(Ljava/lang/Object;J)V name or signature does not match> (0x000000076ab12d40) thrown at [/HUDSON/workspace/8-2-build-linux-amd64/jdk8u65/4987/hotspot/src/share/vm/prims/jni.cpp
Event: 0,827 Thread 0x00007fdef41b2800 Exception <a 'java/lang/ArrayIndexOutOfBoundsException': 18> (0x000000076c9d0170) thrown at [/HUDSON/workspace/8-2-build-linux-amd64/jdk8u65/4987/hotspot/src/share/vm/interpreter/interpreterRuntime.cpp, line 366]
Event: 0,827 Thread 0x00007fdef41b2800 Exception <a 'java/lang/ArrayIndexOutOfBoundsException': 145> (0x000000076c9d1cf0) thrown at [/HUDSON/workspace/8-2-build-linux-amd64/jdk8u65/4987/hotspot/src/share/vm/interpreter/interpreterRuntime.cpp, line 366]
Event: 0,828 Thread 0x00007fdef41b2800 Exception <a 'java/lang/ArrayIndexOutOfBoundsException': 40> (0x000000076c9d2fd8) thrown at [/HUDSON/workspace/8-2-build-linux-amd64/jdk8u65/4987/hotspot/src/share/vm/interpreter/interpreterRuntime.cpp, line 366]

Events (10 events):
Event: 8,072 loading class com/android/dx/util/ListIntSet
Event: 8,072 loading class com/android/dx/util/ListIntSet done
Event: 8,077 Executing VM operation: Deoptimize
Event: 8,079 Executing VM operation: Deoptimize done
Event: 8,097 Thread 0x00007fdef400a000 Uncommon trap: trap_request=0xffffffde fr.pc=0x00007fdee587c6ec
Event: 8,097 Thread 0x00007fdef400a000 DEOPT PACKING pc=0x00007fdee587c6ec sp=0x00007fdefd9567f0
Event: 8,097 Thread 0x00007fdef400a000 DEOPT UNPACKING pc=0x00007fdee5005229 sp=0x00007fdefd956838 mode 2
Event: 8,097 loading class com/android/dx/util/ListIntSet$1
Event: 8,097 loading class com/android/dx/util/ListIntSet$1 done
Event: 8,103 Executing VM operation: ParallelGCFailedAllocation


Dynamic libraries:
00400000-00401000 r-xp 00000000 08:02 5116217                            /usr/lib/jvm/jdk1.8.0_65/bin/java
00600000-00601000 rw-p 00000000 08:02 5116217                            /usr/lib/jvm/jdk1.8.0_65/bin/java
0124b000-0126c000 rw-p 00000000 00:00 0                                  [heap]
6c0000000-6d4300000 rw-p 00000000 00:00 0 
6e0100000-76ab00000 ---p 00000000 00:00 0 
76ab00000-7a0280000 rw-p 00000000 00:00 0 
7a0280000-7c0000000 ---p 00000000 00:00 0 
7c0000000-7c00c0000 rw-p 00000000 00:00 0 
7c00c0000-800000000 ---p 00000000 00:00 0 
7fde74000000-7fde7402b000 rw-p 00000000 00:00 0 
7fde7402b000-7fde78000000 ---p 00000000 00:00 0 
7fde7c000000-7fde7c021000 rw-p 00000000 00:00 0 
7fde7c021000-7fde80000000 ---p 00000000 00:00 0 
7fde80000000-7fde80021000 rw-p 00000000 00:00 0 
7fde80021000-7fde84000000 ---p 00000000 00:00 0 
7fde84000000-7fde84058000 rw-p 00000000 00:00 0 
7fde84058000-7fde88000000 ---p 00000000 00:00 0 
7fde88000000-7fde88021000 rw-p 00000000 00:00 0 
7fde88021000-7fde8c000000 ---p 00000000 00:00 0 
7fde8c000000-7fde8c021000 rw-p 00000000 00:00 0 
7fde8c021000-7fde90000000 ---p 00000000 00:00 0 
7fde90000000-7fde90021000 rw-p 00000000 00:00 0 
7fde90021000-7fde94000000 ---p 00000000 00:00 0 
7fde94000000-7fde956e0000 rw-p 00000000 00:00 0 
7fde956e0000-7fde98000000 ---p 00000000 00:00 0 
7fde98000000-7fde989a7000 rw-p 00000000 00:00 0 
7fde989a7000-7fde9c000000 ---p 00000000 00:00 0 
7fde9c000000-7fde9d24e000 rw-p 00000000 00:00 0 
7fde9d24e000-7fdea0000000 ---p 00000000 00:00 0 
7fdea0000000-7fdea17bf000 rw-p 00000000 00:00 0 
7fdea17bf000-7fdea4000000 ---p 00000000 00:00 0 
7fdea4000000-7fdea4021000 rw-p 00000000 00:00 0 
7fdea4021000-7fdea8000000 ---p 00000000 00:00 0 
7fdea8000000-7fdea8021000 rw-p 00000000 00:00 0 
7fdea8021000-7fdeac000000 ---p 00000000 00:00 0 
7fdeac000000-7fdeac291000 rw-p 00000000 00:00 0 
7fdeac291000-7fdeb0000000 ---p 00000000 00:00 0 
7fdeb0000000-7fdeb0021000 rw-p 00000000 00:00 0 
7fdeb0021000-7fdeb4000000 ---p 00000000 00:00 0 
7fdeb4000000-7fdebc000000 rw-p 00000000 00:00 0 
7fdebc000000-7fdebc021000 rw-p 00000000 00:00 0 
7fdebc021000-7fdec0000000 ---p 00000000 00:00 0 
7fdec0000000-7fdec0021000 rw-p 00000000 00:00 0 
7fdec0021000-7fdec4000000 ---p 00000000 00:00 0 
7fdec8000000-7fdec8021000 rw-p 00000000 00:00 0 
7fdec8021000-7fdecc000000 ---p 00000000 00:00 0 
7fdecdcde000-7fdecdd03000 r--p 00000000 08:02 6163705                    /usr/share/locale-langpack/es/LC_MESSAGES/libc.mo
7fdecdd03000-7fdecdd06000 ---p 00000000 00:00 0 
7fdecdd06000-7fdecde04000 rw-p 00000000 00:00 0 
7fdecde04000-7fdecde07000 ---p 00000000 00:00 0 
7fdecde07000-7fdecdf05000 rw-p 00000000 00:00 0 
7fdecdf05000-7fdecdf08000 ---p 00000000 00:00 0 
7fdecdf08000-7fdece006000 rw-p 00000000 00:00 0 
7fdece006000-7fdece009000 ---p 00000000 00:00 0 
7fdece009000-7fdece107000 rw-p 00000000 00:00 0 
7fdece107000-7fdece10a000 ---p 00000000 00:00 0 
7fdece10a000-7fdece208000 rw-p 00000000 00:00 0 
7fdece208000-7fdece27a000 r--s 0042e000 08:02 12716638                   /home/alvaro/workspaces/studio/mijuegoteca/app/build/intermediates/transforms/proguard/release/jars/3/1f/main.jar
7fdece27a000-7fdece27b000 ---p 00000000 00:00 0 
7fdece27b000-7fdece37b000 rw-p 00000000 00:00 0 
7fdece37b000-7fdece37e000 ---p 00000000 00:00 0 
7fdece37e000-7fdece47c000 rw-p 00000000 00:00 0 
7fdece47c000-7fdece47f000 ---p 00000000 00:00 0 
7fdece47f000-7fdece57d000 rw-p 00000000 00:00 0 
7fdece57d000-7fdece580000 ---p 00000000 00:00 0 
7fdece580000-7fdece67e000 rw-p 00000000 00:00 0 
7fdece67e000-7fdece681000 ---p 00000000 00:00 0 
7fdece681000-7fdece77f000 rw-p 00000000 00:00 0 
7fdece77f000-7fdece782000 ---p 00000000 00:00 0 
7fdece782000-7fdece880000 rw-p 00000000 00:00 0 
7fdece880000-7fdece883000 ---p 00000000 00:00 0 
7fdece883000-7fdece981000 rw-p 00000000 00:00 0 
7fdece981000-7fdeceece000 r--p 00000000 08:02 4720032                    /usr/lib/locale/locale-archive
7fdeceece000-7fdeceed1000 ---p 00000000 00:00 0 
7fdeceed1000-7fdecefcf000 rw-p 00000000 00:00 0 
7fdecefcf000-7fdecefd2000 ---p 00000000 00:00 0 
7fdecefd2000-7fdecf0d0000 rw-p 00000000 00:00 0 
7fdecf0d0000-7fdecf0d1000 ---p 00000000 00:00 0 
7fdecf0d1000-7fded0000000 rw-p 00000000 00:00 0 
7fded0000000-7fded0021000 rw-p 00000000 00:00 0 
7fded0021000-7fded4000000 ---p 00000000 00:00 0 
7fded4000000-7fded4021000 rw-p 00000000 00:00 0 
7fded4021000-7fded8000000 ---p 00000000 00:00 0 
7fded8000000-7fded8021000 rw-p 00000000 00:00 0 
7fded8021000-7fdedc000000 ---p 00000000 00:00 0 
7fdedc000000-7fdedc021000 rw-p 00000000 00:00 0 
7fdedc021000-7fdee0000000 ---p 00000000 00:00 0 
7fdee0000000-7fdee0021000 rw-p 00000000 00:00 0 
7fdee0021000-7fdee4000000 ---p 00000000 00:00 0 
7fdee4006000-7fdee4e28000 rw-p 00000000 00:00 0 
7fdee4e28000-7fdee5000000 r--s 03d20000 08:02 4996393                    /usr/lib/jvm/jdk1.8.0_65/jre/lib/rt.jar
7fdee5000000-7fdee5bc0000 rwxp 00000000 00:00 0 
7fdee5bc0000-7fdef4000000 ---p 00000000 00:00 0 
7fdef4000000-7fdef43a7000 rw-p 00000000 00:00 0 
7fdef43a7000-7fdef8000000 ---p 00000000 00:00 0 
7fdef8007000-7fdef873f000 rw-p 00000000 00:00 0 
7fdef873f000-7fdef88bf000 ---p 00000000 00:00 0 
7fdef88bf000-7fdef90bf000 rw-p 00000000 00:00 0 
7fdef90bf000-7fdef90c0000 ---p 00000000 00:00 0 
7fdef90c0000-7fdef91c0000 rw-p 00000000 00:00 0 
7fdef91c0000-7fdef91c1000 ---p 00000000 00:00 0 
7fdef91c1000-7fdef92c1000 rw-p 00000000 00:00 0 
7fdef92c1000-7fdef92c2000 ---p 00000000 00:00 0 
7fdef92c2000-7fdef93c2000 rw-p 00000000 00:00 0 
7fdef93c2000-7fdef93c3000 ---p 00000000 00:00 0 
7fdef93c3000-7fdef94c3000 rw-p 00000000 00:00 0 
7fdef94c3000-7fdef94c4000 ---p 00000000 00:00 0 
7fdef94c4000-7fdef95c4000 rw-p 00000000 00:00 0 
7fdef95c4000-7fdef95c5000 ---p 00000000 00:00 0 
7fdef95c5000-7fdef96c5000 rw-p 00000000 00:00 0 
7fdef96c5000-7fdef96c6000 ---p 00000000 00:00 0 
7fdef96c6000-7fdef97c6000 rw-p 00000000 00:00 0 
7fdef97c6000-7fdef97c7000 ---p 00000000 00:00 0 
7fdef97c7000-7fdef9969000 rw-p 00000000 00:00 0 
7fdef9969000-7fdef9e1d000 ---p 00000000 00:00 0 
7fdef9e1d000-7fdef9ebf000 rw-p 00000000 00:00 0 
7fdef9ebf000-7fdefa372000 ---p 00000000 00:00 0 
7fdefa372000-7fdefa51f000 rw-p 00000000 00:00 0 
7fdefa51f000-7fdefa61d000 ---p 00000000 00:00 0 
7fdefa61d000-7fdefa64d000 rw-p 00000000 00:00 0 
7fdefa64d000-7fdefa9de000 ---p 00000000 00:00 0 
7fdefa9de000-7fdefa9f8000 r-xp 00000000 08:02 4996357                    /usr/lib/jvm/jdk1.8.0_65/jre/lib/amd64/libzip.so
7fdefa9f8000-7fdefabf8000 ---p 0001a000 08:02 4996357                    /usr/lib/jvm/jdk1.8.0_65/jre/lib/amd64/libzip.so
7fdefabf8000-7fdefabf9000 rw-p 0001a000 08:02 4996357                    /usr/lib/jvm/jdk1.8.0_65/jre/lib/amd64/libzip.so
7fdefabf9000-7fdefac04000 r-xp 00000000 08:02 12583088                   /lib/x86_64-linux-gnu/libnss_files-2.23.so
7fdefac04000-7fdefae03000 ---p 0000b000 08:02 12583088                   /lib/x86_64-linux-gnu/libnss_files-2.23.so
7fdefae03000-7fdefae04000 r--p 0000a000 08:02 12583088                   /lib/x86_64-linux-gnu/libnss_files-2.23.so
7fdefae04000-7fdefae05000 rw-p 0000b000 08:02 12583088                   /lib/x86_64-linux-gnu/libnss_files-2.23.so
7fdefae05000-7fdefae0b000 rw-p 00000000 00:00 0 
7fdefae0b000-7fdefae16000 r-xp 00000000 08:02 12583018                   /lib/x86_64-linux-gnu/libnss_nis-2.23.so
7fdefae16000-7fdefb015000 ---p 0000b000 08:02 12583018                   /lib/x86_64-linux-gnu/libnss_nis-2.23.so
7fdefb015000-7fdefb016000 r--p 0000a000 08:02 12583018                   /lib/x86_64-linux-gnu/libnss_nis-2.23.so
7fdefb016000-7fdefb017000 rw-p 0000b000 08:02 12583018                   /lib/x86_64-linux-gnu/libnss_nis-2.23.so
7fdefb017000-7fdefb02d000 r-xp 00000000 08:02 12583016                   /lib/x86_64-linux-gnu/libnsl-2.23.so
7fdefb02d000-7fdefb22c000 ---p 00016000 08:02 12583016                   /lib/x86_64-linux-gnu/libnsl-2.23.so
7fdefb22c000-7fdefb22d000 r--p 00015000 08:02 12583016                   /lib/x86_64-linux-gnu/libnsl-2.23.so
7fdefb22d000-7fdefb22e000 rw-p 00016000 08:02 12583016                   /lib/x86_64-linux-gnu/libnsl-2.23.so
7fdefb22e000-7fdefb230000 rw-p 00000000 00:00 0 
7fdefb230000-7fdefb238000 r-xp 00000000 08:02 12583010                   /lib/x86_64-linux-gnu/libnss_compat-2.23.so
7fdefb238000-7fdefb437000 ---p 00008000 08:02 12583010                   /lib/x86_64-linux-gnu/libnss_compat-2.23.so
7fdefb437000-7fdefb438000 r--p 00007000 08:02 12583010                   /lib/x86_64-linux-gnu/libnss_compat-2.23.so
7fdefb438000-7fdefb439000 rw-p 00008000 08:02 12583010                   /lib/x86_64-linux-gnu/libnss_compat-2.23.so
7fdefb439000-7fdefb463000 r-xp 00000000 08:02 4996337                    /usr/lib/jvm/jdk1.8.0_65/jre/lib/amd64/libjava.so
7fdefb463000-7fdefb663000 ---p 0002a000 08:02 4996337                    /usr/lib/jvm/jdk1.8.0_65/jre/lib/amd64/libjava.so
7fdefb663000-7fdefb665000 rw-p 0002a000 08:02 4996337                    /usr/lib/jvm/jdk1.8.0_65/jre/lib/amd64/libjava.so
7fdefb665000-7fdefb672000 r-xp 00000000 08:02 4996351                    /usr/lib/jvm/jdk1.8.0_65/jre/lib/amd64/libverify.so
7fdefb672000-7fdefb872000 ---p 0000d000 08:02 4996351                    /usr/lib/jvm/jdk1.8.0_65/jre/lib/amd64/libverify.so
7fdefb872000-7fdefb874000 rw-p 0000d000 08:02 4996351                    /usr/lib/jvm/jdk1.8.0_65/jre/lib/amd64/libverify.so
7fdefb874000-7fdefb87b000 r-xp 00000000 08:02 12583098                   /lib/x86_64-linux-gnu/librt-2.23.so
7fdefb87b000-7fdefba7a000 ---p 00007000 08:02 12583098                   /lib/x86_64-linux-gnu/librt-2.23.so
7fdefba7a000-7fdefba7b000 r--p 00006000 08:02 12583098                   /lib/x86_64-linux-gnu/librt-2.23.so
7fdefba7b000-7fdefba7c000 rw-p 00007000 08:02 12583098                   /lib/x86_64-linux-gnu/librt-2.23.so
7fdefba7c000-7fdefbb84000 r-xp 00000000 08:02 12583095                   /lib/x86_64-linux-gnu/libm-2.23.so
7fdefbb84000-7fdefbd83000 ---p 00108000 08:02 12583095                   /lib/x86_64-linux-gnu/libm-2.23.so
7fdefbd83000-7fdefbd84000 r--p 00107000 08:02 12583095                   /lib/x86_64-linux-gnu/libm-2.23.so
7fdefbd84000-7fdefbd85000 rw-p 00108000 08:02 12583095                   /lib/x86_64-linux-gnu/libm-2.23.so
7fdefbd85000-7fdefca43000 r-xp 00000000 08:02 5116131                    /usr/lib/jvm/jdk1.8.0_65/jre/lib/amd64/server/libjvm.so
7fdefca43000-7fdefcc42000 ---p 00cbe000 08:02 5116131                    /usr/lib/jvm/jdk1.8.0_65/jre/lib/amd64/server/libjvm.so
7fdefcc42000-7fdefcd1a000 rw-p 00cbd000 08:02 5116131                    /usr/lib/jvm/jdk1.8.0_65/jre/lib/amd64/server/libjvm.so
7fdefcd1a000-7fdefcd5f000 rw-p 00000000 00:00 0 
7fdefcd5f000-7fdefcf1f000 r-xp 00000000 08:02 12583103                   /lib/x86_64-linux-gnu/libc-2.23.so
7fdefcf1f000-7fdefd11e000 ---p 001c0000 08:02 12583103                   /lib/x86_64-linux-gnu/libc-2.23.so
7fdefd11e000-7fdefd122000 r--p 001bf000 08:02 12583103                   /lib/x86_64-linux-gnu/libc-2.23.so
7fdefd122000-7fdefd124000 rw-p 001c3000 08:02 12583103                   /lib/x86_64-linux-gnu/libc-2.23.so
7fdefd124000-7fdefd128000 rw-p 00000000 00:00 0 
7fdefd128000-7fdefd12b000 r-xp 00000000 08:02 12583104                   /lib/x86_64-linux-gnu/libdl-2.23.so
7fdefd12b000-7fdefd32a000 ---p 00003000 08:02 12583104                   /lib/x86_64-linux-gnu/libdl-2.23.so
7fdefd32a000-7fdefd32b000 r--p 00002000 08:02 12583104                   /lib/x86_64-linux-gnu/libdl-2.23.so
7fdefd32b000-7fdefd32c000 rw-p 00003000 08:02 12583104                   /lib/x86_64-linux-gnu/libdl-2.23.so
7fdefd32c000-7fdefd341000 r-xp 00000000 08:02 4868805                    /usr/lib/jvm/jdk1.8.0_65/lib/amd64/jli/libjli.so
7fdefd341000-7fdefd541000 ---p 00015000 08:02 4868805                    /usr/lib/jvm/jdk1.8.0_65/lib/amd64/jli/libjli.so
7fdefd541000-7fdefd542000 rw-p 00015000 08:02 4868805                    /usr/lib/jvm/jdk1.8.0_65/lib/amd64/jli/libjli.so
7fdefd542000-7fdefd55a000 r-xp 00000000 08:02 12583102                   /lib/x86_64-linux-gnu/libpthread-2.23.so
7fdefd55a000-7fdefd759000 ---p 00018000 08:02 12583102                   /lib/x86_64-linux-gnu/libpthread-2.23.so
7fdefd759000-7fdefd75a000 r--p 00017000 08:02 12583102                   /lib/x86_64-linux-gnu/libpthread-2.23.so
7fdefd75a000-7fdefd75b000 rw-p 00018000 08:02 12583102                   /lib/x86_64-linux-gnu/libpthread-2.23.so
7fdefd75b000-7fdefd75f000 rw-p 00000000 00:00 0 
7fdefd75f000-7fdefd785000 r-xp 00000000 08:02 12583099                   /lib/x86_64-linux-gnu/ld-2.23.so
7fdefd785000-7fdefd858000 rw-p 00000000 00:00 0 
7fdefd858000-7fdefd85b000 ---p 00000000 00:00 0 
7fdefd85b000-7fdefd95d000 rw-p 00000000 00:00 0 
7fdefd962000-7fdefd969000 r--s 00000000 08:02 5115547                    /usr/lib/x86_64-linux-gnu/gconv/gconv-modules.cache
7fdefd969000-7fdefd978000 r--s 000df000 08:02 13635925                   /home/alvaro/Android/Sdk/build-tools/23.0.3/lib/dx.jar
7fdefd978000-7fdefd980000 rw-s 00000000 08:02 12988309                   /tmp/hsperfdata_alvaro/19751
7fdefd980000-7fdefd981000 rw-p 00000000 00:00 0 
7fdefd981000-7fdefd982000 ---p 00000000 00:00 0 
7fdefd982000-7fdefd984000 rw-p 00000000 00:00 0 
7fdefd984000-7fdefd985000 r--p 00025000 08:02 12583099                   /lib/x86_64-linux-gnu/ld-2.23.so
7fdefd985000-7fdefd986000 rw-p 00026000 08:02 12583099                   /lib/x86_64-linux-gnu/ld-2.23.so
7fdefd986000-7fdefd987000 rw-p 00000000 00:00 0 
7fff20a3a000-7fff20a5b000 rw-p 00000000 00:00 0                          [stack]
7fff20b29000-7fff20b2b000 r--p 00000000 00:00 0                          [vvar]
7fff20b2b000-7fff20b2d000 r-xp 00000000 00:00 0                          [vdso]
ffffffffff600000-ffffffffff601000 r-xp 00000000 00:00 0                  [vsyscall]

VM Arguments:
jvm_args: -Djava.awt.headless=true -Xmx4g -Dfile.encoding=UTF-8 -Duser.country=ES -Duser.language=es -Duser.variant 
java_command: com.android.dx.command.Main --dex --num-threads=4 --multi-dex --main-dex-list /home/alvaro/workspaces/studio/mijuegoteca/app/build/intermediates/multi-dex/release/maindexlist.txt --output /home/alvaro/workspaces/studio/mijuegoteca/app/build/intermediates/transforms/dex/release/folders/1000/1f/main /home/alvaro/workspaces/studio/mijuegoteca/app/build/intermediates/transforms/proguard/release/jars/3/1f/main.jar
java_class_path (initial): /home/alvaro/Android/Sdk/build-tools/23.0.3/lib/dx.jar
Launcher Type: SUN_STANDARD

Environment Variables:
JAVA_HOME=/usr/lib/jvm/jdk1.8.0_65
PATH=/opt/lm1100/bin:/usr/local/sbin:/usr/local/bin:/usr/sbin:/usr/bin:/sbin:/bin:/usr/games:/usr/local/games:/snap/bin
LD_LIBRARY_PATH=/home/alvaro/Android/android-studio/bin:
SHELL=/bin/bash
DISPLAY=:0

Signal Handlers:
SIGSEGV: [libjvm.so+0xaba070], sa_mask[0]=11111111011111111101111111111110, sa_flags=SA_RESTART|SA_SIGINFO
SIGBUS: [libjvm.so+0xaba070], sa_mask[0]=11111111011111111101111111111110, sa_flags=SA_RESTART|SA_SIGINFO
SIGFPE: [libjvm.so+0x917630], sa_mask[0]=11111111011111111101111111111110, sa_flags=SA_RESTART|SA_SIGINFO
SIGPIPE: [libjvm.so+0x917630], sa_mask[0]=11111111011111111101111111111110, sa_flags=SA_RESTART|SA_SIGINFO
SIGXFSZ: [libjvm.so+0x917630], sa_mask[0]=11111111011111111101111111111110, sa_flags=SA_RESTART|SA_SIGINFO
SIGILL: [libjvm.so+0x917630], sa_mask[0]=11111111011111111101111111111110, sa_flags=SA_RESTART|SA_SIGINFO
SIGUSR1: SIG_DFL, sa_mask[0]=00000000000000000000000000000000, sa_flags=none
SIGUSR2: [libjvm.so+0x918c60], sa_mask[0]=00100000000000000000000000000000, sa_flags=SA_RESTART|SA_SIGINFO
SIGHUP: [libjvm.so+0x91a060], sa_mask[0]=11111111011111111101111111111110, sa_flags=SA_RESTART|SA_SIGINFO
SIGINT: [libjvm.so+0x91a060], sa_mask[0]=11111111011111111101111111111110, sa_flags=SA_RESTART|SA_SIGINFO
SIGTERM: [libjvm.so+0x91a060], sa_mask[0]=11111111011111111101111111111110, sa_flags=SA_RESTART|SA_SIGINFO
SIGQUIT: [libjvm.so+0x91a060], sa_mask[0]=11111111011111111101111111111110, sa_flags=SA_RESTART|SA_SIGINFO


---------------  S Y S T E M  ---------------

OS:DISTRIB_ID=Ubuntu
DISTRIB_RELEASE=16.04
DISTRIB_CODENAME=xenial
DISTRIB_DESCRIPTION="Ubuntu 16.04.1 LTS"

uname:Linux 4.4.0-38-generic #57-Ubuntu SMP Tue Sep 6 15:42:33 UTC 2016 x86_64
libc:glibc 2.23 NPTL 2.23 
rlimit: STACK 8192k, CORE 0k, NPROC 22556, NOFILE 65536, AS infinity
load average:3,22 2,48 2,05

/proc/meminfo:
MemTotal:        5993536 kB
MemFree:          115980 kB
MemAvailable:      40820 kB
Buffers:             536 kB
Cached:           476948 kB
SwapCached:         9232 kB
Active:          4441688 kB
Inactive:        1122116 kB
Active(anon):    4438260 kB
Inactive(anon):  1110488 kB
Active(file):       3428 kB
Inactive(file):    11628 kB
Unevictable:        2424 kB
Mlocked:            2424 kB
SwapTotal:       6173692 kB
SwapFree:              0 kB
Dirty:                44 kB
Writeback:             0 kB
AnonPages:       5085972 kB
Mapped:           317552 kB
Shmem:            458432 kB
Slab:             148104 kB
SReclaimable:      90228 kB
SUnreclaim:        57876 kB
KernelStack:       16000 kB
PageTables:        67688 kB
NFS_Unstable:          0 kB
Bounce:                0 kB
WritebackTmp:          0 kB
CommitLimit:     9170460 kB
Committed_AS:   17616804 kB
VmallocTotal:   34359738367 kB
VmallocUsed:           0 kB
VmallocChunk:          0 kB
HardwareCorrupted:     0 kB
AnonHugePages:   1069056 kB
CmaTotal:              0 kB
CmaFree:               0 kB
HugePages_Total:       0
HugePages_Free:        0
HugePages_Rsvd:        0
HugePages_Surp:        0
Hugepagesize:       2048 kB
DirectMap4k:      208912 kB
DirectMap2M:     5965824 kB


CPU:total 8 (4 cores per cpu, 2 threads per core) family 6 model 58 stepping 9, cmov, cx8, fxsr, mmx, sse, sse2, sse3, ssse3, sse4.1, sse4.2, popcnt, avx, aes, clmul, erms, ht, tsc, tscinvbit, tscinv

/proc/cpuinfo:
processor	: 0
vendor_id	: GenuineIntel
cpu family	: 6
model		: 58
model name	: Intel(R) Core(TM) i7-3610QM CPU @ 2.30GHz
stepping	: 9
microcode	: 0x1c
cpu MHz		: 2344.292
cache size	: 6144 KB
physical id	: 0
siblings	: 8
core id		: 0
cpu cores	: 4
apicid		: 0
initial apicid	: 0
fpu		: yes
fpu_exception	: yes
cpuid level	: 13
wp		: yes
flags		: fpu vme de pse tsc msr pae mce cx8 apic sep mtrr pge mca cmov pat pse36 clflush dts acpi mmx fxsr sse sse2 ss ht tm pbe syscall nx rdtscp lm constant_tsc arch_perfmon pebs bts rep_good nopl xtopology nonstop_tsc aperfmperf eagerfpu pni pclmulqdq dtes64 monitor ds_cpl vmx est tm2 ssse3 cx16 xtpr pdcm pcid sse4_1 sse4_2 x2apic popcnt tsc_deadline_timer aes xsave avx f16c rdrand lahf_lm epb tpr_shadow vnmi flexpriority ept vpid fsgsbase smep erms xsaveopt dtherm ida arat pln pts
bugs		:
bogomips	: 4589.64
clflush size	: 64
cache_alignment	: 64
address sizes	: 36 bits physical, 48 bits virtual
power management:

processor	: 1
vendor_id	: GenuineIntel
cpu family	: 6
model		: 58
model name	: Intel(R) Core(TM) i7-3610QM CPU @ 2.30GHz
stepping	: 9
microcode	: 0x1c
cpu MHz		: 2013.128
cache size	: 6144 KB
physical id	: 0
siblings	: 8
core id		: 1
cpu cores	: 4
apicid		: 2
initial apicid	: 2
fpu		: yes
fpu_exception	: yes
cpuid level	: 13
wp		: yes
flags		: fpu vme de pse tsc msr pae mce cx8 apic sep mtrr pge mca cmov pat pse36 clflush dts acpi mmx fxsr sse sse2 ss ht tm pbe syscall nx rdtscp lm constant_tsc arch_perfmon pebs bts rep_good nopl xtopology nonstop_tsc aperfmperf eagerfpu pni pclmulqdq dtes64 monitor ds_cpl vmx est tm2 ssse3 cx16 xtpr pdcm pcid sse4_1 sse4_2 x2apic popcnt tsc_deadline_timer aes xsave avx f16c rdrand lahf_lm epb tpr_shadow vnmi flexpriority ept vpid fsgsbase smep erms xsaveopt dtherm ida arat pln pts
bugs		:
bogomips	: 4589.64
clflush size	: 64
cache_alignment	: 64
address sizes	: 36 bits physical, 48 bits virtual
power management:

processor	: 2
vendor_id	: GenuineIntel
cpu family	: 6
model		: 58
model name	: Intel(R) Core(TM) i7-3610QM CPU @ 2.30GHz
stepping	: 9
microcode	: 0x1c
cpu MHz		: 1451.515
cache size	: 6144 KB
physical id	: 0
siblings	: 8
core id		: 2
cpu cores	: 4
apicid		: 4
initial apicid	: 4
fpu		: yes
fpu_exception	: yes
cpuid level	: 13
wp		: yes
flags		: fpu vme de pse tsc msr pae mce cx8 apic sep mtrr pge mca cmov pat pse36 clflush dts acpi mmx fxsr sse sse2 ss ht tm pbe syscall nx rdtscp lm constant_tsc arch_perfmon pebs bts rep_good nopl xtopology nonstop_tsc aperfmperf eagerfpu pni pclmulqdq dtes64 monitor ds_cpl vmx est tm2 ssse3 cx16 xtpr pdcm pcid sse4_1 sse4_2 x2apic popcnt tsc_deadline_timer aes xsave avx f16c rdrand lahf_lm epb tpr_shadow vnmi flexpriority ept vpid fsgsbase smep erms xsaveopt dtherm ida arat pln pts
bugs		:
bogomips	: 4589.64
clflush size	: 64
cache_alignment	: 64
address sizes	: 36 bits physical, 48 bits virtual
power management:

processor	: 3
vendor_id	: GenuineIntel
cpu family	: 6
model		: 58
model name	: Intel(R) Core(TM) i7-3610QM CPU @ 2.30GHz
stepping	: 9
microcode	: 0x1c
cpu MHz		: 2144.480
cache size	: 6144 KB
physical id	: 0
siblings	: 8
core id		: 3
cpu cores	: 4
apicid		: 6
initial apicid	: 6
fpu		: yes
fpu_exception	: yes
cpuid level	: 13
wp		: yes
flags		: fpu vme de pse tsc msr pae mce cx8 apic sep mtrr pge mca cmov pat pse36 clflush dts acpi mmx fxsr sse sse2 ss ht tm pbe syscall nx rdtscp lm constant_tsc arch_perfmon pebs bts rep_good nopl xtopology nonstop_tsc aperfmperf eagerfpu pni pclmulqdq dtes64 monitor ds_cpl vmx est tm2 ssse3 cx16 xtpr pdcm pcid sse4_1 sse4_2 x2apic popcnt tsc_deadline_timer aes xsave avx f16c rdrand lahf_lm epb tpr_shadow vnmi flexpriority ept vpid fsgsbase smep erms xsaveopt dtherm ida arat pln pts
bugs		:
bogomips	: 4589.64
clflush size	: 64
cache_alignment	: 64
address sizes	: 36 bits physical, 48 bits virtual
power management:

processor	: 4
vendor_id	: GenuineIntel
cpu family	: 6
model		: 58
model name	: Intel(R) Core(TM) i7-3610QM CPU @ 2.30GHz
stepping	: 9
microcode	: 0x1c
cpu MHz		: 2489.031
cache size	: 6144 KB
physical id	: 0
siblings	: 8
core id		: 0
cpu cores	: 4
apicid		: 1
initial apicid	: 1
fpu		: yes
fpu_exception	: yes
cpuid level	: 13
wp		: yes
flags		: fpu vme de pse tsc msr pae mce cx8 apic sep mtrr pge mca cmov pat pse36 clflush dts acpi mmx fxsr sse sse2 ss ht tm pbe syscall nx rdtscp lm constant_tsc arch_perfmon pebs bts rep_good nopl xtopology nonstop_tsc aperfmperf eagerfpu pni pclmulqdq dtes64 monitor ds_cpl vmx est tm2 ssse3 cx16 xtpr pdcm pcid sse4_1 sse4_2 x2apic popcnt tsc_deadline_timer aes xsave avx f16c rdrand lahf_lm epb tpr_shadow vnmi flexpriority ept vpid fsgsbase smep erms xsaveopt dtherm ida arat pln pts
bugs		:
bogomips	: 4589.64
clflush size	: 64
cache_alignment	: 64
address sizes	: 36 bits physical, 48 bits virtual
power management:

processor	: 5
vendor_id	: GenuineIntel
cpu family	: 6
model		: 58
model name	: Intel(R) Core(TM) i7-3610QM CPU @ 2.30GHz
stepping	: 9
microcode	: 0x1c
cpu MHz		: 2255.347
cache size	: 6144 KB
physical id	: 0
siblings	: 8
core id		: 1
cpu cores	: 4
apicid		: 3
initial apicid	: 3
fpu		: yes
fpu_exception	: yes
cpuid level	: 13
wp		: yes
flags		: fpu vme de pse tsc msr pae mce cx8 apic sep mtrr pge mca cmov pat pse36 clflush dts acpi mmx fxsr sse sse2 ss ht tm pbe syscall nx rdtscp lm constant_tsc arch_perfmon pebs bts rep_good nopl xtopology nonstop_tsc aperfmperf eagerfpu pni pclmulqdq dtes64 monitor ds_cpl vmx est tm2 ssse3 cx16 xtpr pdcm pcid sse4_1 sse4_2 x2apic popcnt tsc_deadline_timer aes xsave avx f16c rdrand lahf_lm epb tpr_shadow vnmi flexpriority ept vpid fsgsbase smep erms xsaveopt dtherm ida arat pln pts
bugs		:
bogomips	: 4589.64
clflush size	: 64
cache_alignment	: 64
address sizes	: 36 bits physical, 48 bits virtual
power management:

processor	: 6
vendor_id	: GenuineIntel
cpu family	: 6
model		: 58
model name	: Intel(R) Core(TM) i7-3610QM CPU @ 2.30GHz
stepping	: 9
microcode	: 0x1c
cpu MHz		: 2613.105
cache size	: 6144 KB
physical id	: 0
siblings	: 8
core id		: 2
cpu cores	: 4
apicid		: 5
initial apicid	: 5
fpu		: yes
fpu_exception	: yes
cpuid level	: 13
wp		: yes
flags		: fpu vme de pse tsc msr pae mce cx8 apic sep mtrr pge mca cmov pat pse36 clflush dts acpi mmx fxsr sse sse2 ss ht tm pbe syscall nx rdtscp lm constant_tsc arch_perfmon pebs bts rep_good nopl xtopology nonstop_tsc aperfmperf eagerfpu pni pclmulqdq dtes64 monitor ds_cpl vmx est tm2 ssse3 cx16 xtpr pdcm pcid sse4_1 sse4_2 x2apic popcnt tsc_deadline_timer aes xsave avx f16c rdrand lahf_lm epb tpr_shadow vnmi flexpriority ept vpid fsgsbase smep erms xsaveopt dtherm ida arat pln pts
bugs		:
bogomips	: 4589.64
clflush size	: 64
cache_alignment	: 64
address sizes	: 36 bits physical, 48 bits virtual
power management:

processor	: 7
vendor_id	: GenuineIntel
cpu family	: 6
model		: 58
model name	: Intel(R) Core(TM) i7-3610QM CPU @ 2.30GHz
stepping	: 9
microcode	: 0x1c
cpu MHz		: 2087.160
cache size	: 6144 KB
physical id	: 0
siblings	: 8
core id		: 3
cpu cores	: 4
apicid		: 7
initial apicid	: 7
fpu		: yes
fpu_exception	: yes
cpuid level	: 13
wp		: yes
flags		: fpu vme de pse tsc msr pae mce cx8 apic sep mtrr pge mca cmov pat pse36 clflush dts acpi mmx fxsr sse sse2 ss ht tm pbe syscall nx rdtscp lm constant_tsc arch_perfmon pebs bts rep_good nopl xtopology nonstop_tsc aperfmperf eagerfpu pni pclmulqdq dtes64 monitor ds_cpl vmx est tm2 ssse3 cx16 xtpr pdcm pcid sse4_1 sse4_2 x2apic popcnt tsc_deadline_timer aes xsave avx f16c rdrand lahf_lm epb tpr_shadow vnmi flexpriority ept vpid fsgsbase smep erms xsaveopt dtherm ida arat pln pts
bugs		:
bogomips	: 4589.64
clflush size	: 64
cache_alignment	: 64
address sizes	: 36 bits physical, 48 bits virtual
power management:



Memory: 4k page, physical 5993536k(112880k free), swap 6173692k(0k free)

vm_info: Java HotSpot(TM) 64-Bit Server VM (25.65-b01) for linux-amd64 JRE (1.8.0_65-b17), built on Oct  6 2015 17:16:12 by "java_re" with gcc 4.3.0 20080428 (Red Hat 4.3.0-8)

time: Fri Sep 23 21:59:25 2016
elapsed time: 11 seconds (0d 0h 0m 11s)

