#
# There is insufficient memory for the Java Runtime Environment to continue.
# Native memory allocation (mmap) failed to map 219152384 bytes for committing reserved memory.
# Possible reasons:
#   The system is out of physical RAM or swap space
#   In 32 bit mode, the process size limit was hit
# Possible solutions:
#   Reduce memory load on the system
#   Increase physical memory or swap space
#   Check if swap backing store is full
#   Use 64 bit Java on a 64 bit OS
#   Decrease Java heap size (-Xmx/-Xms)
#   Decrease number of Java threads
#   Decrease Java thread stack sizes (-Xss)
#   Set larger code cache with -XX:ReservedCodeCacheSize=
# This output file may be truncated or incomplete.
#
#  Out of Memory Error (os_linux.cpp:2627), pid=16992, tid=139828260894464
#
# JRE version: Java(TM) SE Runtime Environment (8.0_65-b17) (build 1.8.0_65-b17)
# Java VM: Java HotSpot(TM) 64-Bit Server VM (25.65-b01 mixed mode linux-amd64 compressed oops)
# Failed to write core dump. Core dumps have been disabled. To enable core dumping, try "ulimit -c unlimited" before starting Java again
#

---------------  T H R E A D  ---------------

Current thread (0x00007f2c80080000):  VMThread [stack: 0x00007f2c4dc1f000,0x00007f2c4dd20000] [id=17006]

Stack: [0x00007f2c4dc1f000,0x00007f2c4dd20000],  sp=0x00007f2c4dd1e320,  free space=1020k
Native frames: (J=compiled Java code, j=interpreted, Vv=VM code, C=native code)
V  [libjvm.so+0xab97ea]  VMError::report_and_die()+0x2ba
V  [libjvm.so+0x4f9dcb]  report_vm_out_of_memory(char const*, int, unsigned long, VMErrorType, char const*)+0x8b
V  [libjvm.so+0x91a7c3]  os::Linux::commit_memory_impl(char*, unsigned long, bool)+0x103
V  [libjvm.so+0x91ad19]  os::pd_commit_memory(char*, unsigned long, unsigned long, bool)+0x29
V  [libjvm.so+0x91502a]  os::commit_memory(char*, unsigned long, unsigned long, bool)+0x2a
V  [libjvm.so+0x9886d3]  PSVirtualSpace::expand_by(unsigned long)+0x53
V  [libjvm.so+0x989ad8]  PSYoungGen::resize_generation(unsigned long, unsigned long)+0xf8
V  [libjvm.so+0x988c32]  PSYoungGen::resize(unsigned long, unsigned long)+0x22
V  [libjvm.so+0x985f0b]  PSScavenge::invoke_no_policy()+0xf3b
V  [libjvm.so+0x986691]  PSScavenge::invoke()+0x41
V  [libjvm.so+0x93e430]  ParallelScavengeHeap::failed_mem_allocate(unsigned long)+0x70
V  [libjvm.so+0xabb207]  VM_ParallelGCFailedAllocation::doit()+0x97
V  [libjvm.so+0xac2c35]  VM_Operation::evaluate()+0x55
V  [libjvm.so+0xac100a]  VMThread::evaluate_operation(VM_Operation*)+0xba
V  [libjvm.so+0xac138e]  VMThread::loop()+0x1ce
V  [libjvm.so+0xac1800]  VMThread::run()+0x70
V  [libjvm.so+0x91cb88]  java_start(Thread*)+0x108

VM_Operation (0x00007f2c4c950bd0): ParallelGCFailedAllocation, mode: safepoint, requested by thread 0x00007f2c801b2000


---------------  P R O C E S S  ---------------

Java Threads: ( => current thread )
  0x00007f2c801b2000 JavaThread "pool-2-thread-4" [_thread_blocked, id=17020, stack(0x00007f2c4c852000,0x00007f2c4c953000)]
  0x00007f2c801bf000 JavaThread "pool-2-thread-3" [_thread_blocked, id=17019, stack(0x00007f2c4c953000,0x00007f2c4ca54000)]
  0x00007f2c801bc800 JavaThread "pool-2-thread-2" [_thread_blocked, id=17018, stack(0x00007f2c4ca54000,0x00007f2c4cb55000)]
  0x00007f2c801bb000 JavaThread "pool-3-thread-1" [_thread_blocked, id=17017, stack(0x00007f2c4cb55000,0x00007f2c4cc56000)]
  0x00007f2c801b9000 JavaThread "pool-2-thread-1" [_thread_blocked, id=17016, stack(0x00007f2c4cc56000,0x00007f2c4cd57000)]
  0x00007f2c800d5000 JavaThread "Service Thread" daemon [_thread_blocked, id=17014, stack(0x00007f2c4ceca000,0x00007f2c4cfcb000)]
  0x00007f2c800c7800 JavaThread "C1 CompilerThread3" daemon [_thread_blocked, id=17013, stack(0x00007f2c4cfcb000,0x00007f2c4d0cc000)]
  0x00007f2c800c5800 JavaThread "C2 CompilerThread2" daemon [_thread_in_native, id=17012, stack(0x00007f2c4d0cc000,0x00007f2c4d1cd000)]
  0x00007f2c800c3800 JavaThread "C2 CompilerThread1" daemon [_thread_blocked, id=17011, stack(0x00007f2c4d1cd000,0x00007f2c4d2ce000)]
  0x00007f2c800c0800 JavaThread "C2 CompilerThread0" daemon [_thread_blocked, id=17010, stack(0x00007f2c4d2ce000,0x00007f2c4d3cf000)]
  0x00007f2c800bf800 JavaThread "Signal Dispatcher" daemon [_thread_blocked, id=17009, stack(0x00007f2c4d3cf000,0x00007f2c4d4d0000)]
  0x00007f2c80087000 JavaThread "Finalizer" daemon [_thread_blocked, id=17008, stack(0x00007f2c4da1d000,0x00007f2c4db1e000)]
  0x00007f2c80085000 JavaThread "Reference Handler" daemon [_thread_blocked, id=17007, stack(0x00007f2c4db1e000,0x00007f2c4dc1f000)]
  0x00007f2c8000a000 JavaThread "main" [_thread_blocked, id=16997, stack(0x00007f2c883cf000,0x00007f2c884d0000)]

Other Threads:
=>0x00007f2c80080000 VMThread [stack: 0x00007f2c4dc1f000,0x00007f2c4dd20000] [id=17006]
  0x00007f2c800d7800 WatcherThread [stack: 0x00007f2c4cdc9000,0x00007f2c4ceca000] [id=17015]

VM state:at safepoint (normal execution)

VM Mutex/Monitor currently owned by a thread:  ([mutex/lock_event])
[0x00007f2c80006520] Threads_lock - owner thread: 0x00007f2c80080000
[0x00007f2c80006a20] Heap_lock - owner thread: 0x00007f2c801b2000

Heap:
 PSYoungGen      total 211968K, used 23009K [0x000000076ab00000, 0x0000000779400000, 0x00000007c0000000)
  eden space 188928K, 0% used [0x000000076ab00000,0x000000076ab00000,0x0000000776380000)
  from space 23040K, 99% used [0x0000000776380000,0x00000007779f84f0,0x0000000777a00000)
  to   space 19456K, 0% used [0x0000000777a00000,0x0000000777a00000,0x0000000778d00000)
 ParOldGen       total 62976K, used 43302K [0x00000006c0000000, 0x00000006c3d80000, 0x000000076ab00000)
  object space 62976K, 68% used [0x00000006c0000000,0x00000006c2a49940,0x00000006c3d80000)
 Metaspace       used 6327K, capacity 7128K, committed 7424K, reserved 1056768K
  class space    used 602K, capacity 656K, committed 768K, reserved 1048576K

Card table byte_map: [0x00007f2c84994000,0x00007f2c85195000] byte_map_base: 0x00007f2c81394000

Marking Bits: (ParMarkBitMap*) 0x00007f2c878aade0
 Begin Bits: [0x00007f2c50000000, 0x00007f2c54000000)
 End Bits:   [0x00007f2c54000000, 0x00007f2c58000000)

Polling page: 0x00007f2c884f8000

CodeCache: size=245760Kb used=7474Kb max_used=7510Kb free=238285Kb
 bounds [0x00007f2c71000000, 0x00007f2c71760000, 0x00007f2c80000000]
 total_blobs=2200 nmethods=1933 adapters=180
 compilation: enabled

Compilation events (10 events):
Event: 2,376 Thread 0x00007f2c800c7800 2053   !   3       com.android.dx.cf.code.Ropper::doit (126 bytes)
Event: 2,378 Thread 0x00007f2c800c7800 nmethod 2053 0x00007f2c71741190 code [0x00007f2c71741480, 0x00007f2c717428d8]
Event: 2,385 Thread 0x00007f2c800c7800 2055       2       java.util.HashMap$TreeNode::balanceInsertion (245 bytes)
Event: 2,386 Thread 0x00007f2c800c7800 nmethod 2055 0x00007f2c71740410 code [0x00007f2c71740600, 0x00007f2c71740bf8]
Event: 2,386 Thread 0x00007f2c800c3800 nmethod 1663 0x00007f2c71743510 code [0x00007f2c71744180, 0x00007f2c7174d598]
Event: 2,386 Thread 0x00007f2c800c3800 2054       4       java.lang.String::<init> (82 bytes)
Event: 2,386 Thread 0x00007f2c800c7800 2056       2       com.android.dx.cf.code.Ropper::getFirstTempStackReg (20 bytes)
Event: 2,387 Thread 0x00007f2c800c7800 nmethod 2056 0x00007f2c7173ffd0 code [0x00007f2c71740140, 0x00007f2c717402e8]
Event: 2,387 Thread 0x00007f2c800c7800 2057       2       com.android.dx.cf.code.Ropper::getNormalRegCount (13 bytes)
Event: 2,387 Thread 0x00007f2c800c7800 nmethod 2057 0x00007f2c7173fc10 code [0x00007f2c7173fd80, 0x00007f2c7173fef0]

GC Heap History (10 events):
Event: 0,196 GC heap after
Heap after GC invocations=2 (full 0):
 PSYoungGen      total 51712K, used 1696K [0x000000076ab00000, 0x000000076e100000, 0x00000007c0000000)
  eden space 48128K, 0% used [0x000000076ab00000,0x000000076ab00000,0x000000076da00000)
  from space 3584K, 47% used [0x000000076dd80000,0x000000076df28020,0x000000076e100000)
  to   space 3584K, 0% used [0x000000076da00000,0x000000076da00000,0x000000076dd80000)
 ParOldGen       total 62976K, used 16K [0x00000006c0000000, 0x00000006c3d80000, 0x000000076ab00000)
  object space 62976K, 0% used [0x00000006c0000000,0x00000006c0004000,0x00000006c3d80000)
 Metaspace       used 3343K, capacity 4720K, committed 4864K, reserved 1056768K
  class space    used 357K, capacity 424K, committed 512K, reserved 1048576K
}
Event: 0,567 GC heap before
{Heap before GC invocations=3 (full 0):
 PSYoungGen      total 51712K, used 49824K [0x000000076ab00000, 0x000000076e100000, 0x00000007c0000000)
  eden space 48128K, 100% used [0x000000076ab00000,0x000000076da00000,0x000000076da00000)
  from space 3584K, 47% used [0x000000076dd80000,0x000000076df28020,0x000000076e100000)
  to   space 3584K, 0% used [0x000000076da00000,0x000000076da00000,0x000000076dd80000)
 ParOldGen       total 62976K, used 16K [0x00000006c0000000, 0x00000006c3d80000, 0x000000076ab00000)
  object space 62976K, 0% used [0x00000006c0000000,0x00000006c0004000,0x00000006c3d80000)
 Metaspace       used 5672K, capacity 6704K, committed 6784K, reserved 1056768K
  class space    used 578K, capacity 616K, committed 640K, reserved 1048576K
Event: 0,584 GC heap after
Heap after GC invocations=3 (full 0):
 PSYoungGen      total 51712K, used 3576K [0x000000076ab00000, 0x0000000771000000, 0x00000007c0000000)
  eden space 48128K, 0% used [0x000000076ab00000,0x000000076ab00000,0x000000076da00000)
  from space 3584K, 99% used [0x000000076da00000,0x000000076dd7e1d0,0x000000076dd80000)
  to   space 3584K, 0% used [0x0000000770c80000,0x0000000770c80000,0x0000000771000000)
 ParOldGen       total 62976K, used 2864K [0x00000006c0000000, 0x00000006c3d80000, 0x000000076ab00000)
  object space 62976K, 4% used [0x00000006c0000000,0x00000006c02cc2f0,0x00000006c3d80000)
 Metaspace       used 5672K, capacity 6704K, committed 6784K, reserved 1056768K
  class space    used 578K, capacity 616K, committed 640K, reserved 1048576K
}
Event: 0,874 GC heap before
{Heap before GC invocations=4 (full 0):
 PSYoungGen      total 51712K, used 51704K [0x000000076ab00000, 0x0000000771000000, 0x00000007c0000000)
  eden space 48128K, 100% used [0x000000076ab00000,0x000000076da00000,0x000000076da00000)
  from space 3584K, 99% used [0x000000076da00000,0x000000076dd7e1d0,0x000000076dd80000)
  to   space 3584K, 0% used [0x0000000770c80000,0x0000000770c80000,0x0000000771000000)
 ParOldGen       total 62976K, used 2864K [0x00000006c0000000, 0x00000006c3d80000, 0x000000076ab00000)
  object space 62976K, 4% used [0x00000006c0000000,0x00000006c02cc2f0,0x00000006c3d80000)
 Metaspace       used 5864K, capacity 6832K, committed 7040K, reserved 1056768K
  class space    used 580K, capacity 616K, committed 640K, reserved 1048576K
Event: 0,968 GC heap after
Heap after GC invocations=4 (full 0):
 PSYoungGen      total 99840K, used 3571K [0x000000076ab00000, 0x0000000771000000, 0x00000007c0000000)
  eden space 96256K, 0% used [0x000000076ab00000,0x000000076ab00000,0x0000000770900000)
  from space 3584K, 99% used [0x0000000770c80000,0x0000000770ffcd10,0x0000000771000000)
  to   space 3584K, 0% used [0x0000000770900000,0x0000000770900000,0x0000000770c80000)
 ParOldGen       total 62976K, used 11247K [0x00000006c0000000, 0x00000006c3d80000, 0x000000076ab00000)
  object space 62976K, 17% used [0x00000006c0000000,0x00000006c0afbd98,0x00000006c3d80000)
 Metaspace       used 5864K, capacity 6832K, committed 7040K, reserved 1056768K
  class space    used 580K, capacity 616K, committed 640K, reserved 1048576K
}
Event: 1,347 GC heap before
{Heap before GC invocations=5 (full 0):
 PSYoungGen      total 99840K, used 99827K [0x000000076ab00000, 0x0000000771000000, 0x00000007c0000000)
  eden space 96256K, 100% used [0x000000076ab00000,0x0000000770900000,0x0000000770900000)
  from space 3584K, 99% used [0x0000000770c80000,0x0000000770ffcd10,0x0000000771000000)
  to   space 3584K, 0% used [0x0000000770900000,0x0000000770900000,0x0000000770c80000)
 ParOldGen       total 62976K, used 11247K [0x00000006c0000000, 0x00000006c3d80000, 0x000000076ab00000)
  object space 62976K, 17% used [0x00000006c0000000,0x00000006c0afbd98,0x00000006c3d80000)
 Metaspace       used 6063K, capacity 7000K, committed 7168K, reserved 1056768K
  class space    used 602K, capacity 656K, committed 768K, reserved 1048576K
Event: 1,414 GC heap after
Heap after GC invocations=5 (full 0):
 PSYoungGen      total 99840K, used 3568K [0x000000076ab00000, 0x0000000778d00000, 0x00000007c0000000)
  eden space 96256K, 0% used [0x000000076ab00000,0x000000076ab00000,0x0000000770900000)
  from space 3584K, 99% used [0x0000000770900000,0x0000000770c7c0d8,0x0000000770c80000)
  to   space 19456K, 0% used [0x0000000777a00000,0x0000000777a00000,0x0000000778d00000)
 ParOldGen       total 62976K, used 24706K [0x00000006c0000000, 0x00000006c3d80000, 0x000000076ab00000)
  object space 62976K, 39% used [0x00000006c0000000,0x00000006c1820b28,0x00000006c3d80000)
 Metaspace       used 6063K, capacity 7000K, committed 7168K, reserved 1056768K
  class space    used 602K, capacity 656K, committed 768K, reserved 1048576K
}
Event: 1,790 GC heap before
{Heap before GC invocations=6 (full 0):
 PSYoungGen      total 99840K, used 99824K [0x000000076ab00000, 0x0000000778d00000, 0x00000007c0000000)
  eden space 96256K, 100% used [0x000000076ab00000,0x0000000770900000,0x0000000770900000)
  from space 3584K, 99% used [0x0000000770900000,0x0000000770c7c0d8,0x0000000770c80000)
  to   space 19456K, 0% used [0x0000000777a00000,0x0000000777a00000,0x0000000778d00000)
 ParOldGen       total 62976K, used 24706K [0x00000006c0000000, 0x00000006c3d80000, 0x000000076ab00000)
  object space 62976K, 39% used [0x00000006c0000000,0x00000006c1820b28,0x00000006c3d80000)
 Metaspace       used 6228K, capacity 7128K, committed 7424K, reserved 1056768K
  class space    used 602K, capacity 656K, committed 768K, reserved 1048576K
Event: 1,850 GC heap after
Heap after GC invocations=6 (full 0):
 PSYoungGen      total 208384K, used 17166K [0x000000076ab00000, 0x0000000779400000, 0x00000007c0000000)
  eden space 188928K, 0% used [0x000000076ab00000,0x000000076ab00000,0x0000000776380000)
  from space 19456K, 88% used [0x0000000777a00000,0x0000000778ac3960,0x0000000778d00000)
  to   space 23040K, 0% used [0x0000000776380000,0x0000000776380000,0x0000000777a00000)
 ParOldGen       total 62976K, used 24706K [0x00000006c0000000, 0x00000006c3d80000, 0x000000076ab00000)
  object space 62976K, 39% used [0x00000006c0000000,0x00000006c1820b28,0x00000006c3d80000)
 Metaspace       used 6228K, capacity 7128K, committed 7424K, reserved 1056768K
  class space    used 602K, capacity 656K, committed 768K, reserved 1048576K
}
Event: 2,387 GC heap before
{Heap before GC invocations=7 (full 0):
 PSYoungGen      total 208384K, used 206094K [0x000000076ab00000, 0x0000000779400000, 0x00000007c0000000)
  eden space 188928K, 100% used [0x000000076ab00000,0x0000000776380000,0x0000000776380000)
  from space 19456K, 88% used [0x0000000777a00000,0x0000000778ac3960,0x0000000778d00000)
  to   space 23040K, 0% used [0x0000000776380000,0x0000000776380000,0x0000000777a00000)
 ParOldGen       total 62976K, used 24706K [0x00000006c0000000, 0x00000006c3d80000, 0x000000076ab00000)
  object space 62976K, 39% used [0x00000006c0000000,0x00000006c1820b28,0x00000006c3d80000)
 Metaspace       used 6327K, capacity 7128K, committed 7424K, reserved 1056768K
  class space    used 602K, capacity 656K, committed 768K, reserved 1048576K

Deoptimization events (10 events):
Event: 1,073 Thread 0x00007f2c801bf000 Uncommon trap: reason=unstable_if action=reinterpret pc=0x00007f2c71211620 method=java.util.HashMap.getNode(ILjava/lang/Object;)Ljava/util/HashMap$Node; @ 84
Event: 1,232 Thread 0x00007f2c801b2000 Uncommon trap: reason=unstable_if action=reinterpret pc=0x00007f2c7134f4e4 method=java.util.HashMap.putVal(ILjava/lang/Object;Ljava/lang/Object;ZZ)Ljava/lang/Object; @ 162
Event: 1,238 Thread 0x00007f2c801b9000 Uncommon trap: reason=class_check action=maybe_recompile pc=0x00007f2c714fe424 method=com.android.dx.cf.code.BytecodeArray.parseInstruction(ILcom/android/dx/cf/code/BytecodeArray$Visitor;)I @ 1035
Event: 1,263 Thread 0x00007f2c801bc800 Uncommon trap: reason=class_check action=maybe_recompile pc=0x00007f2c714fe424 method=com.android.dx.cf.code.BytecodeArray.parseInstruction(ILcom/android/dx/cf/code/BytecodeArray$Visitor;)I @ 1035
Event: 1,325 Thread 0x00007f2c801bc800 Uncommon trap: reason=class_check action=maybe_recompile pc=0x00007f2c714fe424 method=com.android.dx.cf.code.BytecodeArray.parseInstruction(ILcom/android/dx/cf/code/BytecodeArray$Visitor;)I @ 1035
Event: 1,426 Thread 0x00007f2c801bf000 Uncommon trap: reason=class_check action=maybe_recompile pc=0x00007f2c714fe424 method=com.android.dx.cf.code.BytecodeArray.parseInstruction(ILcom/android/dx/cf/code/BytecodeArray$Visitor;)I @ 1035
Event: 1,428 Thread 0x00007f2c801b9000 Uncommon trap: reason=bimorphic action=maybe_recompile pc=0x00007f2c7154a578 method=com.android.dx.ssa.SCCP.setLatticeValueTo(IILcom/android/dx/rop/cst/Constant;)Z @ 43
Event: 1,428 Thread 0x00007f2c801b9000 Uncommon trap: reason=bimorphic action=maybe_recompile pc=0x00007f2c7154a578 method=com.android.dx.ssa.SCCP.setLatticeValueTo(IILcom/android/dx/rop/cst/Constant;)Z @ 43
Event: 1,428 Thread 0x00007f2c801b9000 Uncommon trap: reason=bimorphic action=maybe_recompile pc=0x00007f2c7154a578 method=com.android.dx.ssa.SCCP.setLatticeValueTo(IILcom/android/dx/rop/cst/Constant;)Z @ 43
Event: 1,428 Thread 0x00007f2c801b9000 Uncommon trap: reason=bimorphic action=maybe_recompile pc=0x00007f2c7154a578 method=com.android.dx.ssa.SCCP.setLatticeValueTo(IILcom/android/dx/rop/cst/Constant;)Z @ 43

Internal exceptions (5 events):
Event: 0,032 Thread 0x00007f2c8000a000 Exception <a 'java/lang/NoSuchMethodError': Method sun.misc.Unsafe.defineClass(Ljava/lang/String;[BII)Ljava/lang/Class; name or signature does not match> (0x000000076ab12b90) thrown at [/HUDSON/workspace/8-2-build-linux-amd64/jdk8u65/4987/hotspot/src/shar
Event: 0,032 Thread 0x00007f2c8000a000 Exception <a 'java/lang/NoSuchMethodError': Method sun.misc.Unsafe.prefetchRead(Ljava/lang/Object;J)V name or signature does not match> (0x000000076ab12e78) thrown at [/HUDSON/workspace/8-2-build-linux-amd64/jdk8u65/4987/hotspot/src/share/vm/prims/jni.cpp
Event: 1,070 Thread 0x00007f2c801b2000 Exception <a 'java/lang/ArrayIndexOutOfBoundsException': 18> (0x000000076cb0ca30) thrown at [/HUDSON/workspace/8-2-build-linux-amd64/jdk8u65/4987/hotspot/src/share/vm/interpreter/interpreterRuntime.cpp, line 366]
Event: 1,071 Thread 0x00007f2c801b2000 Exception <a 'java/lang/ArrayIndexOutOfBoundsException': 145> (0x000000076cb0e5b0) thrown at [/HUDSON/workspace/8-2-build-linux-amd64/jdk8u65/4987/hotspot/src/share/vm/interpreter/interpreterRuntime.cpp, line 366]
Event: 1,072 Thread 0x00007f2c801b2000 Exception <a 'java/lang/ArrayIndexOutOfBoundsException': 40> (0x000000076cb0f898) thrown at [/HUDSON/workspace/8-2-build-linux-amd64/jdk8u65/4987/hotspot/src/share/vm/interpreter/interpreterRuntime.cpp, line 366]

Events (10 events):
Event: 2,210 Thread 0x00007f2c801b2000 DEOPT UNPACKING pc=0x00007f2c71047633 sp=0x00007f2c4c950a58 mode 0
Event: 2,277 Thread 0x00007f2c801bc800 DEOPT PACKING pc=0x00007f2c713160e4 sp=0x00007f2c4cb52e20
Event: 2,277 Thread 0x00007f2c801bc800 DEOPT UNPACKING pc=0x00007f2c71047633 sp=0x00007f2c4cb52b58 mode 0
Event: 2,290 Thread 0x00007f2c801bf000 DEOPT PACKING pc=0x00007f2c7153d5ea sp=0x00007f2c4ca51d30
Event: 2,290 Thread 0x00007f2c801bf000 DEOPT UNPACKING pc=0x00007f2c71047633 sp=0x00007f2c4ca51a80 mode 0
Event: 2,327 Thread 0x00007f2c801b2000 DEOPT PACKING pc=0x00007f2c713160e4 sp=0x00007f2c4c950c70
Event: 2,327 Thread 0x00007f2c801b2000 DEOPT UNPACKING pc=0x00007f2c71047633 sp=0x00007f2c4c9509a8 mode 0
Event: 2,364 Thread 0x00007f2c8000a000 DEOPT PACKING pc=0x00007f2c715ef6ca sp=0x00007f2c884cde60
Event: 2,364 Thread 0x00007f2c8000a000 DEOPT UNPACKING pc=0x00007f2c71047633 sp=0x00007f2c884cdc90 mode 0
Event: 2,387 Executing VM operation: ParallelGCFailedAllocation


Dynamic libraries:
00400000-00401000 r-xp 00000000 08:02 5116217                            /usr/lib/jvm/jdk1.8.0_65/bin/java
00600000-00601000 rw-p 00000000 08:02 5116217                            /usr/lib/jvm/jdk1.8.0_65/bin/java
0071f000-00740000 rw-p 00000000 00:00 0                                  [heap]
6c0000000-6c3d80000 rw-p 00000000 00:00 0 
6c3d80000-76ab00000 ---p 00000000 00:00 0 
76ab00000-779400000 rw-p 00000000 00:00 0 
786500000-7c0000000 ---p 00000000 00:00 0 
7c0000000-7c00c0000 rw-p 00000000 00:00 0 
7c00c0000-800000000 ---p 00000000 00:00 0 
7f2c08000000-7f2c08021000 rw-p 00000000 00:00 0 
7f2c08021000-7f2c0c000000 ---p 00000000 00:00 0 
7f2c0c000000-7f2c0c021000 rw-p 00000000 00:00 0 
7f2c0c021000-7f2c10000000 ---p 00000000 00:00 0 
7f2c10000000-7f2c10021000 rw-p 00000000 00:00 0 
7f2c10021000-7f2c14000000 ---p 00000000 00:00 0 
7f2c14000000-7f2c14021000 rw-p 00000000 00:00 0 
7f2c14021000-7f2c18000000 ---p 00000000 00:00 0 
7f2c18000000-7f2c18021000 rw-p 00000000 00:00 0 
7f2c18021000-7f2c1c000000 ---p 00000000 00:00 0 
7f2c1c000000-7f2c1c045000 rw-p 00000000 00:00 0 
7f2c1c045000-7f2c20000000 ---p 00000000 00:00 0 
7f2c20000000-7f2c2095f000 rw-p 00000000 00:00 0 
7f2c2095f000-7f2c24000000 ---p 00000000 00:00 0 
7f2c24000000-7f2c24021000 rw-p 00000000 00:00 0 
7f2c24021000-7f2c28000000 ---p 00000000 00:00 0 
7f2c28000000-7f2c293a0000 rw-p 00000000 00:00 0 
7f2c293a0000-7f2c2c000000 ---p 00000000 00:00 0 
7f2c2c000000-7f2c2cbf1000 rw-p 00000000 00:00 0 
7f2c2cbf1000-7f2c30000000 ---p 00000000 00:00 0 
7f2c30000000-7f2c30021000 rw-p 00000000 00:00 0 
7f2c30021000-7f2c34000000 ---p 00000000 00:00 0 
7f2c34000000-7f2c3566d000 rw-p 00000000 00:00 0 
7f2c3566d000-7f2c38000000 ---p 00000000 00:00 0 
7f2c38000000-7f2c38021000 rw-p 00000000 00:00 0 
7f2c38021000-7f2c3c000000 ---p 00000000 00:00 0 
7f2c3c000000-7f2c3c021000 rw-p 00000000 00:00 0 
7f2c3c021000-7f2c40000000 ---p 00000000 00:00 0 
7f2c40000000-7f2c40021000 rw-p 00000000 00:00 0 
7f2c40021000-7f2c44000000 ---p 00000000 00:00 0 
7f2c44000000-7f2c4428f000 rw-p 00000000 00:00 0 
7f2c4428f000-7f2c48000000 ---p 00000000 00:00 0 
7f2c48000000-7f2c48021000 rw-p 00000000 00:00 0 
7f2c48021000-7f2c4c000000 ---p 00000000 00:00 0 
7f2c4c82d000-7f2c4c852000 r--p 00000000 08:02 6163705                    /usr/share/locale-langpack/es/LC_MESSAGES/libc.mo
7f2c4c852000-7f2c4c855000 ---p 00000000 00:00 0 
7f2c4c855000-7f2c4c953000 rw-p 00000000 00:00 0 
7f2c4c953000-7f2c4c956000 ---p 00000000 00:00 0 
7f2c4c956000-7f2c4ca54000 rw-p 00000000 00:00 0 
7f2c4ca54000-7f2c4ca57000 ---p 00000000 00:00 0 
7f2c4ca57000-7f2c4cb55000 rw-p 00000000 00:00 0 
7f2c4cb55000-7f2c4cb58000 ---p 00000000 00:00 0 
7f2c4cb58000-7f2c4cc56000 rw-p 00000000 00:00 0 
7f2c4cc56000-7f2c4cc59000 ---p 00000000 00:00 0 
7f2c4cc59000-7f2c4cd57000 rw-p 00000000 00:00 0 
7f2c4cd57000-7f2c4cdc9000 r--s 0042e000 08:02 12716638                   /home/alvaro/workspaces/studio/mijuegoteca/app/build/intermediates/transforms/proguard/release/jars/3/1f/main.jar
7f2c4cdc9000-7f2c4cdca000 ---p 00000000 00:00 0 
7f2c4cdca000-7f2c4ceca000 rw-p 00000000 00:00 0 
7f2c4ceca000-7f2c4cecd000 ---p 00000000 00:00 0 
7f2c4cecd000-7f2c4cfcb000 rw-p 00000000 00:00 0 
7f2c4cfcb000-7f2c4cfce000 ---p 00000000 00:00 0 
7f2c4cfce000-7f2c4d0cc000 rw-p 00000000 00:00 0 
7f2c4d0cc000-7f2c4d0cf000 ---p 00000000 00:00 0 
7f2c4d0cf000-7f2c4d1cd000 rw-p 00000000 00:00 0 
7f2c4d1cd000-7f2c4d1d0000 ---p 00000000 00:00 0 
7f2c4d1d0000-7f2c4d2ce000 rw-p 00000000 00:00 0 
7f2c4d2ce000-7f2c4d2d1000 ---p 00000000 00:00 0 
7f2c4d2d1000-7f2c4d3cf000 rw-p 00000000 00:00 0 
7f2c4d3cf000-7f2c4d3d2000 ---p 00000000 00:00 0 
7f2c4d3d2000-7f2c4d4d0000 rw-p 00000000 00:00 0 
7f2c4d4d0000-7f2c4da1d000 r--p 00000000 08:02 4720032                    /usr/lib/locale/locale-archive
7f2c4da1d000-7f2c4da20000 ---p 00000000 00:00 0 
7f2c4da20000-7f2c4db1e000 rw-p 00000000 00:00 0 
7f2c4db1e000-7f2c4db21000 ---p 00000000 00:00 0 
7f2c4db21000-7f2c4dc1f000 rw-p 00000000 00:00 0 
7f2c4dc1f000-7f2c4dc20000 ---p 00000000 00:00 0 
7f2c4dc20000-7f2c4fe80000 rw-p 00000000 00:00 0 
7f2c4fe80000-7f2c50000000 ---p 00000000 00:00 0 
7f2c50000000-7f2c58000000 rw-p 00000000 00:00 0 
7f2c58000000-7f2c58021000 rw-p 00000000 00:00 0 
7f2c58021000-7f2c5c000000 ---p 00000000 00:00 0 
7f2c5c000000-7f2c5c021000 rw-p 00000000 00:00 0 
7f2c5c021000-7f2c60000000 ---p 00000000 00:00 0 
7f2c60000000-7f2c60021000 rw-p 00000000 00:00 0 
7f2c60021000-7f2c64000000 ---p 00000000 00:00 0 
7f2c64000000-7f2c64021000 rw-p 00000000 00:00 0 
7f2c64021000-7f2c68000000 ---p 00000000 00:00 0 
7f2c68000000-7f2c68021000 rw-p 00000000 00:00 0 
7f2c68021000-7f2c6c000000 ---p 00000000 00:00 0 
7f2c6c000000-7f2c6c021000 rw-p 00000000 00:00 0 
7f2c6c021000-7f2c70000000 ---p 00000000 00:00 0 
7f2c7001c000-7f2c701ae000 rw-p 00000000 00:00 0 
7f2c701ae000-7f2c70386000 r--s 03d20000 08:02 4996393                    /usr/lib/jvm/jdk1.8.0_65/jre/lib/rt.jar
7f2c70386000-7f2c70bfc000 rw-p 00000000 00:00 0 
7f2c70bfc000-7f2c70bfd000 ---p 00000000 00:00 0 
7f2c70bfd000-7f2c70cfd000 rw-p 00000000 00:00 0 
7f2c70cfd000-7f2c70cfe000 ---p 00000000 00:00 0 
7f2c70cfe000-7f2c70dfe000 rw-p 00000000 00:00 0 
7f2c70dfe000-7f2c70dff000 ---p 00000000 00:00 0 
7f2c70dff000-7f2c70eff000 rw-p 00000000 00:00 0 
7f2c70eff000-7f2c70f00000 ---p 00000000 00:00 0 
7f2c70f00000-7f2c71000000 rw-p 00000000 00:00 0 
7f2c71000000-7f2c71760000 rwxp 00000000 00:00 0 
7f2c71760000-7f2c80000000 ---p 00000000 00:00 0 
7f2c80000000-7f2c803aa000 rw-p 00000000 00:00 0 
7f2c803aa000-7f2c84000000 ---p 00000000 00:00 0 
7f2c84019000-7f2c8403a000 rw-p 00000000 00:00 0 
7f2c8403a000-7f2c8403b000 ---p 00000000 00:00 0 
7f2c8403b000-7f2c8413b000 rw-p 00000000 00:00 0 
7f2c8413b000-7f2c8413c000 ---p 00000000 00:00 0 
7f2c8413c000-7f2c8423c000 rw-p 00000000 00:00 0 
7f2c8423c000-7f2c8423d000 ---p 00000000 00:00 0 
7f2c8423d000-7f2c8433d000 rw-p 00000000 00:00 0 
7f2c8433d000-7f2c8433e000 ---p 00000000 00:00 0 
7f2c8433e000-7f2c8445d000 rw-p 00000000 00:00 0 
7f2c8445d000-7f2c84994000 ---p 00000000 00:00 0 
7f2c84994000-7f2c849b3000 rw-p 00000000 00:00 0 
7f2c849b3000-7f2c84ee9000 ---p 00000000 00:00 0 
7f2c84ee9000-7f2c84f5e000 rw-p 00000000 00:00 0 
7f2c84f5e000-7f2c85194000 ---p 00000000 00:00 0 
7f2c85194000-7f2c851b3000 rw-p 00000000 00:00 0 
7f2c851b3000-7f2c85555000 ---p 00000000 00:00 0 
7f2c85555000-7f2c8556f000 r-xp 00000000 08:02 4996357                    /usr/lib/jvm/jdk1.8.0_65/jre/lib/amd64/libzip.so
7f2c8556f000-7f2c8576f000 ---p 0001a000 08:02 4996357                    /usr/lib/jvm/jdk1.8.0_65/jre/lib/amd64/libzip.so
7f2c8576f000-7f2c85770000 rw-p 0001a000 08:02 4996357                    /usr/lib/jvm/jdk1.8.0_65/jre/lib/amd64/libzip.so
7f2c85770000-7f2c8577b000 r-xp 00000000 08:02 12583088                   /lib/x86_64-linux-gnu/libnss_files-2.23.so
7f2c8577b000-7f2c8597a000 ---p 0000b000 08:02 12583088                   /lib/x86_64-linux-gnu/libnss_files-2.23.so
7f2c8597a000-7f2c8597b000 r--p 0000a000 08:02 12583088                   /lib/x86_64-linux-gnu/libnss_files-2.23.so
7f2c8597b000-7f2c8597c000 rw-p 0000b000 08:02 12583088                   /lib/x86_64-linux-gnu/libnss_files-2.23.so
7f2c8597c000-7f2c85982000 rw-p 00000000 00:00 0 
7f2c85982000-7f2c8598d000 r-xp 00000000 08:02 12583018                   /lib/x86_64-linux-gnu/libnss_nis-2.23.so
7f2c8598d000-7f2c85b8c000 ---p 0000b000 08:02 12583018                   /lib/x86_64-linux-gnu/libnss_nis-2.23.so
7f2c85b8c000-7f2c85b8d000 r--p 0000a000 08:02 12583018                   /lib/x86_64-linux-gnu/libnss_nis-2.23.so
7f2c85b8d000-7f2c85b8e000 rw-p 0000b000 08:02 12583018                   /lib/x86_64-linux-gnu/libnss_nis-2.23.so
7f2c85b8e000-7f2c85ba4000 r-xp 00000000 08:02 12583016                   /lib/x86_64-linux-gnu/libnsl-2.23.so
7f2c85ba4000-7f2c85da3000 ---p 00016000 08:02 12583016                   /lib/x86_64-linux-gnu/libnsl-2.23.so
7f2c85da3000-7f2c85da4000 r--p 00015000 08:02 12583016                   /lib/x86_64-linux-gnu/libnsl-2.23.so
7f2c85da4000-7f2c85da5000 rw-p 00016000 08:02 12583016                   /lib/x86_64-linux-gnu/libnsl-2.23.so
7f2c85da5000-7f2c85da7000 rw-p 00000000 00:00 0 
7f2c85da7000-7f2c85daf000 r-xp 00000000 08:02 12583010                   /lib/x86_64-linux-gnu/libnss_compat-2.23.so
7f2c85daf000-7f2c85fae000 ---p 00008000 08:02 12583010                   /lib/x86_64-linux-gnu/libnss_compat-2.23.so
7f2c85fae000-7f2c85faf000 r--p 00007000 08:02 12583010                   /lib/x86_64-linux-gnu/libnss_compat-2.23.so
7f2c85faf000-7f2c85fb0000 rw-p 00008000 08:02 12583010                   /lib/x86_64-linux-gnu/libnss_compat-2.23.so
7f2c85fb0000-7f2c85fda000 r-xp 00000000 08:02 4996337                    /usr/lib/jvm/jdk1.8.0_65/jre/lib/amd64/libjava.so
7f2c85fda000-7f2c861da000 ---p 0002a000 08:02 4996337                    /usr/lib/jvm/jdk1.8.0_65/jre/lib/amd64/libjava.so
7f2c861da000-7f2c861dc000 rw-p 0002a000 08:02 4996337                    /usr/lib/jvm/jdk1.8.0_65/jre/lib/amd64/libjava.so
7f2c861dc000-7f2c861e9000 r-xp 00000000 08:02 4996351                    /usr/lib/jvm/jdk1.8.0_65/jre/lib/amd64/libverify.so
7f2c861e9000-7f2c863e9000 ---p 0000d000 08:02 4996351                    /usr/lib/jvm/jdk1.8.0_65/jre/lib/amd64/libverify.so
7f2c863e9000-7f2c863eb000 rw-p 0000d000 08:02 4996351                    /usr/lib/jvm/jdk1.8.0_65/jre/lib/amd64/libverify.so
7f2c863eb000-7f2c863f2000 r-xp 00000000 08:02 12583098                   /lib/x86_64-linux-gnu/librt-2.23.so
7f2c863f2000-7f2c865f1000 ---p 00007000 08:02 12583098                   /lib/x86_64-linux-gnu/librt-2.23.so
7f2c865f1000-7f2c865f2000 r--p 00006000 08:02 12583098                   /lib/x86_64-linux-gnu/librt-2.23.so
7f2c865f2000-7f2c865f3000 rw-p 00007000 08:02 12583098                   /lib/x86_64-linux-gnu/librt-2.23.so
7f2c865f3000-7f2c866fb000 r-xp 00000000 08:02 12583095                   /lib/x86_64-linux-gnu/libm-2.23.so
7f2c866fb000-7f2c868fa000 ---p 00108000 08:02 12583095                   /lib/x86_64-linux-gnu/libm-2.23.so
7f2c868fa000-7f2c868fb000 r--p 00107000 08:02 12583095                   /lib/x86_64-linux-gnu/libm-2.23.so
7f2c868fb000-7f2c868fc000 rw-p 00108000 08:02 12583095                   /lib/x86_64-linux-gnu/libm-2.23.so
7f2c868fc000-7f2c875ba000 r-xp 00000000 08:02 5116131                    /usr/lib/jvm/jdk1.8.0_65/jre/lib/amd64/server/libjvm.so
7f2c875ba000-7f2c877b9000 ---p 00cbe000 08:02 5116131                    /usr/lib/jvm/jdk1.8.0_65/jre/lib/amd64/server/libjvm.so
7f2c877b9000-7f2c87891000 rw-p 00cbd000 08:02 5116131                    /usr/lib/jvm/jdk1.8.0_65/jre/lib/amd64/server/libjvm.so
7f2c87891000-7f2c878d6000 rw-p 00000000 00:00 0 
7f2c878d6000-7f2c87a96000 r-xp 00000000 08:02 12583103                   /lib/x86_64-linux-gnu/libc-2.23.so
7f2c87a96000-7f2c87c95000 ---p 001c0000 08:02 12583103                   /lib/x86_64-linux-gnu/libc-2.23.so
7f2c87c95000-7f2c87c99000 r--p 001bf000 08:02 12583103                   /lib/x86_64-linux-gnu/libc-2.23.so
7f2c87c99000-7f2c87c9b000 rw-p 001c3000 08:02 12583103                   /lib/x86_64-linux-gnu/libc-2.23.so
7f2c87c9b000-7f2c87c9f000 rw-p 00000000 00:00 0 
7f2c87c9f000-7f2c87ca2000 r-xp 00000000 08:02 12583104                   /lib/x86_64-linux-gnu/libdl-2.23.so
7f2c87ca2000-7f2c87ea1000 ---p 00003000 08:02 12583104                   /lib/x86_64-linux-gnu/libdl-2.23.so
7f2c87ea1000-7f2c87ea2000 r--p 00002000 08:02 12583104                   /lib/x86_64-linux-gnu/libdl-2.23.so
7f2c87ea2000-7f2c87ea3000 rw-p 00003000 08:02 12583104                   /lib/x86_64-linux-gnu/libdl-2.23.so
7f2c87ea3000-7f2c87eb8000 r-xp 00000000 08:02 4868805                    /usr/lib/jvm/jdk1.8.0_65/lib/amd64/jli/libjli.so
7f2c87eb8000-7f2c880b8000 ---p 00015000 08:02 4868805                    /usr/lib/jvm/jdk1.8.0_65/lib/amd64/jli/libjli.so
7f2c880b8000-7f2c880b9000 rw-p 00015000 08:02 4868805                    /usr/lib/jvm/jdk1.8.0_65/lib/amd64/jli/libjli.so
7f2c880b9000-7f2c880d1000 r-xp 00000000 08:02 12583102                   /lib/x86_64-linux-gnu/libpthread-2.23.so
7f2c880d1000-7f2c882d0000 ---p 00018000 08:02 12583102                   /lib/x86_64-linux-gnu/libpthread-2.23.so
7f2c882d0000-7f2c882d1000 r--p 00017000 08:02 12583102                   /lib/x86_64-linux-gnu/libpthread-2.23.so
7f2c882d1000-7f2c882d2000 rw-p 00018000 08:02 12583102                   /lib/x86_64-linux-gnu/libpthread-2.23.so
7f2c882d2000-7f2c882d6000 rw-p 00000000 00:00 0 
7f2c882d6000-7f2c882fc000 r-xp 00000000 08:02 12583099                   /lib/x86_64-linux-gnu/ld-2.23.so
7f2c882fc000-7f2c883cf000 rw-p 00000000 00:00 0 
7f2c883cf000-7f2c883d2000 ---p 00000000 00:00 0 
7f2c883d2000-7f2c884d4000 rw-p 00000000 00:00 0 
7f2c884d9000-7f2c884e0000 r--s 00000000 08:02 5115547                    /usr/lib/x86_64-linux-gnu/gconv/gconv-modules.cache
7f2c884e0000-7f2c884ef000 r--s 000df000 08:02 13635925                   /home/alvaro/Android/Sdk/build-tools/23.0.3/lib/dx.jar
7f2c884ef000-7f2c884f7000 rw-s 00000000 08:02 12988328                   /tmp/hsperfdata_alvaro/16992
7f2c884f7000-7f2c884f8000 rw-p 00000000 00:00 0 
7f2c884f8000-7f2c884f9000 ---p 00000000 00:00 0 
7f2c884f9000-7f2c884fb000 rw-p 00000000 00:00 0 
7f2c884fb000-7f2c884fc000 r--p 00025000 08:02 12583099                   /lib/x86_64-linux-gnu/ld-2.23.so
7f2c884fc000-7f2c884fd000 rw-p 00026000 08:02 12583099                   /lib/x86_64-linux-gnu/ld-2.23.so
7f2c884fd000-7f2c884fe000 rw-p 00000000 00:00 0 
7ffcd135a000-7ffcd137b000 rw-p 00000000 00:00 0                          [stack]
7ffcd13c5000-7ffcd13c7000 r--p 00000000 00:00 0                          [vvar]
7ffcd13c7000-7ffcd13c9000 r-xp 00000000 00:00 0                          [vdso]
ffffffffff600000-ffffffffff601000 r-xp 00000000 00:00 0                  [vsyscall]

VM Arguments:
jvm_args: -Djava.awt.headless=true -Xmx4g -Dfile.encoding=UTF-8 -Duser.country=ES -Duser.language=es -Duser.variant 
java_command: com.android.dx.command.Main --dex --num-threads=4 --multi-dex --main-dex-list /home/alvaro/workspaces/studio/mijuegoteca/app/build/intermediates/multi-dex/release/maindexlist.txt --output /home/alvaro/workspaces/studio/mijuegoteca/app/build/intermediates/transforms/dex/release/folders/1000/1f/main /home/alvaro/workspaces/studio/mijuegoteca/app/build/intermediates/transforms/proguard/release/jars/3/1f/main.jar
java_class_path (initial): /home/alvaro/Android/Sdk/build-tools/23.0.3/lib/dx.jar
Launcher Type: SUN_STANDARD

Environment Variables:
JAVA_HOME=/usr/lib/jvm/jdk1.8.0_65
PATH=/opt/lm1100/bin:/usr/local/sbin:/usr/local/bin:/usr/sbin:/usr/bin:/sbin:/bin:/usr/games:/usr/local/games:/snap/bin
LD_LIBRARY_PATH=/home/alvaro/Android/android-studio/bin:
SHELL=/bin/bash
DISPLAY=:0

Signal Handlers:
SIGSEGV: [libjvm.so+0xaba070], sa_mask[0]=11111111011111111101111111111110, sa_flags=SA_RESTART|SA_SIGINFO
SIGBUS: [libjvm.so+0xaba070], sa_mask[0]=11111111011111111101111111111110, sa_flags=SA_RESTART|SA_SIGINFO
SIGFPE: [libjvm.so+0x917630], sa_mask[0]=11111111011111111101111111111110, sa_flags=SA_RESTART|SA_SIGINFO
SIGPIPE: [libjvm.so+0x917630], sa_mask[0]=11111111011111111101111111111110, sa_flags=SA_RESTART|SA_SIGINFO
SIGXFSZ: [libjvm.so+0x917630], sa_mask[0]=11111111011111111101111111111110, sa_flags=SA_RESTART|SA_SIGINFO
SIGILL: [libjvm.so+0x917630], sa_mask[0]=11111111011111111101111111111110, sa_flags=SA_RESTART|SA_SIGINFO
SIGUSR1: SIG_DFL, sa_mask[0]=00000000000000000000000000000000, sa_flags=none
SIGUSR2: [libjvm.so+0x918c60], sa_mask[0]=00100000000000000000000000000000, sa_flags=SA_RESTART|SA_SIGINFO
SIGHUP: [libjvm.so+0x91a060], sa_mask[0]=11111111011111111101111111111110, sa_flags=SA_RESTART|SA_SIGINFO
SIGINT: [libjvm.so+0x91a060], sa_mask[0]=11111111011111111101111111111110, sa_flags=SA_RESTART|SA_SIGINFO
SIGTERM: [libjvm.so+0x91a060], sa_mask[0]=11111111011111111101111111111110, sa_flags=SA_RESTART|SA_SIGINFO
SIGQUIT: [libjvm.so+0x91a060], sa_mask[0]=11111111011111111101111111111110, sa_flags=SA_RESTART|SA_SIGINFO


---------------  S Y S T E M  ---------------

OS:DISTRIB_ID=Ubuntu
DISTRIB_RELEASE=16.04
DISTRIB_CODENAME=xenial
DISTRIB_DESCRIPTION="Ubuntu 16.04.1 LTS"

uname:Linux 4.4.0-38-generic #57-Ubuntu SMP Tue Sep 6 15:42:33 UTC 2016 x86_64
libc:glibc 2.23 NPTL 2.23 
rlimit: STACK 8192k, CORE 0k, NPROC 22556, NOFILE 65536, AS infinity
load average:1,77 1,19 1,13

/proc/meminfo:
MemTotal:        5993536 kB
MemFree:          116148 kB
MemAvailable:      69928 kB
Buffers:             868 kB
Cached:           720892 kB
SwapCached:        44592 kB
Active:          4425668 kB
Inactive:        1132172 kB
Active(anon):    4389480 kB
Inactive(anon):  1098192 kB
Active(file):      36188 kB
Inactive(file):    33980 kB
Unevictable:        2424 kB
Mlocked:            2424 kB
SwapTotal:       6173692 kB
SwapFree:              0 kB
Dirty:               428 kB
Writeback:             0 kB
AnonPages:       4794332 kB
Mapped:           449072 kB
Shmem:            655800 kB
Slab:             151448 kB
SReclaimable:      93000 kB
SUnreclaim:        58448 kB
KernelStack:       16608 kB
PageTables:        70480 kB
NFS_Unstable:          0 kB
Bounce:                0 kB
WritebackTmp:          0 kB
CommitLimit:     9170460 kB
Committed_AS:   17794248 kB
VmallocTotal:   34359738367 kB
VmallocUsed:           0 kB
VmallocChunk:          0 kB
HardwareCorrupted:     0 kB
AnonHugePages:    940032 kB
CmaTotal:              0 kB
CmaFree:               0 kB
HugePages_Total:       0
HugePages_Free:        0
HugePages_Rsvd:        0
HugePages_Surp:        0
Hugepagesize:       2048 kB
DirectMap4k:      198672 kB
DirectMap2M:     5976064 kB


CPU:total 8 (4 cores per cpu, 2 threads per core) family 6 model 58 stepping 9, cmov, cx8, fxsr, mmx, sse, sse2, sse3, ssse3, sse4.1, sse4.2, popcnt, avx, aes, clmul, erms, ht, tsc, tscinvbit, tscinv

/proc/cpuinfo:
processor	: 0
vendor_id	: GenuineIntel
cpu family	: 6
model		: 58
model name	: Intel(R) Core(TM) i7-3610QM CPU @ 2.30GHz
stepping	: 9
microcode	: 0x1c
cpu MHz		: 3099.789
cache size	: 6144 KB
physical id	: 0
siblings	: 8
core id		: 0
cpu cores	: 4
apicid		: 0
initial apicid	: 0
fpu		: yes
fpu_exception	: yes
cpuid level	: 13
wp		: yes
flags		: fpu vme de pse tsc msr pae mce cx8 apic sep mtrr pge mca cmov pat pse36 clflush dts acpi mmx fxsr sse sse2 ss ht tm pbe syscall nx rdtscp lm constant_tsc arch_perfmon pebs bts rep_good nopl xtopology nonstop_tsc aperfmperf eagerfpu pni pclmulqdq dtes64 monitor ds_cpl vmx est tm2 ssse3 cx16 xtpr pdcm pcid sse4_1 sse4_2 x2apic popcnt tsc_deadline_timer aes xsave avx f16c rdrand lahf_lm epb tpr_shadow vnmi flexpriority ept vpid fsgsbase smep erms xsaveopt dtherm ida arat pln pts
bugs		:
bogomips	: 4589.64
clflush size	: 64
cache_alignment	: 64
address sizes	: 36 bits physical, 48 bits virtual
power management:

processor	: 1
vendor_id	: GenuineIntel
cpu family	: 6
model		: 58
model name	: Intel(R) Core(TM) i7-3610QM CPU @ 2.30GHz
stepping	: 9
microcode	: 0x1c
cpu MHz		: 3100.328
cache size	: 6144 KB
physical id	: 0
siblings	: 8
core id		: 1
cpu cores	: 4
apicid		: 2
initial apicid	: 2
fpu		: yes
fpu_exception	: yes
cpuid level	: 13
wp		: yes
flags		: fpu vme de pse tsc msr pae mce cx8 apic sep mtrr pge mca cmov pat pse36 clflush dts acpi mmx fxsr sse sse2 ss ht tm pbe syscall nx rdtscp lm constant_tsc arch_perfmon pebs bts rep_good nopl xtopology nonstop_tsc aperfmperf eagerfpu pni pclmulqdq dtes64 monitor ds_cpl vmx est tm2 ssse3 cx16 xtpr pdcm pcid sse4_1 sse4_2 x2apic popcnt tsc_deadline_timer aes xsave avx f16c rdrand lahf_lm epb tpr_shadow vnmi flexpriority ept vpid fsgsbase smep erms xsaveopt dtherm ida arat pln pts
bugs		:
bogomips	: 4589.64
clflush size	: 64
cache_alignment	: 64
address sizes	: 36 bits physical, 48 bits virtual
power management:

processor	: 2
vendor_id	: GenuineIntel
cpu family	: 6
model		: 58
model name	: Intel(R) Core(TM) i7-3610QM CPU @ 2.30GHz
stepping	: 9
microcode	: 0x1c
cpu MHz		: 3099.968
cache size	: 6144 KB
physical id	: 0
siblings	: 8
core id		: 2
cpu cores	: 4
apicid		: 4
initial apicid	: 4
fpu		: yes
fpu_exception	: yes
cpuid level	: 13
wp		: yes
flags		: fpu vme de pse tsc msr pae mce cx8 apic sep mtrr pge mca cmov pat pse36 clflush dts acpi mmx fxsr sse sse2 ss ht tm pbe syscall nx rdtscp lm constant_tsc arch_perfmon pebs bts rep_good nopl xtopology nonstop_tsc aperfmperf eagerfpu pni pclmulqdq dtes64 monitor ds_cpl vmx est tm2 ssse3 cx16 xtpr pdcm pcid sse4_1 sse4_2 x2apic popcnt tsc_deadline_timer aes xsave avx f16c rdrand lahf_lm epb tpr_shadow vnmi flexpriority ept vpid fsgsbase smep erms xsaveopt dtherm ida arat pln pts
bugs		:
bogomips	: 4589.64
clflush size	: 64
cache_alignment	: 64
address sizes	: 36 bits physical, 48 bits virtual
power management:

processor	: 3
vendor_id	: GenuineIntel
cpu family	: 6
model		: 58
model name	: Intel(R) Core(TM) i7-3610QM CPU @ 2.30GHz
stepping	: 9
microcode	: 0x1c
cpu MHz		: 3099.968
cache size	: 6144 KB
physical id	: 0
siblings	: 8
core id		: 3
cpu cores	: 4
apicid		: 6
initial apicid	: 6
fpu		: yes
fpu_exception	: yes
cpuid level	: 13
wp		: yes
flags		: fpu vme de pse tsc msr pae mce cx8 apic sep mtrr pge mca cmov pat pse36 clflush dts acpi mmx fxsr sse sse2 ss ht tm pbe syscall nx rdtscp lm constant_tsc arch_perfmon pebs bts rep_good nopl xtopology nonstop_tsc aperfmperf eagerfpu pni pclmulqdq dtes64 monitor ds_cpl vmx est tm2 ssse3 cx16 xtpr pdcm pcid sse4_1 sse4_2 x2apic popcnt tsc_deadline_timer aes xsave avx f16c rdrand lahf_lm epb tpr_shadow vnmi flexpriority ept vpid fsgsbase smep erms xsaveopt dtherm ida arat pln pts
bugs		:
bogomips	: 4589.64
clflush size	: 64
cache_alignment	: 64
address sizes	: 36 bits physical, 48 bits virtual
power management:

processor	: 4
vendor_id	: GenuineIntel
cpu family	: 6
model		: 58
model name	: Intel(R) Core(TM) i7-3610QM CPU @ 2.30GHz
stepping	: 9
microcode	: 0x1c
cpu MHz		: 3099.968
cache size	: 6144 KB
physical id	: 0
siblings	: 8
core id		: 0
cpu cores	: 4
apicid		: 1
initial apicid	: 1
fpu		: yes
fpu_exception	: yes
cpuid level	: 13
wp		: yes
flags		: fpu vme de pse tsc msr pae mce cx8 apic sep mtrr pge mca cmov pat pse36 clflush dts acpi mmx fxsr sse sse2 ss ht tm pbe syscall nx rdtscp lm constant_tsc arch_perfmon pebs bts rep_good nopl xtopology nonstop_tsc aperfmperf eagerfpu pni pclmulqdq dtes64 monitor ds_cpl vmx est tm2 ssse3 cx16 xtpr pdcm pcid sse4_1 sse4_2 x2apic popcnt tsc_deadline_timer aes xsave avx f16c rdrand lahf_lm epb tpr_shadow vnmi flexpriority ept vpid fsgsbase smep erms xsaveopt dtherm ida arat pln pts
bugs		:
bogomips	: 4589.64
clflush size	: 64
cache_alignment	: 64
address sizes	: 36 bits physical, 48 bits virtual
power management:

processor	: 5
vendor_id	: GenuineIntel
cpu family	: 6
model		: 58
model name	: Intel(R) Core(TM) i7-3610QM CPU @ 2.30GHz
stepping	: 9
microcode	: 0x1c
cpu MHz		: 3105.628
cache size	: 6144 KB
physical id	: 0
siblings	: 8
core id		: 1
cpu cores	: 4
apicid		: 3
initial apicid	: 3
fpu		: yes
fpu_exception	: yes
cpuid level	: 13
wp		: yes
flags		: fpu vme de pse tsc msr pae mce cx8 apic sep mtrr pge mca cmov pat pse36 clflush dts acpi mmx fxsr sse sse2 ss ht tm pbe syscall nx rdtscp lm constant_tsc arch_perfmon pebs bts rep_good nopl xtopology nonstop_tsc aperfmperf eagerfpu pni pclmulqdq dtes64 monitor ds_cpl vmx est tm2 ssse3 cx16 xtpr pdcm pcid sse4_1 sse4_2 x2apic popcnt tsc_deadline_timer aes xsave avx f16c rdrand lahf_lm epb tpr_shadow vnmi flexpriority ept vpid fsgsbase smep erms xsaveopt dtherm ida arat pln pts
bugs		:
bogomips	: 4589.64
clflush size	: 64
cache_alignment	: 64
address sizes	: 36 bits physical, 48 bits virtual
power management:

processor	: 6
vendor_id	: GenuineIntel
cpu family	: 6
model		: 58
model name	: Intel(R) Core(TM) i7-3610QM CPU @ 2.30GHz
stepping	: 9
microcode	: 0x1c
cpu MHz		: 3099.968
cache size	: 6144 KB
physical id	: 0
siblings	: 8
core id		: 2
cpu cores	: 4
apicid		: 5
initial apicid	: 5
fpu		: yes
fpu_exception	: yes
cpuid level	: 13
wp		: yes
flags		: fpu vme de pse tsc msr pae mce cx8 apic sep mtrr pge mca cmov pat pse36 clflush dts acpi mmx fxsr sse sse2 ss ht tm pbe syscall nx rdtscp lm constant_tsc arch_perfmon pebs bts rep_good nopl xtopology nonstop_tsc aperfmperf eagerfpu pni pclmulqdq dtes64 monitor ds_cpl vmx est tm2 ssse3 cx16 xtpr pdcm pcid sse4_1 sse4_2 x2apic popcnt tsc_deadline_timer aes xsave avx f16c rdrand lahf_lm epb tpr_shadow vnmi flexpriority ept vpid fsgsbase smep erms xsaveopt dtherm ida arat pln pts
bugs		:
bogomips	: 4589.64
clflush size	: 64
cache_alignment	: 64
address sizes	: 36 bits physical, 48 bits virtual
power management:

processor	: 7
vendor_id	: GenuineIntel
cpu family	: 6
model		: 58
model name	: Intel(R) Core(TM) i7-3610QM CPU @ 2.30GHz
stepping	: 9
microcode	: 0x1c
cpu MHz		: 3101.316
cache size	: 6144 KB
physical id	: 0
siblings	: 8
core id		: 3
cpu cores	: 4
apicid		: 7
initial apicid	: 7
fpu		: yes
fpu_exception	: yes
cpuid level	: 13
wp		: yes
flags		: fpu vme de pse tsc msr pae mce cx8 apic sep mtrr pge mca cmov pat pse36 clflush dts acpi mmx fxsr sse sse2 ss ht tm pbe syscall nx rdtscp lm constant_tsc arch_perfmon pebs bts rep_good nopl xtopology nonstop_tsc aperfmperf eagerfpu pni pclmulqdq dtes64 monitor ds_cpl vmx est tm2 ssse3 cx16 xtpr pdcm pcid sse4_1 sse4_2 x2apic popcnt tsc_deadline_timer aes xsave avx f16c rdrand lahf_lm epb tpr_shadow vnmi flexpriority ept vpid fsgsbase smep erms xsaveopt dtherm ida arat pln pts
bugs		:
bogomips	: 4589.64
clflush size	: 64
cache_alignment	: 64
address sizes	: 36 bits physical, 48 bits virtual
power management:



Memory: 4k page, physical 5993536k(117156k free), swap 6173692k(0k free)

vm_info: Java HotSpot(TM) 64-Bit Server VM (25.65-b01) for linux-amd64 JRE (1.8.0_65-b17), built on Oct  6 2015 17:16:12 by "java_re" with gcc 4.3.0 20080428 (Red Hat 4.3.0-8)

time: Fri Sep 23 21:34:57 2016
elapsed time: 2 seconds (0d 0h 0m 2s)

