#
# There is insufficient memory for the Java Runtime Environment to continue.
# Native memory allocation (mmap) failed to map 198180864 bytes for committing reserved memory.
# Possible reasons:
#   The system is out of physical RAM or swap space
#   In 32 bit mode, the process size limit was hit
# Possible solutions:
#   Reduce memory load on the system
#   Increase physical memory or swap space
#   Check if swap backing store is full
#   Use 64 bit Java on a 64 bit OS
#   Decrease Java heap size (-Xmx/-Xms)
#   Decrease number of Java threads
#   Decrease Java thread stack sizes (-Xss)
#   Set larger code cache with -XX:ReservedCodeCacheSize=
# This output file may be truncated or incomplete.
#
#  Out of Memory Error (os_linux.cpp:2640), pid=32062, tid=0x00007f7569d1f700
#
# JRE version: Java(TM) SE Runtime Environment (8.0_161-b12) (build 1.8.0_161-b12)
# Java VM: Java HotSpot(TM) 64-Bit Server VM (25.161-b12 mixed mode linux-amd64 compressed oops)
# Failed to write core dump. Core dumps have been disabled. To enable core dumping, try "ulimit -c unlimited" before starting Java again
#

---------------  T H R E A D  ---------------

Current thread (0x00007f7594081800):  VMThread [stack: 0x00007f7569c1f000,0x00007f7569d20000] [id=32075]

Stack: [0x00007f7569c1f000,0x00007f7569d20000],  sp=0x00007f7569d1dfd0,  free space=1019k
Native frames: (J=compiled Java code, j=interpreted, Vv=VM code, C=native code)
V  [libjvm.so+0xacf94a]  VMError::report_and_die()+0x2ba
V  [libjvm.so+0x50050b]  report_vm_out_of_memory(char const*, int, unsigned long, VMErrorType, char const*)+0x8b
V  [libjvm.so+0x92b133]  os::Linux::commit_memory_impl(char*, unsigned long, bool)+0x103
V  [libjvm.so+0x92b5c9]  os::pd_commit_memory(char*, unsigned long, unsigned long, bool)+0x29
V  [libjvm.so+0x924c0a]  os::commit_memory(char*, unsigned long, unsigned long, bool)+0x2a
V  [libjvm.so+0x99ab53]  PSVirtualSpace::expand_by(unsigned long)+0x53
V  [libjvm.so+0x99bf58]  PSYoungGen::resize_generation(unsigned long, unsigned long)+0xf8
V  [libjvm.so+0x99b0b2]  PSYoungGen::resize(unsigned long, unsigned long)+0x22
V  [libjvm.so+0x99838b]  PSScavenge::invoke_no_policy()+0xf3b
V  [libjvm.so+0x998b11]  PSScavenge::invoke()+0x41
V  [libjvm.so+0x94f5a0]  ParallelScavengeHeap::failed_mem_allocate(unsigned long)+0x70
V  [libjvm.so+0xad13c7]  VM_ParallelGCFailedAllocation::doit()+0x97
V  [libjvm.so+0xad8ed5]  VM_Operation::evaluate()+0x55
V  [libjvm.so+0xad729a]  VMThread::evaluate_operation(VM_Operation*)+0xba
V  [libjvm.so+0xad761e]  VMThread::loop()+0x1ce
V  [libjvm.so+0xad7a90]  VMThread::run()+0x70
V  [libjvm.so+0x92da28]  java_start(Thread*)+0x108

VM_Operation (0x00007f7568dfeb90): ParallelGCFailedAllocation, mode: safepoint, requested by thread 0x00007f759420b000


---------------  P R O C E S S  ---------------

Java Threads: ( => current thread )
  0x00007f7594217800 JavaThread "pool-2-thread-4" [_thread_blocked, id=32089, stack(0x00007f75688fc000,0x00007f75689fd000)]
  0x00007f7594216000 JavaThread "pool-2-thread-3" [_thread_blocked, id=32088, stack(0x00007f75689fd000,0x00007f7568afe000)]
  0x00007f7594212000 JavaThread "pool-2-thread-2" [_thread_blocked, id=32087, stack(0x00007f7568afe000,0x00007f7568bff000)]
  0x00007f759420c800 JavaThread "pool-3-thread-1" [_thread_blocked, id=32086, stack(0x00007f7568bff000,0x00007f7568d00000)]
  0x00007f759420b000 JavaThread "pool-2-thread-1" [_thread_blocked, id=32085, stack(0x00007f7568d00000,0x00007f7568e01000)]
  0x00007f75940e7800 JavaThread "Service Thread" daemon [_thread_blocked, id=32083, stack(0x00007f756900a000,0x00007f756910b000)]
  0x00007f75940ca000 JavaThread "C1 CompilerThread3" daemon [_thread_blocked, id=32082, stack(0x00007f756910b000,0x00007f756920c000)]
  0x00007f75940c8000 JavaThread "C2 CompilerThread2" daemon [_thread_blocked, id=32081, stack(0x00007f756920c000,0x00007f756930d000)]
  0x00007f75940c6000 JavaThread "C2 CompilerThread1" daemon [_thread_blocked, id=32080, stack(0x00007f756930d000,0x00007f756940e000)]
  0x00007f75940c3000 JavaThread "C2 CompilerThread0" daemon [_thread_blocked, id=32079, stack(0x00007f756940e000,0x00007f756950f000)]
  0x00007f75940c2000 JavaThread "Signal Dispatcher" daemon [_thread_blocked, id=32078, stack(0x00007f756950f000,0x00007f7569610000)]
  0x00007f759408e000 JavaThread "Finalizer" daemon [_thread_blocked, id=32077, stack(0x00007f7569a1d000,0x00007f7569b1e000)]
  0x00007f7594089800 JavaThread "Reference Handler" daemon [_thread_blocked, id=32076, stack(0x00007f7569b1e000,0x00007f7569c1f000)]
  0x00007f759400b800 JavaThread "main" [_thread_blocked, id=32066, stack(0x00007f759c450000,0x00007f759c551000)]

Other Threads:
=>0x00007f7594081800 VMThread [stack: 0x00007f7569c1f000,0x00007f7569d20000] [id=32075]
  0x00007f75940ec000 WatcherThread [stack: 0x00007f7568f09000,0x00007f756900a000] [id=32084]

VM state:at safepoint (normal execution)

VM Mutex/Monitor currently owned by a thread:  ([mutex/lock_event])
[0x00007f7594007de0] Threads_lock - owner thread: 0x00007f7594081800
[0x00007f75940082e0] Heap_lock - owner thread: 0x00007f759420b000

Heap:
 PSYoungGen      total 193024K, used 19956K [0x000000076ab00000, 0x0000000777e00000, 0x00000007c0000000)
  eden space 173056K, 0% used [0x000000076ab00000,0x000000076ab00000,0x0000000775400000)
  from space 19968K, 99% used [0x0000000775400000,0x000000077677d178,0x0000000776780000)
  to   space 16896K, 0% used [0x0000000776780000,0x0000000776780000,0x0000000777800000)
 ParOldGen       total 58880K, used 35516K [0x00000006c0000000, 0x00000006c3980000, 0x000000076ab00000)
  object space 58880K, 60% used [0x00000006c0000000,0x00000006c22af1d0,0x00000006c3980000)
 Metaspace       used 6548K, capacity 7192K, committed 7424K, reserved 1056768K
  class space    used 631K, capacity 656K, committed 768K, reserved 1048576K

Card table byte_map: [0x00007f759897c000,0x00007f759917d000] byte_map_base: 0x00007f759537c000

Marking Bits: (ParMarkBitMap*) 0x00007f759b902920
 Begin Bits: [0x00007f7554000000, 0x00007f7558000000)
 End Bits:   [0x00007f7558000000, 0x00007f755c000000)

Polling page: 0x00007f759c56d000

CodeCache: size=245760Kb used=7582Kb max_used=7582Kb free=238178Kb
 bounds [0x00007f7585000000, 0x00007f7585770000, 0x00007f7594000000]
 total_blobs=2191 nmethods=1917 adapters=185
 compilation: enabled

Compilation events (10 events):
Event: 1,597 Thread 0x00007f75940ca000 2016       2       java.util.Date::getTimeImpl (27 bytes)
Event: 1,597 Thread 0x00007f75940ca000 nmethod 2016 0x00007f75857448d0 code [0x00007f7585744a40, 0x00007f7585744be8]
Event: 1,597 Thread 0x00007f75940ca000 2018       2       com.android.dx.cf.cst.ConstantPoolParser::parseIfNecessary (12 bytes)
Event: 1,598 Thread 0x00007f75940ca000 nmethod 2018 0x00007f7585744550 code [0x00007f75857446c0, 0x00007f7585744848]
Event: 1,598 Thread 0x00007f75940ca000 2019       2       com.android.dx.cf.direct.MemberListParser::<init> (74 bytes)
Event: 1,598 Thread 0x00007f75940ca000 nmethod 2019 0x00007f7585743e50 code [0x00007f7585743fe0, 0x00007f7585744388]
Event: 1,598 Thread 0x00007f75940ca000 2020       2       java.util.concurrent.locks.AbstractQueuedSynchronizer::hasQueuedPredecessors (40 bytes)
Event: 1,598 Thread 0x00007f75940ca000 nmethod 2020 0x00007f7585766c50 code [0x00007f7585766dc0, 0x00007f7585766f70]
Event: 1,598 Thread 0x00007f75940ca000 2010       2       com.android.dx.dex.code.TargetInsn::<init> (29 bytes)
Event: 1,598 Thread 0x00007f75940ca000 nmethod 2010 0x00007f7585767050 code [0x00007f75857671c0, 0x00007f7585767418]

GC Heap History (10 events):
Event: 0,173 GC heap after
Heap after GC invocations=2 (full 0):
 PSYoungGen      total 47616K, used 1792K [0x000000076ab00000, 0x000000076dd00000, 0x00000007c0000000)
  eden space 44032K, 0% used [0x000000076ab00000,0x000000076ab00000,0x000000076d600000)
  from space 3584K, 50% used [0x000000076d980000,0x000000076db40000,0x000000076dd00000)
  to   space 3584K, 0% used [0x000000076d600000,0x000000076d600000,0x000000076d980000)
 ParOldGen       total 58880K, used 16K [0x00000006c0000000, 0x00000006c3980000, 0x000000076ab00000)
  object space 58880K, 0% used [0x00000006c0000000,0x00000006c0004000,0x00000006c3980000)
 Metaspace       used 3545K, capacity 4784K, committed 5120K, reserved 1056768K
  class space    used 383K, capacity 424K, committed 512K, reserved 1048576K
}
Event: 0,410 GC heap before
{Heap before GC invocations=3 (full 0):
 PSYoungGen      total 47616K, used 45824K [0x000000076ab00000, 0x000000076dd00000, 0x00000007c0000000)
  eden space 44032K, 100% used [0x000000076ab00000,0x000000076d600000,0x000000076d600000)
  from space 3584K, 50% used [0x000000076d980000,0x000000076db40000,0x000000076dd00000)
  to   space 3584K, 0% used [0x000000076d600000,0x000000076d600000,0x000000076d980000)
 ParOldGen       total 58880K, used 16K [0x00000006c0000000, 0x00000006c3980000, 0x000000076ab00000)
  object space 58880K, 0% used [0x00000006c0000000,0x00000006c0004000,0x00000006c3980000)
 Metaspace       used 5887K, capacity 6808K, committed 7168K, reserved 1056768K
  class space    used 608K, capacity 656K, committed 768K, reserved 1048576K
Event: 0,414 GC heap after
Heap after GC invocations=3 (full 0):
 PSYoungGen      total 47616K, used 3561K [0x000000076ab00000, 0x0000000770800000, 0x00000007c0000000)
  eden space 44032K, 0% used [0x000000076ab00000,0x000000076ab00000,0x000000076d600000)
  from space 3584K, 99% used [0x000000076d600000,0x000000076d97a710,0x000000076d980000)
  to   space 3584K, 0% used [0x0000000770480000,0x0000000770480000,0x0000000770800000)
 ParOldGen       total 58880K, used 2387K [0x00000006c0000000, 0x00000006c3980000, 0x000000076ab00000)
  object space 58880K, 4% used [0x00000006c0000000,0x00000006c0254ef0,0x00000006c3980000)
 Metaspace       used 5887K, capacity 6808K, committed 7168K, reserved 1056768K
  class space    used 608K, capacity 656K, committed 768K, reserved 1048576K
}
Event: 0,688 GC heap before
{Heap before GC invocations=4 (full 0):
 PSYoungGen      total 47616K, used 47593K [0x000000076ab00000, 0x0000000770800000, 0x00000007c0000000)
  eden space 44032K, 100% used [0x000000076ab00000,0x000000076d600000,0x000000076d600000)
  from space 3584K, 99% used [0x000000076d600000,0x000000076d97a710,0x000000076d980000)
  to   space 3584K, 0% used [0x0000000770480000,0x0000000770480000,0x0000000770800000)
 ParOldGen       total 58880K, used 2387K [0x00000006c0000000, 0x00000006c3980000, 0x000000076ab00000)
  object space 58880K, 4% used [0x00000006c0000000,0x00000006c0254ef0,0x00000006c3980000)
 Metaspace       used 6155K, capacity 6936K, committed 7168K, reserved 1056768K
  class space    used 628K, capacity 656K, committed 768K, reserved 1048576K
Event: 0,695 GC heap after
Heap after GC invocations=4 (full 0):
 PSYoungGen      total 91648K, used 3581K [0x000000076ab00000, 0x0000000770800000, 0x00000007c0000000)
  eden space 88064K, 0% used [0x000000076ab00000,0x000000076ab00000,0x0000000770100000)
  from space 3584K, 99% used [0x0000000770480000,0x00000007707ff568,0x0000000770800000)
  to   space 3584K, 0% used [0x0000000770100000,0x0000000770100000,0x0000000770480000)
 ParOldGen       total 58880K, used 8322K [0x00000006c0000000, 0x00000006c3980000, 0x000000076ab00000)
  object space 58880K, 14% used [0x00000006c0000000,0x00000006c0820be0,0x00000006c3980000)
 Metaspace       used 6155K, capacity 6936K, committed 7168K, reserved 1056768K
  class space    used 628K, capacity 656K, committed 768K, reserved 1048576K
}
Event: 0,959 GC heap before
{Heap before GC invocations=5 (full 0):
 PSYoungGen      total 91648K, used 91645K [0x000000076ab00000, 0x0000000770800000, 0x00000007c0000000)
  eden space 88064K, 100% used [0x000000076ab00000,0x0000000770100000,0x0000000770100000)
  from space 3584K, 99% used [0x0000000770480000,0x00000007707ff568,0x0000000770800000)
  to   space 3584K, 0% used [0x0000000770100000,0x0000000770100000,0x0000000770480000)
 ParOldGen       total 58880K, used 8322K [0x00000006c0000000, 0x00000006c3980000, 0x000000076ab00000)
  object space 58880K, 14% used [0x00000006c0000000,0x00000006c0820be0,0x00000006c3980000)
 Metaspace       used 6332K, capacity 7064K, committed 7424K, reserved 1056768K
  class space    used 630K, capacity 656K, committed 768K, reserved 1048576K
Event: 0,977 GC heap after
Heap after GC invocations=5 (full 0):
 PSYoungGen      total 91648K, used 3561K [0x000000076ab00000, 0x0000000777800000, 0x00000007c0000000)
  eden space 88064K, 0% used [0x000000076ab00000,0x000000076ab00000,0x0000000770100000)
  from space 3584K, 99% used [0x0000000770100000,0x000000077047a500,0x0000000770480000)
  to   space 16896K, 0% used [0x0000000776780000,0x0000000776780000,0x0000000777800000)
 ParOldGen       total 58880K, used 20497K [0x00000006c0000000, 0x00000006c3980000, 0x000000076ab00000)
  object space 58880K, 34% used [0x00000006c0000000,0x00000006c1404568,0x00000006c3980000)
 Metaspace       used 6332K, capacity 7064K, committed 7424K, reserved 1056768K
  class space    used 630K, capacity 656K, committed 768K, reserved 1048576K
}
Event: 1,197 GC heap before
{Heap before GC invocations=6 (full 0):
 PSYoungGen      total 91648K, used 91625K [0x000000076ab00000, 0x0000000777800000, 0x00000007c0000000)
  eden space 88064K, 100% used [0x000000076ab00000,0x0000000770100000,0x0000000770100000)
  from space 3584K, 99% used [0x0000000770100000,0x000000077047a500,0x0000000770480000)
  to   space 16896K, 0% used [0x0000000776780000,0x0000000776780000,0x0000000777800000)
 ParOldGen       total 58880K, used 20497K [0x00000006c0000000, 0x00000006c3980000, 0x000000076ab00000)
  object space 58880K, 34% used [0x00000006c0000000,0x00000006c1404568,0x00000006c3980000)
 Metaspace       used 6471K, capacity 7192K, committed 7424K, reserved 1056768K
  class space    used 630K, capacity 656K, committed 768K, reserved 1048576K
Event: 1,223 GC heap after
Heap after GC invocations=6 (full 0):
 PSYoungGen      total 189952K, used 15337K [0x000000076ab00000, 0x0000000777e00000, 0x00000007c0000000)
  eden space 173056K, 0% used [0x000000076ab00000,0x000000076ab00000,0x0000000775400000)
  from space 16896K, 90% used [0x0000000776780000,0x000000077767a5c0,0x0000000777800000)
  to   space 19968K, 0% used [0x0000000775400000,0x0000000775400000,0x0000000776780000)
 ParOldGen       total 58880K, used 20505K [0x00000006c0000000, 0x00000006c3980000, 0x000000076ab00000)
  object space 58880K, 34% used [0x00000006c0000000,0x00000006c1406568,0x00000006c3980000)
 Metaspace       used 6471K, capacity 7192K, committed 7424K, reserved 1056768K
  class space    used 630K, capacity 656K, committed 768K, reserved 1048576K
}
Event: 1,604 GC heap before
{Heap before GC invocations=7 (full 0):
 PSYoungGen      total 189952K, used 188393K [0x000000076ab00000, 0x0000000777e00000, 0x00000007c0000000)
  eden space 173056K, 100% used [0x000000076ab00000,0x0000000775400000,0x0000000775400000)
  from space 16896K, 90% used [0x0000000776780000,0x000000077767a5c0,0x0000000777800000)
  to   space 19968K, 0% used [0x0000000775400000,0x0000000775400000,0x0000000776780000)
 ParOldGen       total 58880K, used 20505K [0x00000006c0000000, 0x00000006c3980000, 0x000000076ab00000)
  object space 58880K, 34% used [0x00000006c0000000,0x00000006c1406568,0x00000006c3980000)
 Metaspace       used 6548K, capacity 7192K, committed 7424K, reserved 1056768K
  class space    used 631K, capacity 656K, committed 768K, reserved 1048576K

Deoptimization events (10 events):
Event: 0,723 Thread 0x00007f7594217800 Uncommon trap: reason=bimorphic action=maybe_recompile pc=0x00007f75854254ec method=com.android.dx.ssa.SCCP.setLatticeValueTo(IILcom/android/dx/rop/cst/Constant;)Z @ 43
Event: 0,741 Thread 0x00007f7594216000 Uncommon trap: reason=bimorphic action=maybe_recompile pc=0x00007f75854254ec method=com.android.dx.ssa.SCCP.setLatticeValueTo(IILcom/android/dx/rop/cst/Constant;)Z @ 43
Event: 1,145 Thread 0x00007f7594212000 Uncommon trap: reason=unstable_if action=reinterpret pc=0x00007f75853693fc method=com.android.dx.ssa.SsaMethod.updateOneDefinition(Lcom/android/dx/ssa/SsaInsn;Lcom/android/dx/rop/code/RegisterSpec;)V @ 4
Event: 1,153 Thread 0x00007f7594212000 Uncommon trap: reason=bimorphic action=maybe_recompile pc=0x00007f75855c5aac method=com.android.dx.ssa.LiteralOpUpgrader.tryReplacingWithConstant(Lcom/android/dx/ssa/NormalSsaInsn;)Z @ 62
Event: 1,257 Thread 0x00007f7594217800 Uncommon trap: reason=unstable_if action=reinterpret pc=0x00007f758559fc10 method=com.android.dx.ssa.MoveParamCombiner$1.visitNonMoveInsn(Lcom/android/dx/ssa/NormalSsaInsn;)V @ 27
Event: 1,538 Thread 0x00007f759400b800 Uncommon trap: reason=bimorphic action=maybe_recompile pc=0x00007f75857005d0 method=com.android.dx.cf.code.BytecodeArray.parseInstruction(ILcom/android/dx/cf/code/BytecodeArray$Visitor;)I @ 939
Event: 1,538 Thread 0x00007f759400b800 Uncommon trap: reason=bimorphic action=maybe_recompile pc=0x00007f75857005d0 method=com.android.dx.cf.code.BytecodeArray.parseInstruction(ILcom/android/dx/cf/code/BytecodeArray$Visitor;)I @ 939
Event: 1,538 Thread 0x00007f759400b800 Uncommon trap: reason=bimorphic action=maybe_recompile pc=0x00007f75857005d0 method=com.android.dx.cf.code.BytecodeArray.parseInstruction(ILcom/android/dx/cf/code/BytecodeArray$Visitor;)I @ 939
Event: 1,538 Thread 0x00007f759400b800 Uncommon trap: reason=bimorphic action=maybe_recompile pc=0x00007f75857005d0 method=com.android.dx.cf.code.BytecodeArray.parseInstruction(ILcom/android/dx/cf/code/BytecodeArray$Visitor;)I @ 939
Event: 1,590 Thread 0x00007f7594217800 Uncommon trap: reason=unstable_if action=reinterpret pc=0x00007f7585432700 method=com.android.dx.ssa.SCCP.simulateStmt(Lcom/android/dx/ssa/SsaInsn;)V @ 59

Classes redefined (0 events):
No events

Internal exceptions (6 events):
Event: 0,023 Thread 0x00007f759400b800 Exception <a 'java/lang/NoSuchMethodError': Method sun.misc.Unsafe.defineClass(Ljava/lang/String;[BII)Ljava/lang/Class; name or signature does not match> (0x000000076ab07ca0) thrown at [/HUDSON/workspace/8-2-build-linux-amd64/jdk8u161/10277/hotspot/src/sh
Event: 0,023 Thread 0x00007f759400b800 Exception <a 'java/lang/NoSuchMethodError': Method sun.misc.Unsafe.prefetchRead(Ljava/lang/Object;J)V name or signature does not match> (0x000000076ab07f88) thrown at [/HUDSON/workspace/8-2-build-linux-amd64/jdk8u161/10277/hotspot/src/share/vm/prims/jni.c
Event: 0,489 Thread 0x00007f7594217800 Implicit null exception at 0x00007f75852f6ca2 to 0x00007f75852f6d9b
Event: 0,641 Thread 0x00007f7594216000 Exception <a 'java/lang/ArrayIndexOutOfBoundsException': 18> (0x000000076ca1a248) thrown at [/HUDSON/workspace/8-2-build-linux-amd64/jdk8u161/10277/hotspot/src/share/vm/interpreter/interpreterRuntime.cpp, line 366]
Event: 0,641 Thread 0x00007f7594216000 Exception <a 'java/lang/ArrayIndexOutOfBoundsException': 145> (0x000000076ca1bdc8) thrown at [/HUDSON/workspace/8-2-build-linux-amd64/jdk8u161/10277/hotspot/src/share/vm/interpreter/interpreterRuntime.cpp, line 366]
Event: 0,642 Thread 0x00007f7594216000 Exception <a 'java/lang/ArrayIndexOutOfBoundsException': 40> (0x000000076ca1d0b0) thrown at [/HUDSON/workspace/8-2-build-linux-amd64/jdk8u161/10277/hotspot/src/share/vm/interpreter/interpreterRuntime.cpp, line 366]

Events (10 events):
Event: 1,538 Thread 0x00007f759400b800 DEOPT UNPACKING pc=0x00007f758504573a sp=0x00007f759c54e228 mode 2
Event: 1,538 Thread 0x00007f759400b800 Uncommon trap: trap_request=0xffffffc6 fr.pc=0x00007f75857005d0
Event: 1,538 Thread 0x00007f759400b800 DEOPT PACKING pc=0x00007f75857005d0 sp=0x00007f759c54e270
Event: 1,538 Thread 0x00007f759400b800 DEOPT UNPACKING pc=0x00007f758504573a sp=0x00007f759c54e228 mode 2
Event: 1,588 Thread 0x00007f759400b800 DEOPT PACKING pc=0x00007f75853e762b sp=0x00007f759c54e060
Event: 1,588 Thread 0x00007f759400b800 DEOPT UNPACKING pc=0x00007f7585047784 sp=0x00007f759c54de28 mode 0
Event: 1,590 Thread 0x00007f7594217800 Uncommon trap: trap_request=0xffffff65 fr.pc=0x00007f7585432700
Event: 1,590 Thread 0x00007f7594217800 DEOPT PACKING pc=0x00007f7585432700 sp=0x00007f75689faed0
Event: 1,590 Thread 0x00007f7594217800 DEOPT UNPACKING pc=0x00007f758504573a sp=0x00007f75689fae98 mode 2
Event: 1,604 Executing VM operation: ParallelGCFailedAllocation


Dynamic libraries:
00400000-00401000 r-xp 00000000 08:05 7083112                            /usr/lib/jvm/java-8-oracle/bin/java
00600000-00601000 rw-p 00000000 08:05 7083112                            /usr/lib/jvm/java-8-oracle/bin/java
01b56000-01b77000 rw-p 00000000 00:00 0                                  [heap]
6c0000000-6c3980000 rw-p 00000000 00:00 0 
6c3980000-76ab00000 ---p 00000000 00:00 0 
76ab00000-777e00000 rw-p 00000000 00:00 0 
783b00000-7c0000000 ---p 00000000 00:00 0 
7c0000000-7c00c0000 rw-p 00000000 00:00 0 
7c00c0000-800000000 ---p 00000000 00:00 0 
7f751c000000-7f751c024000 rw-p 00000000 00:00 0 
7f751c024000-7f7520000000 ---p 00000000 00:00 0 
7f7520000000-7f7520021000 rw-p 00000000 00:00 0 
7f7520021000-7f7524000000 ---p 00000000 00:00 0 
7f7524000000-7f7524021000 rw-p 00000000 00:00 0 
7f7524021000-7f7528000000 ---p 00000000 00:00 0 
7f7528000000-7f7528041000 rw-p 00000000 00:00 0 
7f7528041000-7f752c000000 ---p 00000000 00:00 0 
7f752c000000-7f752c021000 rw-p 00000000 00:00 0 
7f752c021000-7f7530000000 ---p 00000000 00:00 0 
7f7530000000-7f7530031000 rw-p 00000000 00:00 0 
7f7530031000-7f7534000000 ---p 00000000 00:00 0 
7f7534000000-7f7534884000 rw-p 00000000 00:00 0 
7f7534884000-7f7538000000 ---p 00000000 00:00 0 
7f7538000000-7f7538021000 rw-p 00000000 00:00 0 
7f7538021000-7f753c000000 ---p 00000000 00:00 0 
7f753c000000-7f753cd0d000 rw-p 00000000 00:00 0 
7f753cd0d000-7f7540000000 ---p 00000000 00:00 0 
7f7540000000-7f7540878000 rw-p 00000000 00:00 0 
7f7540878000-7f7544000000 ---p 00000000 00:00 0 
7f7544000000-7f7544021000 rw-p 00000000 00:00 0 
7f7544021000-7f7548000000 ---p 00000000 00:00 0 
7f7548000000-7f7548a40000 rw-p 00000000 00:00 0 
7f7548a40000-7f754c000000 ---p 00000000 00:00 0 
7f754c000000-7f754c021000 rw-p 00000000 00:00 0 
7f754c021000-7f7550000000 ---p 00000000 00:00 0 
7f7550000000-7f7550021000 rw-p 00000000 00:00 0 
7f7550021000-7f7554000000 ---p 00000000 00:00 0 
7f7554000000-7f755c000000 rw-p 00000000 00:00 0 
7f755c000000-7f755c021000 rw-p 00000000 00:00 0 
7f755c021000-7f7560000000 ---p 00000000 00:00 0 
7f7560000000-7f7560299000 rw-p 00000000 00:00 0 
7f7560299000-7f7564000000 ---p 00000000 00:00 0 
7f7564000000-7f7564021000 rw-p 00000000 00:00 0 
7f7564021000-7f7568000000 ---p 00000000 00:00 0 
7f75688fc000-7f75688ff000 ---p 00000000 00:00 0 
7f75688ff000-7f75689fd000 rw-p 00000000 00:00 0 
7f75689fd000-7f7568a00000 ---p 00000000 00:00 0 
7f7568a00000-7f7568afe000 rw-p 00000000 00:00 0 
7f7568afe000-7f7568b01000 ---p 00000000 00:00 0 
7f7568b01000-7f7568bff000 rw-p 00000000 00:00 0 
7f7568bff000-7f7568c02000 ---p 00000000 00:00 0 
7f7568c02000-7f7568d00000 rw-p 00000000 00:00 0 
7f7568d00000-7f7568d03000 ---p 00000000 00:00 0 
7f7568d03000-7f7568e01000 rw-p 00000000 00:00 0 
7f7568e01000-7f7568e73000 r--s 00427000 08:05 4077440                    /home/alvaro/Workspaces/juegoteca/app/build/intermediates/transforms/proguard/release/0.jar
7f7568e73000-7f7568f09000 r--s 0110a000 08:05 7603113                    /usr/lib/jvm/java-8-oracle/jre/lib/ext/jfxrt.jar
7f7568f09000-7f7568f0a000 ---p 00000000 00:00 0 
7f7568f0a000-7f756900a000 rw-p 00000000 00:00 0 
7f756900a000-7f756900d000 ---p 00000000 00:00 0 
7f756900d000-7f756910b000 rw-p 00000000 00:00 0 
7f756910b000-7f756910e000 ---p 00000000 00:00 0 
7f756910e000-7f756920c000 rw-p 00000000 00:00 0 
7f756920c000-7f756920f000 ---p 00000000 00:00 0 
7f756920f000-7f756930d000 rw-p 00000000 00:00 0 
7f756930d000-7f7569310000 ---p 00000000 00:00 0 
7f7569310000-7f756940e000 rw-p 00000000 00:00 0 
7f756940e000-7f7569411000 ---p 00000000 00:00 0 
7f7569411000-7f756950f000 rw-p 00000000 00:00 0 
7f756950f000-7f7569512000 ---p 00000000 00:00 0 
7f7569512000-7f7569610000 rw-p 00000000 00:00 0 
7f7569610000-7f7569a1d000 r--p 00000000 08:05 6818046                    /usr/lib/locale/locale-archive
7f7569a1d000-7f7569a20000 ---p 00000000 00:00 0 
7f7569a20000-7f7569b1e000 rw-p 00000000 00:00 0 
7f7569b1e000-7f7569b21000 ---p 00000000 00:00 0 
7f7569b21000-7f7569c1f000 rw-p 00000000 00:00 0 
7f7569c1f000-7f7569c20000 ---p 00000000 00:00 0 
7f7569c20000-7f756be80000 rw-p 00000000 00:00 0 
7f756be80000-7f756c000000 ---p 00000000 00:00 0 
7f756c000000-7f756c021000 rw-p 00000000 00:00 0 
7f756c021000-7f7570000000 ---p 00000000 00:00 0 
7f7570000000-7f7570021000 rw-p 00000000 00:00 0 
7f7570021000-7f7574000000 ---p 00000000 00:00 0 
7f7574000000-7f7574021000 rw-p 00000000 00:00 0 
7f7574021000-7f7578000000 ---p 00000000 00:00 0 
7f7578000000-7f7578021000 rw-p 00000000 00:00 0 
7f7578021000-7f757c000000 ---p 00000000 00:00 0 
7f757c000000-7f757c021000 rw-p 00000000 00:00 0 
7f757c021000-7f7580000000 ---p 00000000 00:00 0 
7f7580000000-7f7580021000 rw-p 00000000 00:00 0 
7f7580021000-7f7584000000 ---p 00000000 00:00 0 
7f758401b000-7f75841ad000 rw-p 00000000 00:00 0 
7f75841ad000-7f7584386000 r--s 03d64000 08:05 7603051                    /usr/lib/jvm/java-8-oracle/jre/lib/rt.jar
7f7584386000-7f7584bfc000 rw-p 00000000 00:00 0 
7f7584bfc000-7f7584bfd000 ---p 00000000 00:00 0 
7f7584bfd000-7f7584cfd000 rw-p 00000000 00:00 0 
7f7584cfd000-7f7584cfe000 ---p 00000000 00:00 0 
7f7584cfe000-7f7584dfe000 rw-p 00000000 00:00 0 
7f7584dfe000-7f7584dff000 ---p 00000000 00:00 0 
7f7584dff000-7f7584eff000 rw-p 00000000 00:00 0 
7f7584eff000-7f7584f00000 ---p 00000000 00:00 0 
7f7584f00000-7f7585000000 rw-p 00000000 00:00 0 
7f7585000000-7f7585770000 rwxp 00000000 00:00 0 
7f7585770000-7f7594000000 ---p 00000000 00:00 0 
7f7594000000-7f7594441000 rw-p 00000000 00:00 0 
7f7594441000-7f7598000000 ---p 00000000 00:00 0 
7f7598001000-7f7598022000 rw-p 00000000 00:00 0 
7f7598022000-7f7598023000 ---p 00000000 00:00 0 
7f7598023000-7f7598123000 rw-p 00000000 00:00 0 
7f7598123000-7f7598124000 ---p 00000000 00:00 0 
7f7598124000-7f7598224000 rw-p 00000000 00:00 0 
7f7598224000-7f7598225000 ---p 00000000 00:00 0 
7f7598225000-7f7598325000 rw-p 00000000 00:00 0 
7f7598325000-7f7598326000 ---p 00000000 00:00 0 
7f7598326000-7f7598443000 rw-p 00000000 00:00 0 
7f7598443000-7f759897c000 ---p 00000000 00:00 0 
7f759897c000-7f7598999000 rw-p 00000000 00:00 0 
7f7598999000-7f7598ed1000 ---p 00000000 00:00 0 
7f7598ed1000-7f7598f3b000 rw-p 00000000 00:00 0 
7f7598f3b000-7f759917c000 ---p 00000000 00:00 0 
7f759917c000-7f759919b000 rw-p 00000000 00:00 0 
7f759919b000-7f759953d000 ---p 00000000 00:00 0 
7f759953d000-7f7599558000 r-xp 00000000 08:05 8791485                    /usr/lib/jvm/java-8-oracle/jre/lib/amd64/libzip.so
7f7599558000-7f7599758000 ---p 0001b000 08:05 8791485                    /usr/lib/jvm/java-8-oracle/jre/lib/amd64/libzip.so
7f7599758000-7f7599759000 rw-p 0001b000 08:05 8791485                    /usr/lib/jvm/java-8-oracle/jre/lib/amd64/libzip.so
7f7599759000-7f7599764000 r-xp 00000000 08:05 7341538                    /lib/x86_64-linux-gnu/libnss_files-2.26.so
7f7599764000-7f7599963000 ---p 0000b000 08:05 7341538                    /lib/x86_64-linux-gnu/libnss_files-2.26.so
7f7599963000-7f7599964000 r--p 0000a000 08:05 7341538                    /lib/x86_64-linux-gnu/libnss_files-2.26.so
7f7599964000-7f7599965000 rw-p 0000b000 08:05 7341538                    /lib/x86_64-linux-gnu/libnss_files-2.26.so
7f7599965000-7f759996b000 rw-p 00000000 00:00 0 
7f759996b000-7f7599976000 r-xp 00000000 08:05 7341540                    /lib/x86_64-linux-gnu/libnss_nis-2.26.so
7f7599976000-7f7599b75000 ---p 0000b000 08:05 7341540                    /lib/x86_64-linux-gnu/libnss_nis-2.26.so
7f7599b75000-7f7599b76000 r--p 0000a000 08:05 7341540                    /lib/x86_64-linux-gnu/libnss_nis-2.26.so
7f7599b76000-7f7599b77000 rw-p 0000b000 08:05 7341540                    /lib/x86_64-linux-gnu/libnss_nis-2.26.so
7f7599b77000-7f7599b8e000 r-xp 00000000 08:05 7341535                    /lib/x86_64-linux-gnu/libnsl-2.26.so
7f7599b8e000-7f7599d8d000 ---p 00017000 08:05 7341535                    /lib/x86_64-linux-gnu/libnsl-2.26.so
7f7599d8d000-7f7599d8e000 r--p 00016000 08:05 7341535                    /lib/x86_64-linux-gnu/libnsl-2.26.so
7f7599d8e000-7f7599d8f000 rw-p 00017000 08:05 7341535                    /lib/x86_64-linux-gnu/libnsl-2.26.so
7f7599d8f000-7f7599d91000 rw-p 00000000 00:00 0 
7f7599d91000-7f7599d99000 r-xp 00000000 08:05 7341536                    /lib/x86_64-linux-gnu/libnss_compat-2.26.so
7f7599d99000-7f7599f98000 ---p 00008000 08:05 7341536                    /lib/x86_64-linux-gnu/libnss_compat-2.26.so
7f7599f98000-7f7599f99000 r--p 00007000 08:05 7341536                    /lib/x86_64-linux-gnu/libnss_compat-2.26.so
7f7599f99000-7f7599f9a000 rw-p 00008000 08:05 7341536                    /lib/x86_64-linux-gnu/libnss_compat-2.26.so
7f7599f9a000-7f7599fc5000 r-xp 00000000 08:05 8791479                    /usr/lib/jvm/java-8-oracle/jre/lib/amd64/libjava.so
7f7599fc5000-7f759a1c4000 ---p 0002b000 08:05 8791479                    /usr/lib/jvm/java-8-oracle/jre/lib/amd64/libjava.so
7f759a1c4000-7f759a1c6000 rw-p 0002a000 08:05 8791479                    /usr/lib/jvm/java-8-oracle/jre/lib/amd64/libjava.so
7f759a1c6000-7f759a1d3000 r-xp 00000000 08:05 8791484                    /usr/lib/jvm/java-8-oracle/jre/lib/amd64/libverify.so
7f759a1d3000-7f759a3d3000 ---p 0000d000 08:05 8791484                    /usr/lib/jvm/java-8-oracle/jre/lib/amd64/libverify.so
7f759a3d3000-7f759a3d5000 rw-p 0000d000 08:05 8791484                    /usr/lib/jvm/java-8-oracle/jre/lib/amd64/libverify.so
7f759a3d5000-7f759a3dc000 r-xp 00000000 08:05 7341545                    /lib/x86_64-linux-gnu/librt-2.26.so
7f759a3dc000-7f759a5db000 ---p 00007000 08:05 7341545                    /lib/x86_64-linux-gnu/librt-2.26.so
7f759a5db000-7f759a5dc000 r--p 00006000 08:05 7341545                    /lib/x86_64-linux-gnu/librt-2.26.so
7f759a5dc000-7f759a5dd000 rw-p 00007000 08:05 7341545                    /lib/x86_64-linux-gnu/librt-2.26.so
7f759a5dd000-7f759a732000 r-xp 00000000 08:05 7341532                    /lib/x86_64-linux-gnu/libm-2.26.so
7f759a732000-7f759a931000 ---p 00155000 08:05 7341532                    /lib/x86_64-linux-gnu/libm-2.26.so
7f759a931000-7f759a932000 r--p 00154000 08:05 7341532                    /lib/x86_64-linux-gnu/libm-2.26.so
7f759a932000-7f759a933000 rw-p 00155000 08:05 7341532                    /lib/x86_64-linux-gnu/libm-2.26.so
7f759a933000-7f759b60c000 r-xp 00000000 08:05 8791462                    /usr/lib/jvm/java-8-oracle/jre/lib/amd64/server/libjvm.so
7f759b60c000-7f759b80b000 ---p 00cd9000 08:05 8791462                    /usr/lib/jvm/java-8-oracle/jre/lib/amd64/server/libjvm.so
7f759b80b000-7f759b8e4000 rw-p 00cd8000 08:05 8791462                    /usr/lib/jvm/java-8-oracle/jre/lib/amd64/server/libjvm.so
7f759b8e4000-7f759b930000 rw-p 00000000 00:00 0 
7f759b930000-7f759bb06000 r-xp 00000000 08:05 7341528                    /lib/x86_64-linux-gnu/libc-2.26.so
7f759bb06000-7f759bd06000 ---p 001d6000 08:05 7341528                    /lib/x86_64-linux-gnu/libc-2.26.so
7f759bd06000-7f759bd0a000 r--p 001d6000 08:05 7341528                    /lib/x86_64-linux-gnu/libc-2.26.so
7f759bd0a000-7f759bd0c000 rw-p 001da000 08:05 7341528                    /lib/x86_64-linux-gnu/libc-2.26.so
7f759bd0c000-7f759bd10000 rw-p 00000000 00:00 0 
7f759bd10000-7f759bd13000 r-xp 00000000 08:05 7341531                    /lib/x86_64-linux-gnu/libdl-2.26.so
7f759bd13000-7f759bf12000 ---p 00003000 08:05 7341531                    /lib/x86_64-linux-gnu/libdl-2.26.so
7f759bf12000-7f759bf13000 r--p 00002000 08:05 7341531                    /lib/x86_64-linux-gnu/libdl-2.26.so
7f759bf13000-7f759bf14000 rw-p 00003000 08:05 7341531                    /lib/x86_64-linux-gnu/libdl-2.26.so
7f759bf14000-7f759bf2a000 r-xp 00000000 08:05 7342861                    /usr/lib/jvm/java-8-oracle/lib/amd64/jli/libjli.so
7f759bf2a000-7f759c129000 ---p 00016000 08:05 7342861                    /usr/lib/jvm/java-8-oracle/lib/amd64/jli/libjli.so
7f759c129000-7f759c12a000 rw-p 00015000 08:05 7342861                    /usr/lib/jvm/java-8-oracle/lib/amd64/jli/libjli.so
7f759c12a000-7f759c144000 r-xp 00000000 08:05 7341543                    /lib/x86_64-linux-gnu/libpthread-2.26.so
7f759c144000-7f759c343000 ---p 0001a000 08:05 7341543                    /lib/x86_64-linux-gnu/libpthread-2.26.so
7f759c343000-7f759c344000 r--p 00019000 08:05 7341543                    /lib/x86_64-linux-gnu/libpthread-2.26.so
7f759c344000-7f759c345000 rw-p 0001a000 08:05 7341543                    /lib/x86_64-linux-gnu/libpthread-2.26.so
7f759c345000-7f759c349000 rw-p 00000000 00:00 0 
7f759c349000-7f759c370000 r-xp 00000000 08:05 7340916                    /lib/x86_64-linux-gnu/ld-2.26.so
7f759c37d000-7f759c450000 rw-p 00000000 00:00 0 
7f759c450000-7f759c453000 ---p 00000000 00:00 0 
7f759c453000-7f759c553000 rw-p 00000000 00:00 0 
7f759c555000-7f759c564000 r--s 000ed000 08:05 1704142                    /home/alvaro/Android/Sdk/build-tools/26.0.2/lib/dx.jar
7f759c564000-7f759c56c000 rw-s 00000000 08:05 1444592                    /tmp/hsperfdata_alvaro/32062
7f759c56c000-7f759c56d000 rw-p 00000000 00:00 0 
7f759c56d000-7f759c56e000 ---p 00000000 00:00 0 
7f759c56e000-7f759c570000 rw-p 00000000 00:00 0 
7f759c570000-7f759c571000 r--p 00027000 08:05 7340916                    /lib/x86_64-linux-gnu/ld-2.26.so
7f759c571000-7f759c572000 rw-p 00028000 08:05 7340916                    /lib/x86_64-linux-gnu/ld-2.26.so
7f759c572000-7f759c573000 rw-p 00000000 00:00 0 
7ffdda961000-7ffdda982000 rw-p 00000000 00:00 0                          [stack]
7ffdda9c1000-7ffdda9c4000 r--p 00000000 00:00 0                          [vvar]
7ffdda9c4000-7ffdda9c6000 r-xp 00000000 00:00 0                          [vdso]
ffffffffff600000-ffffffffff601000 r-xp 00000000 00:00 0                  [vsyscall]

VM Arguments:
jvm_args: -Djava.awt.headless=true -Xmx4g -Dfile.encoding=UTF-8 -Duser.country=US -Duser.language=en -Duser.variant 
java_command: com.android.dx.command.Main --dex --num-threads=4 --multi-dex --main-dex-list /home/alvaro/Workspaces/juegoteca/app/build/intermediates/multi-dex/release/maindexlist.txt --output /home/alvaro/Workspaces/juegoteca/app/build/intermediates/transforms/dex/release/0 --min-sdk-version 9 /home/alvaro/Workspaces/juegoteca/app/build/intermediates/transforms/proguard/release/0.jar
java_class_path (initial): /home/alvaro/Android/Sdk/build-tools/26.0.2/lib/dx.jar
Launcher Type: SUN_STANDARD

Environment Variables:
JAVA_HOME=/usr/lib/jvm/java-8-oracle
PATH=/usr/local/sbin:/usr/local/bin:/usr/sbin:/usr/bin:/sbin:/bin:/usr/games:/usr/local/games:/snap/bin:/usr/lib/jvm/java-8-oracle/bin:/usr/lib/jvm/java-8-oracle/db/bin:/usr/lib/jvm/java-8-oracle/jre/bin
USERNAME=alvaro
LD_LIBRARY_PATH=/home/alvaro/Android/android-studio/bin:
SHELL=/bin/bash
DISPLAY=:0

Signal Handlers:
SIGSEGV: [libjvm.so+0xad01e0], sa_mask[0]=11111111011111111101111111111110, sa_flags=SA_RESTART|SA_SIGINFO
SIGBUS: [libjvm.so+0xad01e0], sa_mask[0]=11111111011111111101111111111110, sa_flags=SA_RESTART|SA_SIGINFO
SIGFPE: [libjvm.so+0x927fb0], sa_mask[0]=11111111011111111101111111111110, sa_flags=SA_RESTART|SA_SIGINFO
SIGPIPE: [libjvm.so+0x927fb0], sa_mask[0]=11111111011111111101111111111110, sa_flags=SA_RESTART|SA_SIGINFO
SIGXFSZ: [libjvm.so+0x927fb0], sa_mask[0]=11111111011111111101111111111110, sa_flags=SA_RESTART|SA_SIGINFO
SIGILL: [libjvm.so+0x927fb0], sa_mask[0]=11111111011111111101111111111110, sa_flags=SA_RESTART|SA_SIGINFO
SIGUSR1: SIG_DFL, sa_mask[0]=00000000000000000000000000000000, sa_flags=none
SIGUSR2: [libjvm.so+0x9297f0], sa_mask[0]=00100000000000000000000000000000, sa_flags=SA_RESTART|SA_SIGINFO
SIGHUP: [libjvm.so+0x92abf0], sa_mask[0]=11111111011111111101111111111110, sa_flags=SA_RESTART|SA_SIGINFO
SIGINT: [libjvm.so+0x92abf0], sa_mask[0]=11111111011111111101111111111110, sa_flags=SA_RESTART|SA_SIGINFO
SIGTERM: [libjvm.so+0x92abf0], sa_mask[0]=11111111011111111101111111111110, sa_flags=SA_RESTART|SA_SIGINFO
SIGQUIT: [libjvm.so+0x92abf0], sa_mask[0]=11111111011111111101111111111110, sa_flags=SA_RESTART|SA_SIGINFO


---------------  S Y S T E M  ---------------

OS:DISTRIB_ID=Ubuntu
DISTRIB_RELEASE=17.10
DISTRIB_CODENAME=artful
DISTRIB_DESCRIPTION="Ubuntu 17.10"

uname:Linux 4.13.0-36-generic #40-Ubuntu SMP Fri Feb 16 20:07:48 UTC 2018 x86_64
libc:glibc 2.26 NPTL 2.26 
rlimit: STACK 8192k, CORE 0k, NPROC 20710, NOFILE 1048576, AS infinity
load average:2,19 1,59 3,33

/proc/meminfo:
MemTotal:        5536240 kB
MemFree:          104708 kB
MemAvailable:      63924 kB
Buffers:            2560 kB
Cached:           294256 kB
SwapCached:         2572 kB
Active:          4374756 kB
Inactive:         759892 kB
Active(anon):    4322704 kB
Inactive(anon):   709156 kB
Active(file):      52052 kB
Inactive(file):    50736 kB
Unevictable:          96 kB
Mlocked:              96 kB
SwapTotal:       2097148 kB
SwapFree:              0 kB
Dirty:               796 kB
Writeback:             0 kB
AnonPages:       4836104 kB
Mapped:           207424 kB
Shmem:            194440 kB
Slab:             134244 kB
SReclaimable:      69188 kB
SUnreclaim:        65056 kB
KernelStack:       17872 kB
PageTables:        81004 kB
NFS_Unstable:          0 kB
Bounce:                0 kB
WritebackTmp:          0 kB
CommitLimit:     4865268 kB
Committed_AS:   13657704 kB
VmallocTotal:   34359738367 kB
VmallocUsed:           0 kB
VmallocChunk:          0 kB
HardwareCorrupted:     0 kB
AnonHugePages:         0 kB
ShmemHugePages:        0 kB
ShmemPmdMapped:        0 kB
CmaTotal:              0 kB
CmaFree:               0 kB
HugePages_Total:       0
HugePages_Free:        0
HugePages_Rsvd:        0
HugePages_Surp:        0
Hugepagesize:       2048 kB
DirectMap4k:      307072 kB
DirectMap2M:     5408768 kB


CPU:total 8 (initial active 8) (4 cores per cpu, 2 threads per core) family 6 model 58 stepping 9, cmov, cx8, fxsr, mmx, sse, sse2, sse3, ssse3, sse4.1, sse4.2, popcnt, avx, aes, clmul, erms, ht, tsc, tscinvbit, tscinv

/proc/cpuinfo:
processor	: 0
vendor_id	: GenuineIntel
cpu family	: 6
model		: 58
model name	: Intel(R) Core(TM) i7-3610QM CPU @ 2.30GHz
stepping	: 9
microcode	: 0x12
cpu MHz		: 2294.783
cache size	: 6144 KB
physical id	: 0
siblings	: 8
core id		: 0
cpu cores	: 4
apicid		: 0
initial apicid	: 0
fpu		: yes
fpu_exception	: yes
cpuid level	: 13
wp		: yes
flags		: fpu vme de pse tsc msr pae mce cx8 apic sep mtrr pge mca cmov pat pse36 clflush dts acpi mmx fxsr sse sse2 ss ht tm pbe syscall nx rdtscp lm constant_tsc arch_perfmon pebs bts rep_good nopl xtopology nonstop_tsc cpuid aperfmperf pni pclmulqdq dtes64 monitor ds_cpl vmx est tm2 ssse3 cx16 xtpr pdcm pcid sse4_1 sse4_2 x2apic popcnt tsc_deadline_timer aes xsave avx f16c rdrand lahf_lm cpuid_fault epb pti retpoline tpr_shadow vnmi flexpriority ept vpid fsgsbase smep erms xsaveopt dtherm ida arat pln pts
bugs		: cpu_meltdown spectre_v1 spectre_v2
bogomips	: 4589.56
clflush size	: 64
cache_alignment	: 64
address sizes	: 36 bits physical, 48 bits virtual
power management:

processor	: 1
vendor_id	: GenuineIntel
cpu family	: 6
model		: 58
model name	: Intel(R) Core(TM) i7-3610QM CPU @ 2.30GHz
stepping	: 9
microcode	: 0x12
cpu MHz		: 2294.783
cache size	: 6144 KB
physical id	: 0
siblings	: 8
core id		: 1
cpu cores	: 4
apicid		: 2
initial apicid	: 2
fpu		: yes
fpu_exception	: yes
cpuid level	: 13
wp		: yes
flags		: fpu vme de pse tsc msr pae mce cx8 apic sep mtrr pge mca cmov pat pse36 clflush dts acpi mmx fxsr sse sse2 ss ht tm pbe syscall nx rdtscp lm constant_tsc arch_perfmon pebs bts rep_good nopl xtopology nonstop_tsc cpuid aperfmperf pni pclmulqdq dtes64 monitor ds_cpl vmx est tm2 ssse3 cx16 xtpr pdcm pcid sse4_1 sse4_2 x2apic popcnt tsc_deadline_timer aes xsave avx f16c rdrand lahf_lm cpuid_fault epb pti retpoline tpr_shadow vnmi flexpriority ept vpid fsgsbase smep erms xsaveopt dtherm ida arat pln pts
bugs		: cpu_meltdown spectre_v1 spectre_v2
bogomips	: 4589.56
clflush size	: 64
cache_alignment	: 64
address sizes	: 36 bits physical, 48 bits virtual
power management:

processor	: 2
vendor_id	: GenuineIntel
cpu family	: 6
model		: 58
model name	: Intel(R) Core(TM) i7-3610QM CPU @ 2.30GHz
stepping	: 9
microcode	: 0x12
cpu MHz		: 2294.783
cache size	: 6144 KB
physical id	: 0
siblings	: 8
core id		: 2
cpu cores	: 4
apicid		: 4
initial apicid	: 4
fpu		: yes
fpu_exception	: yes
cpuid level	: 13
wp		: yes
flags		: fpu vme de pse tsc msr pae mce cx8 apic sep mtrr pge mca cmov pat pse36 clflush dts acpi mmx fxsr sse sse2 ss ht tm pbe syscall nx rdtscp lm constant_tsc arch_perfmon pebs bts rep_good nopl xtopology nonstop_tsc cpuid aperfmperf pni pclmulqdq dtes64 monitor ds_cpl vmx est tm2 ssse3 cx16 xtpr pdcm pcid sse4_1 sse4_2 x2apic popcnt tsc_deadline_timer aes xsave avx f16c rdrand lahf_lm cpuid_fault epb pti retpoline tpr_shadow vnmi flexpriority ept vpid fsgsbase smep erms xsaveopt dtherm ida arat pln pts
bugs		: cpu_meltdown spectre_v1 spectre_v2
bogomips	: 4589.56
clflush size	: 64
cache_alignment	: 64
address sizes	: 36 bits physical, 48 bits virtual
power management:

processor	: 3
vendor_id	: GenuineIntel
cpu family	: 6
model		: 58
model name	: Intel(R) Core(TM) i7-3610QM CPU @ 2.30GHz
stepping	: 9
microcode	: 0x12
cpu MHz		: 2294.783
cache size	: 6144 KB
physical id	: 0
siblings	: 8
core id		: 3
cpu cores	: 4
apicid		: 6
initial apicid	: 6
fpu		: yes
fpu_exception	: yes
cpuid level	: 13
wp		: yes
flags		: fpu vme de pse tsc msr pae mce cx8 apic sep mtrr pge mca cmov pat pse36 clflush dts acpi mmx fxsr sse sse2 ss ht tm pbe syscall nx rdtscp lm constant_tsc arch_perfmon pebs bts rep_good nopl xtopology nonstop_tsc cpuid aperfmperf pni pclmulqdq dtes64 monitor ds_cpl vmx est tm2 ssse3 cx16 xtpr pdcm pcid sse4_1 sse4_2 x2apic popcnt tsc_deadline_timer aes xsave avx f16c rdrand lahf_lm cpuid_fault epb pti retpoline tpr_shadow vnmi flexpriority ept vpid fsgsbase smep erms xsaveopt dtherm ida arat pln pts
bugs		: cpu_meltdown spectre_v1 spectre_v2
bogomips	: 4589.56
clflush size	: 64
cache_alignment	: 64
address sizes	: 36 bits physical, 48 bits virtual
power management:

processor	: 4
vendor_id	: GenuineIntel
cpu family	: 6
model		: 58
model name	: Intel(R) Core(TM) i7-3610QM CPU @ 2.30GHz
stepping	: 9
microcode	: 0x12
cpu MHz		: 2294.783
cache size	: 6144 KB
physical id	: 0
siblings	: 8
core id		: 0
cpu cores	: 4
apicid		: 1
initial apicid	: 1
fpu		: yes
fpu_exception	: yes
cpuid level	: 13
wp		: yes
flags		: fpu vme de pse tsc msr pae mce cx8 apic sep mtrr pge mca cmov pat pse36 clflush dts acpi mmx fxsr sse sse2 ss ht tm pbe syscall nx rdtscp lm constant_tsc arch_perfmon pebs bts rep_good nopl xtopology nonstop_tsc cpuid aperfmperf pni pclmulqdq dtes64 monitor ds_cpl vmx est tm2 ssse3 cx16 xtpr pdcm pcid sse4_1 sse4_2 x2apic popcnt tsc_deadline_timer aes xsave avx f16c rdrand lahf_lm cpuid_fault epb pti retpoline tpr_shadow vnmi flexpriority ept vpid fsgsbase smep erms xsaveopt dtherm ida arat pln pts
bugs		: cpu_meltdown spectre_v1 spectre_v2
bogomips	: 4589.56
clflush size	: 64
cache_alignment	: 64
address sizes	: 36 bits physical, 48 bits virtual
power management:

processor	: 5
vendor_id	: GenuineIntel
cpu family	: 6
model		: 58
model name	: Intel(R) Core(TM) i7-3610QM CPU @ 2.30GHz
stepping	: 9
microcode	: 0x12
cpu MHz		: 2294.783
cache size	: 6144 KB
physical id	: 0
siblings	: 8
core id		: 1
cpu cores	: 4
apicid		: 3
initial apicid	: 3
fpu		: yes
fpu_exception	: yes
cpuid level	: 13
wp		: yes
flags		: fpu vme de pse tsc msr pae mce cx8 apic sep mtrr pge mca cmov pat pse36 clflush dts acpi mmx fxsr sse sse2 ss ht tm pbe syscall nx rdtscp lm constant_tsc arch_perfmon pebs bts rep_good nopl xtopology nonstop_tsc cpuid aperfmperf pni pclmulqdq dtes64 monitor ds_cpl vmx est tm2 ssse3 cx16 xtpr pdcm pcid sse4_1 sse4_2 x2apic popcnt tsc_deadline_timer aes xsave avx f16c rdrand lahf_lm cpuid_fault epb pti retpoline tpr_shadow vnmi flexpriority ept vpid fsgsbase smep erms xsaveopt dtherm ida arat pln pts
bugs		: cpu_meltdown spectre_v1 spectre_v2
bogomips	: 4589.56
clflush size	: 64
cache_alignment	: 64
address sizes	: 36 bits physical, 48 bits virtual
power management:

processor	: 6
vendor_id	: GenuineIntel
cpu family	: 6
model		: 58
model name	: Intel(R) Core(TM) i7-3610QM CPU @ 2.30GHz
stepping	: 9
microcode	: 0x12
cpu MHz		: 2294.783
cache size	: 6144 KB
physical id	: 0
siblings	: 8
core id		: 2
cpu cores	: 4
apicid		: 5
initial apicid	: 5
fpu		: yes
fpu_exception	: yes
cpuid level	: 13
wp		: yes
flags		: fpu vme de pse tsc msr pae mce cx8 apic sep mtrr pge mca cmov pat pse36 clflush dts acpi mmx fxsr sse sse2 ss ht tm pbe syscall nx rdtscp lm constant_tsc arch_perfmon pebs bts rep_good nopl xtopology nonstop_tsc cpuid aperfmperf pni pclmulqdq dtes64 monitor ds_cpl vmx est tm2 ssse3 cx16 xtpr pdcm pcid sse4_1 sse4_2 x2apic popcnt tsc_deadline_timer aes xsave avx f16c rdrand lahf_lm cpuid_fault epb pti retpoline tpr_shadow vnmi flexpriority ept vpid fsgsbase smep erms xsaveopt dtherm ida arat pln pts
bugs		: cpu_meltdown spectre_v1 spectre_v2
bogomips	: 4589.56
clflush size	: 64
cache_alignment	: 64
address sizes	: 36 bits physical, 48 bits virtual
power management:

processor	: 7
vendor_id	: GenuineIntel
cpu family	: 6
model		: 58
model name	: Intel(R) Core(TM) i7-3610QM CPU @ 2.30GHz
stepping	: 9
microcode	: 0x12
cpu MHz		: 2294.783
cache size	: 6144 KB
physical id	: 0
siblings	: 8
core id		: 3
cpu cores	: 4
apicid		: 7
initial apicid	: 7
fpu		: yes
fpu_exception	: yes
cpuid level	: 13
wp		: yes
flags		: fpu vme de pse tsc msr pae mce cx8 apic sep mtrr pge mca cmov pat pse36 clflush dts acpi mmx fxsr sse sse2 ss ht tm pbe syscall nx rdtscp lm constant_tsc arch_perfmon pebs bts rep_good nopl xtopology nonstop_tsc cpuid aperfmperf pni pclmulqdq dtes64 monitor ds_cpl vmx est tm2 ssse3 cx16 xtpr pdcm pcid sse4_1 sse4_2 x2apic popcnt tsc_deadline_timer aes xsave avx f16c rdrand lahf_lm cpuid_fault epb pti retpoline tpr_shadow vnmi flexpriority ept vpid fsgsbase smep erms xsaveopt dtherm ida arat pln pts
bugs		: cpu_meltdown spectre_v1 spectre_v2
bogomips	: 4589.56
clflush size	: 64
cache_alignment	: 64
address sizes	: 36 bits physical, 48 bits virtual
power management:



Memory: 4k page, physical 5536240k(104708k free), swap 2097148k(0k free)

vm_info: Java HotSpot(TM) 64-Bit Server VM (25.161-b12) for linux-amd64 JRE (1.8.0_161-b12), built on Dec 19 2017 16:12:43 by "java_re" with gcc 4.3.0 20080428 (Red Hat 4.3.0-8)

time: Sun Feb 25 21:10:49 2018
elapsed time: 1 seconds (0d 0h 0m 1s)

