#
# There is insufficient memory for the Java Runtime Environment to continue.
# Native memory allocation (mmap) failed to map 220200960 bytes for committing reserved memory.
# Possible reasons:
#   The system is out of physical RAM or swap space
#   In 32 bit mode, the process size limit was hit
# Possible solutions:
#   Reduce memory load on the system
#   Increase physical memory or swap space
#   Check if swap backing store is full
#   Use 64 bit Java on a 64 bit OS
#   Decrease Java heap size (-Xmx/-Xms)
#   Decrease number of Java threads
#   Decrease Java thread stack sizes (-Xss)
#   Set larger code cache with -XX:ReservedCodeCacheSize=
# This output file may be truncated or incomplete.
#
#  Out of Memory Error (os_linux.cpp:2627), pid=17094, tid=140638065014528
#
# JRE version: Java(TM) SE Runtime Environment (8.0_65-b17) (build 1.8.0_65-b17)
# Java VM: Java HotSpot(TM) 64-Bit Server VM (25.65-b01 mixed mode linux-amd64 compressed oops)
# Failed to write core dump. Core dumps have been disabled. To enable core dumping, try "ulimit -c unlimited" before starting Java again
#

---------------  T H R E A D  ---------------

Current thread (0x00007fe8f8080000):  VMThread [stack: 0x00007fe8d9d83000,0x00007fe8d9e84000] [id=17113]

Stack: [0x00007fe8d9d83000,0x00007fe8d9e84000],  sp=0x00007fe8d9e82020,  free space=1020k
Native frames: (J=compiled Java code, j=interpreted, Vv=VM code, C=native code)
V  [libjvm.so+0xab97ea]  VMError::report_and_die()+0x2ba
V  [libjvm.so+0x4f9dcb]  report_vm_out_of_memory(char const*, int, unsigned long, VMErrorType, char const*)+0x8b
V  [libjvm.so+0x91a7c3]  os::Linux::commit_memory_impl(char*, unsigned long, bool)+0x103
V  [libjvm.so+0x91ad19]  os::pd_commit_memory(char*, unsigned long, unsigned long, bool)+0x29
V  [libjvm.so+0x91502a]  os::commit_memory(char*, unsigned long, unsigned long, bool)+0x2a
V  [libjvm.so+0x9886d3]  PSVirtualSpace::expand_by(unsigned long)+0x53
V  [libjvm.so+0x989ad8]  PSYoungGen::resize_generation(unsigned long, unsigned long)+0xf8
V  [libjvm.so+0x988c32]  PSYoungGen::resize(unsigned long, unsigned long)+0x22
V  [libjvm.so+0x985f0b]  PSScavenge::invoke_no_policy()+0xf3b
V  [libjvm.so+0x986691]  PSScavenge::invoke()+0x41
V  [libjvm.so+0x93e430]  ParallelScavengeHeap::failed_mem_allocate(unsigned long)+0x70
V  [libjvm.so+0xabb207]  VM_ParallelGCFailedAllocation::doit()+0x97
V  [libjvm.so+0xac2c35]  VM_Operation::evaluate()+0x55
V  [libjvm.so+0xac100a]  VMThread::evaluate_operation(VM_Operation*)+0xba
V  [libjvm.so+0xac138e]  VMThread::loop()+0x1ce
V  [libjvm.so+0xac1800]  VMThread::run()+0x70
V  [libjvm.so+0x91cb88]  java_start(Thread*)+0x108

VM_Operation (0x00007fe8d8bb5ce0): ParallelGCFailedAllocation, mode: safepoint, requested by thread 0x00007fe8f818d000


---------------  P R O C E S S  ---------------

Java Threads: ( => current thread )
  0x00007fe8f8180000 JavaThread "pool-2-thread-4" [_thread_blocked, id=17127, stack(0x00007fe8d89b6000,0x00007fe8d8ab7000)]
  0x00007fe8f818d000 JavaThread "pool-2-thread-3" [_thread_blocked, id=17126, stack(0x00007fe8d8ab7000,0x00007fe8d8bb8000)]
  0x00007fe8f818a800 JavaThread "pool-2-thread-2" [_thread_blocked, id=17125, stack(0x00007fe8d8bb8000,0x00007fe8d8cb9000)]
  0x00007fe8f8189000 JavaThread "pool-3-thread-1" [_thread_blocked, id=17124, stack(0x00007fe8d8cb9000,0x00007fe8d8dba000)]
  0x00007fe8f8186800 JavaThread "pool-2-thread-1" [_thread_blocked, id=17123, stack(0x00007fe8d8dba000,0x00007fe8d8ebb000)]
  0x00007fe8f80d2800 JavaThread "Service Thread" daemon [_thread_blocked, id=17121, stack(0x00007fe8d902e000,0x00007fe8d912f000)]
  0x00007fe8f80c5800 JavaThread "C1 CompilerThread3" daemon [_thread_blocked, id=17120, stack(0x00007fe8d912f000,0x00007fe8d9230000)]
  0x00007fe8f80c3000 JavaThread "C2 CompilerThread2" daemon [_thread_blocked, id=17119, stack(0x00007fe8d9230000,0x00007fe8d9331000)]
  0x00007fe8f80c1800 JavaThread "C2 CompilerThread1" daemon [_thread_in_native, id=17118, stack(0x00007fe8d9331000,0x00007fe8d9432000)]
  0x00007fe8f80be800 JavaThread "C2 CompilerThread0" daemon [_thread_blocked, id=17117, stack(0x00007fe8d9432000,0x00007fe8d9533000)]
  0x00007fe8f80bd000 JavaThread "Signal Dispatcher" daemon [_thread_blocked, id=17116, stack(0x00007fe8d9533000,0x00007fe8d9634000)]
  0x00007fe8f8087000 JavaThread "Finalizer" daemon [_thread_blocked, id=17115, stack(0x00007fe8d9b81000,0x00007fe8d9c82000)]
  0x00007fe8f8085000 JavaThread "Reference Handler" daemon [_thread_blocked, id=17114, stack(0x00007fe8d9c82000,0x00007fe8d9d83000)]
  0x00007fe8f800a000 JavaThread "main" [_thread_blocked, id=17104, stack(0x00007fe900508000,0x00007fe900609000)]

Other Threads:
=>0x00007fe8f8080000 VMThread [stack: 0x00007fe8d9d83000,0x00007fe8d9e84000] [id=17113]
  0x00007fe8f80d5800 WatcherThread [stack: 0x00007fe8d8f2d000,0x00007fe8d902e000] [id=17122]

VM state:at safepoint (normal execution)

VM Mutex/Monitor currently owned by a thread:  ([mutex/lock_event])
[0x00007fe8f8006520] Threads_lock - owner thread: 0x00007fe8f8080000
[0x00007fe8f8006a20] Heap_lock - owner thread: 0x00007fe8f818d000

Heap:
 PSYoungGen      total 211968K, used 22520K [0x000000076ab00000, 0x0000000779300000, 0x00000007c0000000)
  eden space 189440K, 0% used [0x000000076ab00000,0x000000076ab00000,0x0000000776400000)
  from space 22528K, 99% used [0x0000000776400000,0x00000007779fe368,0x0000000777a00000)
  to   space 19456K, 0% used [0x0000000777a00000,0x0000000777a00000,0x0000000778d00000)
 ParOldGen       total 62976K, used 43778K [0x00000006c0000000, 0x00000006c3d80000, 0x000000076ab00000)
  object space 62976K, 69% used [0x00000006c0000000,0x00000006c2ac0b18,0x00000006c3d80000)
 Metaspace       used 6340K, capacity 7192K, committed 7424K, reserved 1056768K
  class space    used 602K, capacity 656K, committed 768K, reserved 1048576K

Card table byte_map: [0x00007fe8fcacd000,0x00007fe8fd2ce000] byte_map_base: 0x00007fe8f94cd000

Marking Bits: (ParMarkBitMap*) 0x00007fe8ff9e3de0
 Begin Bits: [0x00007fe8bc000000, 0x00007fe8c0000000)
 End Bits:   [0x00007fe8c0000000, 0x00007fe8c4000000)

Polling page: 0x00007fe900631000

CodeCache: size=245760Kb used=7530Kb max_used=7542Kb free=238229Kb
 bounds [0x00007fe8e9000000, 0x00007fe8e9770000, 0x00007fe8f8000000]
 total_blobs=2226 nmethods=1959 adapters=180
 compilation: enabled

Compilation events (10 events):
Event: 2,110 Thread 0x00007fe8f80c3000 1905       4       com.android.dx.ssa.back.FirstFitLocalCombiningAllocator::findNextUnreservedRopReg (68 bytes)
Event: 2,112 Thread 0x00007fe8f80c5800 2078       2       java.util.LinkedHashMap$Entry::<init> (10 bytes)
Event: 2,112 Thread 0x00007fe8f80c5800 nmethod 2078 0x00007fe8e973c050 code [0x00007fe8e973c1a0, 0x00007fe8e973c330]
Event: 2,112 Thread 0x00007fe8f80c5800 2079       2       java.lang.Class::getGenericInfo (52 bytes)
Event: 2,113 Thread 0x00007fe8f80c5800 nmethod 2079 0x00007fe8e973b690 code [0x00007fe8e973b820, 0x00007fe8e973bc88]
Event: 2,113 Thread 0x00007fe8f80c5800 2080       2       sun.reflect.generics.repository.ClassRepository::getSuperInterfaces (77 bytes)
Event: 2,113 Thread 0x00007fe8f80c5800 nmethod 2080 0x00007fe8e973ad50 code [0x00007fe8e973aee0, 0x00007fe8e973b3b8]
Event: 2,114 Thread 0x00007fe8f80c5800 2081       2       com.android.dx.rop.code.RegisterSpec::compareTo (95 bytes)
Event: 2,116 Thread 0x00007fe8f80c5800 nmethod 2081 0x00007fe8e973f990 code [0x00007fe8e973fb40, 0x00007fe8e973fe18]
Event: 2,116 Thread 0x00007fe8f80c5800 2083       2       java.util.HashMap$TreeNode::<init> (10 bytes)

GC Heap History (10 events):
Event: 0,384 GC heap after
Heap after GC invocations=2 (full 0):
 PSYoungGen      total 51712K, used 1792K [0x000000076ab00000, 0x000000076e100000, 0x00000007c0000000)
  eden space 48128K, 0% used [0x000000076ab00000,0x000000076ab00000,0x000000076da00000)
  from space 3584K, 50% used [0x000000076dd80000,0x000000076df40000,0x000000076e100000)
  to   space 3584K, 0% used [0x000000076da00000,0x000000076da00000,0x000000076dd80000)
 ParOldGen       total 62976K, used 8K [0x00000006c0000000, 0x00000006c3d80000, 0x000000076ab00000)
  object space 62976K, 0% used [0x00000006c0000000,0x00000006c0002000,0x00000006c3d80000)
 Metaspace       used 3343K, capacity 4720K, committed 4864K, reserved 1056768K
  class space    used 357K, capacity 424K, committed 512K, reserved 1048576K
}
Event: 0,681 GC heap before
{Heap before GC invocations=3 (full 0):
 PSYoungGen      total 51712K, used 49920K [0x000000076ab00000, 0x000000076e100000, 0x00000007c0000000)
  eden space 48128K, 100% used [0x000000076ab00000,0x000000076da00000,0x000000076da00000)
  from space 3584K, 50% used [0x000000076dd80000,0x000000076df40000,0x000000076e100000)
  to   space 3584K, 0% used [0x000000076da00000,0x000000076da00000,0x000000076dd80000)
 ParOldGen       total 62976K, used 8K [0x00000006c0000000, 0x00000006c3d80000, 0x000000076ab00000)
  object space 62976K, 0% used [0x00000006c0000000,0x00000006c0002000,0x00000006c3d80000)
 Metaspace       used 5685K, capacity 6704K, committed 6784K, reserved 1056768K
  class space    used 579K, capacity 616K, committed 640K, reserved 1048576K
Event: 0,689 GC heap after
Heap after GC invocations=3 (full 0):
 PSYoungGen      total 51712K, used 3562K [0x000000076ab00000, 0x0000000771000000, 0x00000007c0000000)
  eden space 48128K, 0% used [0x000000076ab00000,0x000000076ab00000,0x000000076da00000)
  from space 3584K, 99% used [0x000000076da00000,0x000000076dd7ab78,0x000000076dd80000)
  to   space 3584K, 0% used [0x0000000770c80000,0x0000000770c80000,0x0000000771000000)
 ParOldGen       total 62976K, used 3173K [0x00000006c0000000, 0x00000006c3d80000, 0x000000076ab00000)
  object space 62976K, 5% used [0x00000006c0000000,0x00000006c03197a8,0x00000006c3d80000)
 Metaspace       used 5685K, capacity 6704K, committed 6784K, reserved 1056768K
  class space    used 579K, capacity 616K, committed 640K, reserved 1048576K
}
Event: 0,905 GC heap before
{Heap before GC invocations=4 (full 0):
 PSYoungGen      total 51712K, used 51690K [0x000000076ab00000, 0x0000000771000000, 0x00000007c0000000)
  eden space 48128K, 100% used [0x000000076ab00000,0x000000076da00000,0x000000076da00000)
  from space 3584K, 99% used [0x000000076da00000,0x000000076dd7ab78,0x000000076dd80000)
  to   space 3584K, 0% used [0x0000000770c80000,0x0000000770c80000,0x0000000771000000)
 ParOldGen       total 62976K, used 3173K [0x00000006c0000000, 0x00000006c3d80000, 0x000000076ab00000)
  object space 62976K, 5% used [0x00000006c0000000,0x00000006c03197a8,0x00000006c3d80000)
 Metaspace       used 5846K, capacity 6832K, committed 7040K, reserved 1056768K
  class space    used 579K, capacity 616K, committed 640K, reserved 1048576K
Event: 0,916 GC heap after
Heap after GC invocations=4 (full 0):
 PSYoungGen      total 99840K, used 3569K [0x000000076ab00000, 0x0000000771000000, 0x00000007c0000000)
  eden space 96256K, 0% used [0x000000076ab00000,0x000000076ab00000,0x0000000770900000)
  from space 3584K, 99% used [0x0000000770c80000,0x0000000770ffc648,0x0000000771000000)
  to   space 3584K, 0% used [0x0000000770900000,0x0000000770900000,0x0000000770c80000)
 ParOldGen       total 62976K, used 11554K [0x00000006c0000000, 0x00000006c3d80000, 0x000000076ab00000)
  object space 62976K, 18% used [0x00000006c0000000,0x00000006c0b48920,0x00000006c3d80000)
 Metaspace       used 5846K, capacity 6832K, committed 7040K, reserved 1056768K
  class space    used 579K, capacity 616K, committed 640K, reserved 1048576K
}
Event: 1,334 GC heap before
{Heap before GC invocations=5 (full 0):
 PSYoungGen      total 99840K, used 99825K [0x000000076ab00000, 0x0000000771000000, 0x00000007c0000000)
  eden space 96256K, 100% used [0x000000076ab00000,0x0000000770900000,0x0000000770900000)
  from space 3584K, 99% used [0x0000000770c80000,0x0000000770ffc648,0x0000000771000000)
  to   space 3584K, 0% used [0x0000000770900000,0x0000000770900000,0x0000000770c80000)
 ParOldGen       total 62976K, used 11554K [0x00000006c0000000, 0x00000006c3d80000, 0x000000076ab00000)
  object space 62976K, 18% used [0x00000006c0000000,0x00000006c0b48920,0x00000006c3d80000)
 Metaspace       used 6092K, capacity 7000K, committed 7168K, reserved 1056768K
  class space    used 602K, capacity 656K, committed 768K, reserved 1048576K
Event: 1,350 GC heap after
Heap after GC invocations=5 (full 0):
 PSYoungGen      total 99840K, used 3569K [0x000000076ab00000, 0x0000000778d00000, 0x00000007c0000000)
  eden space 96256K, 0% used [0x000000076ab00000,0x000000076ab00000,0x0000000770900000)
  from space 3584K, 99% used [0x0000000770900000,0x0000000770c7c7a0,0x0000000770c80000)
  to   space 19456K, 0% used [0x0000000777a00000,0x0000000777a00000,0x0000000778d00000)
 ParOldGen       total 62976K, used 24904K [0x00000006c0000000, 0x00000006c3d80000, 0x000000076ab00000)
  object space 62976K, 39% used [0x00000006c0000000,0x00000006c18521c0,0x00000006c3d80000)
 Metaspace       used 6092K, capacity 7000K, committed 7168K, reserved 1056768K
  class space    used 602K, capacity 656K, committed 768K, reserved 1048576K
}
Event: 1,610 GC heap before
{Heap before GC invocations=6 (full 0):
 PSYoungGen      total 99840K, used 99825K [0x000000076ab00000, 0x0000000778d00000, 0x00000007c0000000)
  eden space 96256K, 100% used [0x000000076ab00000,0x0000000770900000,0x0000000770900000)
  from space 3584K, 99% used [0x0000000770900000,0x0000000770c7c7a0,0x0000000770c80000)
  to   space 19456K, 0% used [0x0000000777a00000,0x0000000777a00000,0x0000000778d00000)
 ParOldGen       total 62976K, used 24904K [0x00000006c0000000, 0x00000006c3d80000, 0x000000076ab00000)
  object space 62976K, 39% used [0x00000006c0000000,0x00000006c18521c0,0x00000006c3d80000)
 Metaspace       used 6216K, capacity 7128K, committed 7424K, reserved 1056768K
  class space    used 602K, capacity 656K, committed 768K, reserved 1048576K
Event: 1,635 GC heap after
Heap after GC invocations=6 (full 0):
 PSYoungGen      total 208896K, used 17148K [0x000000076ab00000, 0x0000000779300000, 0x00000007c0000000)
  eden space 189440K, 0% used [0x000000076ab00000,0x000000076ab00000,0x0000000776400000)
  from space 19456K, 88% used [0x0000000777a00000,0x0000000778abf198,0x0000000778d00000)
  to   space 22528K, 0% used [0x0000000776400000,0x0000000776400000,0x0000000777a00000)
 ParOldGen       total 62976K, used 24912K [0x00000006c0000000, 0x00000006c3d80000, 0x000000076ab00000)
  object space 62976K, 39% used [0x00000006c0000000,0x00000006c18541c0,0x00000006c3d80000)
 Metaspace       used 6216K, capacity 7128K, committed 7424K, reserved 1056768K
  class space    used 602K, capacity 656K, committed 768K, reserved 1048576K
}
Event: 2,116 GC heap before
{Heap before GC invocations=7 (full 0):
 PSYoungGen      total 208896K, used 206588K [0x000000076ab00000, 0x0000000779300000, 0x00000007c0000000)
  eden space 189440K, 100% used [0x000000076ab00000,0x0000000776400000,0x0000000776400000)
  from space 19456K, 88% used [0x0000000777a00000,0x0000000778abf198,0x0000000778d00000)
  to   space 22528K, 0% used [0x0000000776400000,0x0000000776400000,0x0000000777a00000)
 ParOldGen       total 62976K, used 24912K [0x00000006c0000000, 0x00000006c3d80000, 0x000000076ab00000)
  object space 62976K, 39% used [0x00000006c0000000,0x00000006c18541c0,0x00000006c3d80000)
 Metaspace       used 6340K, capacity 7192K, committed 7424K, reserved 1056768K
  class space    used 602K, capacity 656K, committed 768K, reserved 1048576K

Deoptimization events (10 events):
Event: 1,004 Thread 0x00007fe8f800a000 Uncommon trap: reason=unstable_if action=reinterpret pc=0x00007fe8e923f15c method=java.util.HashMap.getNode(ILjava/lang/Object;)Ljava/util/HashMap$Node; @ 84
Event: 1,004 Thread 0x00007fe8f800a000 Uncommon trap: reason=unstable_if action=reinterpret pc=0x00007fe8e920a360 method=java.util.HashMap.getNode(ILjava/lang/Object;)Ljava/util/HashMap$Node; @ 84
Event: 1,243 Thread 0x00007fe8f800a000 Uncommon trap: reason=bimorphic action=maybe_recompile pc=0x00007fe8e9528784 method=com.android.dx.ssa.SCCP.setLatticeValueTo(IILcom/android/dx/rop/cst/Constant;)Z @ 43
Event: 1,243 Thread 0x00007fe8f800a000 Uncommon trap: reason=bimorphic action=maybe_recompile pc=0x00007fe8e9528784 method=com.android.dx.ssa.SCCP.setLatticeValueTo(IILcom/android/dx/rop/cst/Constant;)Z @ 43
Event: 1,243 Thread 0x00007fe8f800a000 Uncommon trap: reason=bimorphic action=maybe_recompile pc=0x00007fe8e9528784 method=com.android.dx.ssa.SCCP.setLatticeValueTo(IILcom/android/dx/rop/cst/Constant;)Z @ 43
Event: 1,243 Thread 0x00007fe8f800a000 Uncommon trap: reason=bimorphic action=maybe_recompile pc=0x00007fe8e9528784 method=com.android.dx.ssa.SCCP.setLatticeValueTo(IILcom/android/dx/rop/cst/Constant;)Z @ 43
Event: 1,448 Thread 0x00007fe8f800a000 Uncommon trap: reason=bimorphic action=maybe_recompile pc=0x00007fe8e95ff9a4 method=com.android.dx.cf.code.BytecodeArray.parseInstruction(ILcom/android/dx/cf/code/BytecodeArray$Visitor;)I @ 1130
Event: 1,449 Thread 0x00007fe8f800a000 Uncommon trap: reason=bimorphic action=maybe_recompile pc=0x00007fe8e95ff9a4 method=com.android.dx.cf.code.BytecodeArray.parseInstruction(ILcom/android/dx/cf/code/BytecodeArray$Visitor;)I @ 1130
Event: 1,449 Thread 0x00007fe8f800a000 Uncommon trap: reason=bimorphic action=maybe_recompile pc=0x00007fe8e95ff9a4 method=com.android.dx.cf.code.BytecodeArray.parseInstruction(ILcom/android/dx/cf/code/BytecodeArray$Visitor;)I @ 1130
Event: 1,449 Thread 0x00007fe8f800a000 Uncommon trap: reason=bimorphic action=maybe_recompile pc=0x00007fe8e95ff9a4 method=com.android.dx.cf.code.BytecodeArray.parseInstruction(ILcom/android/dx/cf/code/BytecodeArray$Visitor;)I @ 1130

Internal exceptions (5 events):
Event: 0,117 Thread 0x00007fe8f800a000 Exception <a 'java/lang/NoSuchMethodError': Method sun.misc.Unsafe.defineClass(Ljava/lang/String;[BII)Ljava/lang/Class; name or signature does not match> (0x000000076ab12a58) thrown at [/HUDSON/workspace/8-2-build-linux-amd64/jdk8u65/4987/hotspot/src/shar
Event: 0,117 Thread 0x00007fe8f800a000 Exception <a 'java/lang/NoSuchMethodError': Method sun.misc.Unsafe.prefetchRead(Ljava/lang/Object;J)V name or signature does not match> (0x000000076ab12d40) thrown at [/HUDSON/workspace/8-2-build-linux-amd64/jdk8u65/4987/hotspot/src/share/vm/prims/jni.cpp
Event: 1,000 Thread 0x00007fe8f800a000 Exception <a 'java/lang/ArrayIndexOutOfBoundsException': 18> (0x000000076c35fcc8) thrown at [/HUDSON/workspace/8-2-build-linux-amd64/jdk8u65/4987/hotspot/src/share/vm/interpreter/interpreterRuntime.cpp, line 366]
Event: 1,001 Thread 0x00007fe8f800a000 Exception <a 'java/lang/ArrayIndexOutOfBoundsException': 145> (0x000000076c361848) thrown at [/HUDSON/workspace/8-2-build-linux-amd64/jdk8u65/4987/hotspot/src/share/vm/interpreter/interpreterRuntime.cpp, line 366]
Event: 1,002 Thread 0x00007fe8f800a000 Exception <a 'java/lang/ArrayIndexOutOfBoundsException'> (0x000000076c362b30) thrown at [/HUDSON/workspace/8-2-build-linux-amd64/jdk8u65/4987/hotspot/src/share/vm/runtime/sharedRuntime.cpp, line 605]

Events (10 events):
Event: 1,956 Thread 0x00007fe8f8180000 DEOPT UNPACKING pc=0x00007fe8e9047633 sp=0x00007fe8d8ab4db0 mode 0
Event: 1,969 Thread 0x00007fe8f8186800 DEOPT PACKING pc=0x00007fe8e956732a sp=0x00007fe8d8eb8b10
Event: 1,969 Thread 0x00007fe8f8186800 DEOPT UNPACKING pc=0x00007fe8e9047633 sp=0x00007fe8d8eb8860 mode 0
Event: 2,014 Thread 0x00007fe8f8180000 DEOPT PACKING pc=0x00007fe8e93db0f4 sp=0x00007fe8d8ab5060
Event: 2,014 Thread 0x00007fe8f8180000 DEOPT UNPACKING pc=0x00007fe8e9047633 sp=0x00007fe8d8ab4d60 mode 0
Event: 2,058 Thread 0x00007fe8f818d000 DEOPT PACKING pc=0x00007fe8e93db0f4 sp=0x00007fe8d8bb6030
Event: 2,058 Thread 0x00007fe8f818d000 DEOPT UNPACKING pc=0x00007fe8e9047633 sp=0x00007fe8d8bb5d30 mode 0
Event: 2,094 Thread 0x00007fe8f818d000 DEOPT PACKING pc=0x00007fe8e93db0f4 sp=0x00007fe8d8bb5f30
Event: 2,094 Thread 0x00007fe8f818d000 DEOPT UNPACKING pc=0x00007fe8e9047633 sp=0x00007fe8d8bb5c30 mode 0
Event: 2,116 Executing VM operation: ParallelGCFailedAllocation


Dynamic libraries:
00400000-00401000 r-xp 00000000 08:02 5116217                            /usr/lib/jvm/jdk1.8.0_65/bin/java
00600000-00601000 rw-p 00000000 08:02 5116217                            /usr/lib/jvm/jdk1.8.0_65/bin/java
01115000-01136000 rw-p 00000000 00:00 0                                  [heap]
6c0000000-6c3d80000 rw-p 00000000 00:00 0 
6c3d80000-76ab00000 ---p 00000000 00:00 0 
76ab00000-779300000 rw-p 00000000 00:00 0 
786500000-7c0000000 ---p 00000000 00:00 0 
7c0000000-7c00c0000 rw-p 00000000 00:00 0 
7c00c0000-800000000 ---p 00000000 00:00 0 
7fe87c000000-7fe87c021000 rw-p 00000000 00:00 0 
7fe87c021000-7fe880000000 ---p 00000000 00:00 0 
7fe884000000-7fe884026000 rw-p 00000000 00:00 0 
7fe884026000-7fe888000000 ---p 00000000 00:00 0 
7fe888000000-7fe888021000 rw-p 00000000 00:00 0 
7fe888021000-7fe88c000000 ---p 00000000 00:00 0 
7fe88c000000-7fe88c034000 rw-p 00000000 00:00 0 
7fe88c034000-7fe890000000 ---p 00000000 00:00 0 
7fe890000000-7fe890021000 rw-p 00000000 00:00 0 
7fe890021000-7fe894000000 ---p 00000000 00:00 0 
7fe894000000-7fe894021000 rw-p 00000000 00:00 0 
7fe894021000-7fe898000000 ---p 00000000 00:00 0 
7fe898000000-7fe898021000 rw-p 00000000 00:00 0 
7fe898021000-7fe89c000000 ---p 00000000 00:00 0 
7fe89c000000-7fe89d32d000 rw-p 00000000 00:00 0 
7fe89d32d000-7fe8a0000000 ---p 00000000 00:00 0 
7fe8a0000000-7fe8a0ac8000 rw-p 00000000 00:00 0 
7fe8a0ac8000-7fe8a4000000 ---p 00000000 00:00 0 
7fe8a4000000-7fe8a4e44000 rw-p 00000000 00:00 0 
7fe8a4e44000-7fe8a8000000 ---p 00000000 00:00 0 
7fe8a8000000-7fe8a93d2000 rw-p 00000000 00:00 0 
7fe8a93d2000-7fe8ac000000 ---p 00000000 00:00 0 
7fe8ac000000-7fe8ac021000 rw-p 00000000 00:00 0 
7fe8ac021000-7fe8b0000000 ---p 00000000 00:00 0 
7fe8b0000000-7fe8b0021000 rw-p 00000000 00:00 0 
7fe8b0021000-7fe8b4000000 ---p 00000000 00:00 0 
7fe8b4000000-7fe8b428f000 rw-p 00000000 00:00 0 
7fe8b428f000-7fe8b8000000 ---p 00000000 00:00 0 
7fe8b8000000-7fe8b8021000 rw-p 00000000 00:00 0 
7fe8b8021000-7fe8bc000000 ---p 00000000 00:00 0 
7fe8bc000000-7fe8c4000000 rw-p 00000000 00:00 0 
7fe8c4000000-7fe8c4021000 rw-p 00000000 00:00 0 
7fe8c4021000-7fe8c8000000 ---p 00000000 00:00 0 
7fe8c8000000-7fe8c8021000 rw-p 00000000 00:00 0 
7fe8c8021000-7fe8cc000000 ---p 00000000 00:00 0 
7fe8cc000000-7fe8cc021000 rw-p 00000000 00:00 0 
7fe8cc021000-7fe8d0000000 ---p 00000000 00:00 0 
7fe8d0000000-7fe8d0021000 rw-p 00000000 00:00 0 
7fe8d0021000-7fe8d4000000 ---p 00000000 00:00 0 
7fe8d4000000-7fe8d4021000 rw-p 00000000 00:00 0 
7fe8d4021000-7fe8d8000000 ---p 00000000 00:00 0 
7fe8d8991000-7fe8d89b6000 r--p 00000000 08:02 6163705                    /usr/share/locale-langpack/es/LC_MESSAGES/libc.mo
7fe8d89b6000-7fe8d89b9000 ---p 00000000 00:00 0 
7fe8d89b9000-7fe8d8ab7000 rw-p 00000000 00:00 0 
7fe8d8ab7000-7fe8d8aba000 ---p 00000000 00:00 0 
7fe8d8aba000-7fe8d8bb8000 rw-p 00000000 00:00 0 
7fe8d8bb8000-7fe8d8bbb000 ---p 00000000 00:00 0 
7fe8d8bbb000-7fe8d8cb9000 rw-p 00000000 00:00 0 
7fe8d8cb9000-7fe8d8cbc000 ---p 00000000 00:00 0 
7fe8d8cbc000-7fe8d8dba000 rw-p 00000000 00:00 0 
7fe8d8dba000-7fe8d8dbd000 ---p 00000000 00:00 0 
7fe8d8dbd000-7fe8d8ebb000 rw-p 00000000 00:00 0 
7fe8d8ebb000-7fe8d8f2d000 r--s 0042e000 08:02 12716638                   /home/alvaro/workspaces/studio/mijuegoteca/app/build/intermediates/transforms/proguard/release/jars/3/1f/main.jar
7fe8d8f2d000-7fe8d8f2e000 ---p 00000000 00:00 0 
7fe8d8f2e000-7fe8d902e000 rw-p 00000000 00:00 0 
7fe8d902e000-7fe8d9031000 ---p 00000000 00:00 0 
7fe8d9031000-7fe8d912f000 rw-p 00000000 00:00 0 
7fe8d912f000-7fe8d9132000 ---p 00000000 00:00 0 
7fe8d9132000-7fe8d9230000 rw-p 00000000 00:00 0 
7fe8d9230000-7fe8d9233000 ---p 00000000 00:00 0 
7fe8d9233000-7fe8d9331000 rw-p 00000000 00:00 0 
7fe8d9331000-7fe8d9334000 ---p 00000000 00:00 0 
7fe8d9334000-7fe8d9432000 rw-p 00000000 00:00 0 
7fe8d9432000-7fe8d9435000 ---p 00000000 00:00 0 
7fe8d9435000-7fe8d9533000 rw-p 00000000 00:00 0 
7fe8d9533000-7fe8d9536000 ---p 00000000 00:00 0 
7fe8d9536000-7fe8d9634000 rw-p 00000000 00:00 0 
7fe8d9634000-7fe8d9b81000 r--p 00000000 08:02 4720032                    /usr/lib/locale/locale-archive
7fe8d9b81000-7fe8d9b84000 ---p 00000000 00:00 0 
7fe8d9b84000-7fe8d9c82000 rw-p 00000000 00:00 0 
7fe8d9c82000-7fe8d9c85000 ---p 00000000 00:00 0 
7fe8d9c85000-7fe8d9d83000 rw-p 00000000 00:00 0 
7fe8d9d83000-7fe8d9d84000 ---p 00000000 00:00 0 
7fe8d9d84000-7fe8dbe80000 rw-p 00000000 00:00 0 
7fe8dbe80000-7fe8dc000000 ---p 00000000 00:00 0 
7fe8dc000000-7fe8dc021000 rw-p 00000000 00:00 0 
7fe8dc021000-7fe8e0000000 ---p 00000000 00:00 0 
7fe8e0000000-7fe8e0021000 rw-p 00000000 00:00 0 
7fe8e0021000-7fe8e4000000 ---p 00000000 00:00 0 
7fe8e4000000-7fe8e4021000 rw-p 00000000 00:00 0 
7fe8e4021000-7fe8e8000000 ---p 00000000 00:00 0 
7fe8e8008000-7fe8e82af000 rw-p 00000000 00:00 0 
7fe8e82af000-7fe8e8487000 r--s 03d20000 08:02 4996393                    /usr/lib/jvm/jdk1.8.0_65/jre/lib/rt.jar
7fe8e8487000-7fe8e8cfd000 rw-p 00000000 00:00 0 
7fe8e8cfd000-7fe8e8cfe000 ---p 00000000 00:00 0 
7fe8e8cfe000-7fe8e8dfe000 rw-p 00000000 00:00 0 
7fe8e8dfe000-7fe8e8dff000 ---p 00000000 00:00 0 
7fe8e8dff000-7fe8e8eff000 rw-p 00000000 00:00 0 
7fe8e8eff000-7fe8e8f00000 ---p 00000000 00:00 0 
7fe8e8f00000-7fe8e9000000 rw-p 00000000 00:00 0 
7fe8e9000000-7fe8e9770000 rwxp 00000000 00:00 0 
7fe8e9770000-7fe8f8000000 ---p 00000000 00:00 0 
7fe8f8000000-7fe8f83ac000 rw-p 00000000 00:00 0 
7fe8f83ac000-7fe8fc000000 ---p 00000000 00:00 0 
7fe8fc002000-7fe8fc072000 rw-p 00000000 00:00 0 
7fe8fc072000-7fe8fc073000 ---p 00000000 00:00 0 
7fe8fc073000-7fe8fc173000 rw-p 00000000 00:00 0 
7fe8fc173000-7fe8fc174000 ---p 00000000 00:00 0 
7fe8fc174000-7fe8fc274000 rw-p 00000000 00:00 0 
7fe8fc274000-7fe8fc275000 ---p 00000000 00:00 0 
7fe8fc275000-7fe8fc375000 rw-p 00000000 00:00 0 
7fe8fc375000-7fe8fc376000 ---p 00000000 00:00 0 
7fe8fc376000-7fe8fc476000 rw-p 00000000 00:00 0 
7fe8fc476000-7fe8fc477000 ---p 00000000 00:00 0 
7fe8fc477000-7fe8fc596000 rw-p 00000000 00:00 0 
7fe8fc596000-7fe8fcacd000 ---p 00000000 00:00 0 
7fe8fcacd000-7fe8fcaec000 rw-p 00000000 00:00 0 
7fe8fcaec000-7fe8fd022000 ---p 00000000 00:00 0 
7fe8fd022000-7fe8fd097000 rw-p 00000000 00:00 0 
7fe8fd097000-7fe8fd2cd000 ---p 00000000 00:00 0 
7fe8fd2cd000-7fe8fd2ec000 rw-p 00000000 00:00 0 
7fe8fd2ec000-7fe8fd68e000 ---p 00000000 00:00 0 
7fe8fd68e000-7fe8fd6a8000 r-xp 00000000 08:02 4996357                    /usr/lib/jvm/jdk1.8.0_65/jre/lib/amd64/libzip.so
7fe8fd6a8000-7fe8fd8a8000 ---p 0001a000 08:02 4996357                    /usr/lib/jvm/jdk1.8.0_65/jre/lib/amd64/libzip.so
7fe8fd8a8000-7fe8fd8a9000 rw-p 0001a000 08:02 4996357                    /usr/lib/jvm/jdk1.8.0_65/jre/lib/amd64/libzip.so
7fe8fd8a9000-7fe8fd8b4000 r-xp 00000000 08:02 12583088                   /lib/x86_64-linux-gnu/libnss_files-2.23.so
7fe8fd8b4000-7fe8fdab3000 ---p 0000b000 08:02 12583088                   /lib/x86_64-linux-gnu/libnss_files-2.23.so
7fe8fdab3000-7fe8fdab4000 r--p 0000a000 08:02 12583088                   /lib/x86_64-linux-gnu/libnss_files-2.23.so
7fe8fdab4000-7fe8fdab5000 rw-p 0000b000 08:02 12583088                   /lib/x86_64-linux-gnu/libnss_files-2.23.so
7fe8fdab5000-7fe8fdabb000 rw-p 00000000 00:00 0 
7fe8fdabb000-7fe8fdac6000 r-xp 00000000 08:02 12583018                   /lib/x86_64-linux-gnu/libnss_nis-2.23.so
7fe8fdac6000-7fe8fdcc5000 ---p 0000b000 08:02 12583018                   /lib/x86_64-linux-gnu/libnss_nis-2.23.so
7fe8fdcc5000-7fe8fdcc6000 r--p 0000a000 08:02 12583018                   /lib/x86_64-linux-gnu/libnss_nis-2.23.so
7fe8fdcc6000-7fe8fdcc7000 rw-p 0000b000 08:02 12583018                   /lib/x86_64-linux-gnu/libnss_nis-2.23.so
7fe8fdcc7000-7fe8fdcdd000 r-xp 00000000 08:02 12583016                   /lib/x86_64-linux-gnu/libnsl-2.23.so
7fe8fdcdd000-7fe8fdedc000 ---p 00016000 08:02 12583016                   /lib/x86_64-linux-gnu/libnsl-2.23.so
7fe8fdedc000-7fe8fdedd000 r--p 00015000 08:02 12583016                   /lib/x86_64-linux-gnu/libnsl-2.23.so
7fe8fdedd000-7fe8fdede000 rw-p 00016000 08:02 12583016                   /lib/x86_64-linux-gnu/libnsl-2.23.so
7fe8fdede000-7fe8fdee0000 rw-p 00000000 00:00 0 
7fe8fdee0000-7fe8fdee8000 r-xp 00000000 08:02 12583010                   /lib/x86_64-linux-gnu/libnss_compat-2.23.so
7fe8fdee8000-7fe8fe0e7000 ---p 00008000 08:02 12583010                   /lib/x86_64-linux-gnu/libnss_compat-2.23.so
7fe8fe0e7000-7fe8fe0e8000 r--p 00007000 08:02 12583010                   /lib/x86_64-linux-gnu/libnss_compat-2.23.so
7fe8fe0e8000-7fe8fe0e9000 rw-p 00008000 08:02 12583010                   /lib/x86_64-linux-gnu/libnss_compat-2.23.so
7fe8fe0e9000-7fe8fe113000 r-xp 00000000 08:02 4996337                    /usr/lib/jvm/jdk1.8.0_65/jre/lib/amd64/libjava.so
7fe8fe113000-7fe8fe313000 ---p 0002a000 08:02 4996337                    /usr/lib/jvm/jdk1.8.0_65/jre/lib/amd64/libjava.so
7fe8fe313000-7fe8fe315000 rw-p 0002a000 08:02 4996337                    /usr/lib/jvm/jdk1.8.0_65/jre/lib/amd64/libjava.so
7fe8fe315000-7fe8fe322000 r-xp 00000000 08:02 4996351                    /usr/lib/jvm/jdk1.8.0_65/jre/lib/amd64/libverify.so
7fe8fe322000-7fe8fe522000 ---p 0000d000 08:02 4996351                    /usr/lib/jvm/jdk1.8.0_65/jre/lib/amd64/libverify.so
7fe8fe522000-7fe8fe524000 rw-p 0000d000 08:02 4996351                    /usr/lib/jvm/jdk1.8.0_65/jre/lib/amd64/libverify.so
7fe8fe524000-7fe8fe52b000 r-xp 00000000 08:02 12583098                   /lib/x86_64-linux-gnu/librt-2.23.so
7fe8fe52b000-7fe8fe72a000 ---p 00007000 08:02 12583098                   /lib/x86_64-linux-gnu/librt-2.23.so
7fe8fe72a000-7fe8fe72b000 r--p 00006000 08:02 12583098                   /lib/x86_64-linux-gnu/librt-2.23.so
7fe8fe72b000-7fe8fe72c000 rw-p 00007000 08:02 12583098                   /lib/x86_64-linux-gnu/librt-2.23.so
7fe8fe72c000-7fe8fe834000 r-xp 00000000 08:02 12583095                   /lib/x86_64-linux-gnu/libm-2.23.so
7fe8fe834000-7fe8fea33000 ---p 00108000 08:02 12583095                   /lib/x86_64-linux-gnu/libm-2.23.so
7fe8fea33000-7fe8fea34000 r--p 00107000 08:02 12583095                   /lib/x86_64-linux-gnu/libm-2.23.so
7fe8fea34000-7fe8fea35000 rw-p 00108000 08:02 12583095                   /lib/x86_64-linux-gnu/libm-2.23.so
7fe8fea35000-7fe8ff6f3000 r-xp 00000000 08:02 5116131                    /usr/lib/jvm/jdk1.8.0_65/jre/lib/amd64/server/libjvm.so
7fe8ff6f3000-7fe8ff8f2000 ---p 00cbe000 08:02 5116131                    /usr/lib/jvm/jdk1.8.0_65/jre/lib/amd64/server/libjvm.so
7fe8ff8f2000-7fe8ff9ca000 rw-p 00cbd000 08:02 5116131                    /usr/lib/jvm/jdk1.8.0_65/jre/lib/amd64/server/libjvm.so
7fe8ff9ca000-7fe8ffa0f000 rw-p 00000000 00:00 0 
7fe8ffa0f000-7fe8ffbcf000 r-xp 00000000 08:02 12583103                   /lib/x86_64-linux-gnu/libc-2.23.so
7fe8ffbcf000-7fe8ffdce000 ---p 001c0000 08:02 12583103                   /lib/x86_64-linux-gnu/libc-2.23.so
7fe8ffdce000-7fe8ffdd2000 r--p 001bf000 08:02 12583103                   /lib/x86_64-linux-gnu/libc-2.23.so
7fe8ffdd2000-7fe8ffdd4000 rw-p 001c3000 08:02 12583103                   /lib/x86_64-linux-gnu/libc-2.23.so
7fe8ffdd4000-7fe8ffdd8000 rw-p 00000000 00:00 0 
7fe8ffdd8000-7fe8ffddb000 r-xp 00000000 08:02 12583104                   /lib/x86_64-linux-gnu/libdl-2.23.so
7fe8ffddb000-7fe8fffda000 ---p 00003000 08:02 12583104                   /lib/x86_64-linux-gnu/libdl-2.23.so
7fe8fffda000-7fe8fffdb000 r--p 00002000 08:02 12583104                   /lib/x86_64-linux-gnu/libdl-2.23.so
7fe8fffdb000-7fe8fffdc000 rw-p 00003000 08:02 12583104                   /lib/x86_64-linux-gnu/libdl-2.23.so
7fe8fffdc000-7fe8ffff1000 r-xp 00000000 08:02 4868805                    /usr/lib/jvm/jdk1.8.0_65/lib/amd64/jli/libjli.so
7fe8ffff1000-7fe9001f1000 ---p 00015000 08:02 4868805                    /usr/lib/jvm/jdk1.8.0_65/lib/amd64/jli/libjli.so
7fe9001f1000-7fe9001f2000 rw-p 00015000 08:02 4868805                    /usr/lib/jvm/jdk1.8.0_65/lib/amd64/jli/libjli.so
7fe9001f2000-7fe90020a000 r-xp 00000000 08:02 12583102                   /lib/x86_64-linux-gnu/libpthread-2.23.so
7fe90020a000-7fe900409000 ---p 00018000 08:02 12583102                   /lib/x86_64-linux-gnu/libpthread-2.23.so
7fe900409000-7fe90040a000 r--p 00017000 08:02 12583102                   /lib/x86_64-linux-gnu/libpthread-2.23.so
7fe90040a000-7fe90040b000 rw-p 00018000 08:02 12583102                   /lib/x86_64-linux-gnu/libpthread-2.23.so
7fe90040b000-7fe90040f000 rw-p 00000000 00:00 0 
7fe90040f000-7fe900435000 r-xp 00000000 08:02 12583099                   /lib/x86_64-linux-gnu/ld-2.23.so
7fe900435000-7fe900508000 rw-p 00000000 00:00 0 
7fe900508000-7fe90050b000 ---p 00000000 00:00 0 
7fe90050b000-7fe90060d000 rw-p 00000000 00:00 0 
7fe900612000-7fe900619000 r--s 00000000 08:02 5115547                    /usr/lib/x86_64-linux-gnu/gconv/gconv-modules.cache
7fe900619000-7fe900628000 r--s 000df000 08:02 13635925                   /home/alvaro/Android/Sdk/build-tools/23.0.3/lib/dx.jar
7fe900628000-7fe900630000 rw-s 00000000 08:02 12988329                   /tmp/hsperfdata_alvaro/17094
7fe900630000-7fe900631000 rw-p 00000000 00:00 0 
7fe900631000-7fe900632000 ---p 00000000 00:00 0 
7fe900632000-7fe900634000 rw-p 00000000 00:00 0 
7fe900634000-7fe900635000 r--p 00025000 08:02 12583099                   /lib/x86_64-linux-gnu/ld-2.23.so
7fe900635000-7fe900636000 rw-p 00026000 08:02 12583099                   /lib/x86_64-linux-gnu/ld-2.23.so
7fe900636000-7fe900637000 rw-p 00000000 00:00 0 
7ffd1dd13000-7ffd1dd34000 rw-p 00000000 00:00 0                          [stack]
7ffd1dd5d000-7ffd1dd5f000 r--p 00000000 00:00 0                          [vvar]
7ffd1dd5f000-7ffd1dd61000 r-xp 00000000 00:00 0                          [vdso]
ffffffffff600000-ffffffffff601000 r-xp 00000000 00:00 0                  [vsyscall]

VM Arguments:
jvm_args: -Djava.awt.headless=true -Xmx4g -Dfile.encoding=UTF-8 -Duser.country=ES -Duser.language=es -Duser.variant 
java_command: com.android.dx.command.Main --dex --num-threads=4 --multi-dex --main-dex-list /home/alvaro/workspaces/studio/mijuegoteca/app/build/intermediates/multi-dex/release/maindexlist.txt --output /home/alvaro/workspaces/studio/mijuegoteca/app/build/intermediates/transforms/dex/release/folders/1000/1f/main /home/alvaro/workspaces/studio/mijuegoteca/app/build/intermediates/transforms/proguard/release/jars/3/1f/main.jar
java_class_path (initial): /home/alvaro/Android/Sdk/build-tools/23.0.3/lib/dx.jar
Launcher Type: SUN_STANDARD

Environment Variables:
JAVA_HOME=/usr/lib/jvm/jdk1.8.0_65
PATH=/opt/lm1100/bin:/usr/local/sbin:/usr/local/bin:/usr/sbin:/usr/bin:/sbin:/bin:/usr/games:/usr/local/games:/snap/bin
LD_LIBRARY_PATH=/home/alvaro/Android/android-studio/bin:
SHELL=/bin/bash
DISPLAY=:0

Signal Handlers:
SIGSEGV: [libjvm.so+0xaba070], sa_mask[0]=11111111011111111101111111111110, sa_flags=SA_RESTART|SA_SIGINFO
SIGBUS: [libjvm.so+0xaba070], sa_mask[0]=11111111011111111101111111111110, sa_flags=SA_RESTART|SA_SIGINFO
SIGFPE: [libjvm.so+0x917630], sa_mask[0]=11111111011111111101111111111110, sa_flags=SA_RESTART|SA_SIGINFO
SIGPIPE: [libjvm.so+0x917630], sa_mask[0]=11111111011111111101111111111110, sa_flags=SA_RESTART|SA_SIGINFO
SIGXFSZ: [libjvm.so+0x917630], sa_mask[0]=11111111011111111101111111111110, sa_flags=SA_RESTART|SA_SIGINFO
SIGILL: [libjvm.so+0x917630], sa_mask[0]=11111111011111111101111111111110, sa_flags=SA_RESTART|SA_SIGINFO
SIGUSR1: SIG_DFL, sa_mask[0]=00000000000000000000000000000000, sa_flags=none
SIGUSR2: [libjvm.so+0x918c60], sa_mask[0]=00100000000000000000000000000000, sa_flags=SA_RESTART|SA_SIGINFO
SIGHUP: [libjvm.so+0x91a060], sa_mask[0]=11111111011111111101111111111110, sa_flags=SA_RESTART|SA_SIGINFO
SIGINT: [libjvm.so+0x91a060], sa_mask[0]=11111111011111111101111111111110, sa_flags=SA_RESTART|SA_SIGINFO
SIGTERM: [libjvm.so+0x91a060], sa_mask[0]=11111111011111111101111111111110, sa_flags=SA_RESTART|SA_SIGINFO
SIGQUIT: [libjvm.so+0x91a060], sa_mask[0]=11111111011111111101111111111110, sa_flags=SA_RESTART|SA_SIGINFO


---------------  S Y S T E M  ---------------

OS:DISTRIB_ID=Ubuntu
DISTRIB_RELEASE=16.04
DISTRIB_CODENAME=xenial
DISTRIB_DESCRIPTION="Ubuntu 16.04.1 LTS"

uname:Linux 4.4.0-38-generic #57-Ubuntu SMP Tue Sep 6 15:42:33 UTC 2016 x86_64
libc:glibc 2.23 NPTL 2.23 
rlimit: STACK 8192k, CORE 0k, NPROC 22556, NOFILE 65536, AS infinity
load average:1,61 1,19 1,13

/proc/meminfo:
MemTotal:        5993536 kB
MemFree:          116596 kB
MemAvailable:      47288 kB
Buffers:            1412 kB
Cached:           642764 kB
SwapCached:        96124 kB
Active:          4446016 kB
Inactive:        1107980 kB
Active(anon):    4433700 kB
Inactive(anon):  1094672 kB
Active(file):      12316 kB
Inactive(file):    13308 kB
Unevictable:        2424 kB
Mlocked:            2424 kB
SwapTotal:       6173692 kB
SwapFree:              4 kB
Dirty:              3240 kB
Writeback:           752 kB
AnonPages:       4818796 kB
Mapped:           384084 kB
Shmem:            619060 kB
Slab:             150072 kB
SReclaimable:      91368 kB
SUnreclaim:        58704 kB
KernelStack:       16768 kB
PageTables:        70456 kB
NFS_Unstable:          0 kB
Bounce:                0 kB
WritebackTmp:          0 kB
CommitLimit:     9170460 kB
Committed_AS:   17780520 kB
VmallocTotal:   34359738367 kB
VmallocUsed:           0 kB
VmallocChunk:          0 kB
HardwareCorrupted:     0 kB
AnonHugePages:    892928 kB
CmaTotal:              0 kB
CmaFree:               0 kB
HugePages_Total:       0
HugePages_Free:        0
HugePages_Rsvd:        0
HugePages_Surp:        0
Hugepagesize:       2048 kB
DirectMap4k:      198672 kB
DirectMap2M:     5976064 kB


CPU:total 8 (4 cores per cpu, 2 threads per core) family 6 model 58 stepping 9, cmov, cx8, fxsr, mmx, sse, sse2, sse3, ssse3, sse4.1, sse4.2, popcnt, avx, aes, clmul, erms, ht, tsc, tscinvbit, tscinv

/proc/cpuinfo:
processor	: 0
vendor_id	: GenuineIntel
cpu family	: 6
model		: 58
model name	: Intel(R) Core(TM) i7-3610QM CPU @ 2.30GHz
stepping	: 9
microcode	: 0x1c
cpu MHz		: 3099.968
cache size	: 6144 KB
physical id	: 0
siblings	: 8
core id		: 0
cpu cores	: 4
apicid		: 0
initial apicid	: 0
fpu		: yes
fpu_exception	: yes
cpuid level	: 13
wp		: yes
flags		: fpu vme de pse tsc msr pae mce cx8 apic sep mtrr pge mca cmov pat pse36 clflush dts acpi mmx fxsr sse sse2 ss ht tm pbe syscall nx rdtscp lm constant_tsc arch_perfmon pebs bts rep_good nopl xtopology nonstop_tsc aperfmperf eagerfpu pni pclmulqdq dtes64 monitor ds_cpl vmx est tm2 ssse3 cx16 xtpr pdcm pcid sse4_1 sse4_2 x2apic popcnt tsc_deadline_timer aes xsave avx f16c rdrand lahf_lm epb tpr_shadow vnmi flexpriority ept vpid fsgsbase smep erms xsaveopt dtherm ida arat pln pts
bugs		:
bogomips	: 4589.64
clflush size	: 64
cache_alignment	: 64
address sizes	: 36 bits physical, 48 bits virtual
power management:

processor	: 1
vendor_id	: GenuineIntel
cpu family	: 6
model		: 58
model name	: Intel(R) Core(TM) i7-3610QM CPU @ 2.30GHz
stepping	: 9
microcode	: 0x1c
cpu MHz		: 3099.968
cache size	: 6144 KB
physical id	: 0
siblings	: 8
core id		: 1
cpu cores	: 4
apicid		: 2
initial apicid	: 2
fpu		: yes
fpu_exception	: yes
cpuid level	: 13
wp		: yes
flags		: fpu vme de pse tsc msr pae mce cx8 apic sep mtrr pge mca cmov pat pse36 clflush dts acpi mmx fxsr sse sse2 ss ht tm pbe syscall nx rdtscp lm constant_tsc arch_perfmon pebs bts rep_good nopl xtopology nonstop_tsc aperfmperf eagerfpu pni pclmulqdq dtes64 monitor ds_cpl vmx est tm2 ssse3 cx16 xtpr pdcm pcid sse4_1 sse4_2 x2apic popcnt tsc_deadline_timer aes xsave avx f16c rdrand lahf_lm epb tpr_shadow vnmi flexpriority ept vpid fsgsbase smep erms xsaveopt dtherm ida arat pln pts
bugs		:
bogomips	: 4589.64
clflush size	: 64
cache_alignment	: 64
address sizes	: 36 bits physical, 48 bits virtual
power management:

processor	: 2
vendor_id	: GenuineIntel
cpu family	: 6
model		: 58
model name	: Intel(R) Core(TM) i7-3610QM CPU @ 2.30GHz
stepping	: 9
microcode	: 0x1c
cpu MHz		: 3099.968
cache size	: 6144 KB
physical id	: 0
siblings	: 8
core id		: 2
cpu cores	: 4
apicid		: 4
initial apicid	: 4
fpu		: yes
fpu_exception	: yes
cpuid level	: 13
wp		: yes
flags		: fpu vme de pse tsc msr pae mce cx8 apic sep mtrr pge mca cmov pat pse36 clflush dts acpi mmx fxsr sse sse2 ss ht tm pbe syscall nx rdtscp lm constant_tsc arch_perfmon pebs bts rep_good nopl xtopology nonstop_tsc aperfmperf eagerfpu pni pclmulqdq dtes64 monitor ds_cpl vmx est tm2 ssse3 cx16 xtpr pdcm pcid sse4_1 sse4_2 x2apic popcnt tsc_deadline_timer aes xsave avx f16c rdrand lahf_lm epb tpr_shadow vnmi flexpriority ept vpid fsgsbase smep erms xsaveopt dtherm ida arat pln pts
bugs		:
bogomips	: 4589.64
clflush size	: 64
cache_alignment	: 64
address sizes	: 36 bits physical, 48 bits virtual
power management:

processor	: 3
vendor_id	: GenuineIntel
cpu family	: 6
model		: 58
model name	: Intel(R) Core(TM) i7-3610QM CPU @ 2.30GHz
stepping	: 9
microcode	: 0x1c
cpu MHz		: 3100.058
cache size	: 6144 KB
physical id	: 0
siblings	: 8
core id		: 3
cpu cores	: 4
apicid		: 6
initial apicid	: 6
fpu		: yes
fpu_exception	: yes
cpuid level	: 13
wp		: yes
flags		: fpu vme de pse tsc msr pae mce cx8 apic sep mtrr pge mca cmov pat pse36 clflush dts acpi mmx fxsr sse sse2 ss ht tm pbe syscall nx rdtscp lm constant_tsc arch_perfmon pebs bts rep_good nopl xtopology nonstop_tsc aperfmperf eagerfpu pni pclmulqdq dtes64 monitor ds_cpl vmx est tm2 ssse3 cx16 xtpr pdcm pcid sse4_1 sse4_2 x2apic popcnt tsc_deadline_timer aes xsave avx f16c rdrand lahf_lm epb tpr_shadow vnmi flexpriority ept vpid fsgsbase smep erms xsaveopt dtherm ida arat pln pts
bugs		:
bogomips	: 4589.64
clflush size	: 64
cache_alignment	: 64
address sizes	: 36 bits physical, 48 bits virtual
power management:

processor	: 4
vendor_id	: GenuineIntel
cpu family	: 6
model		: 58
model name	: Intel(R) Core(TM) i7-3610QM CPU @ 2.30GHz
stepping	: 9
microcode	: 0x1c
cpu MHz		: 3099.968
cache size	: 6144 KB
physical id	: 0
siblings	: 8
core id		: 0
cpu cores	: 4
apicid		: 1
initial apicid	: 1
fpu		: yes
fpu_exception	: yes
cpuid level	: 13
wp		: yes
flags		: fpu vme de pse tsc msr pae mce cx8 apic sep mtrr pge mca cmov pat pse36 clflush dts acpi mmx fxsr sse sse2 ss ht tm pbe syscall nx rdtscp lm constant_tsc arch_perfmon pebs bts rep_good nopl xtopology nonstop_tsc aperfmperf eagerfpu pni pclmulqdq dtes64 monitor ds_cpl vmx est tm2 ssse3 cx16 xtpr pdcm pcid sse4_1 sse4_2 x2apic popcnt tsc_deadline_timer aes xsave avx f16c rdrand lahf_lm epb tpr_shadow vnmi flexpriority ept vpid fsgsbase smep erms xsaveopt dtherm ida arat pln pts
bugs		:
bogomips	: 4589.64
clflush size	: 64
cache_alignment	: 64
address sizes	: 36 bits physical, 48 bits virtual
power management:

processor	: 5
vendor_id	: GenuineIntel
cpu family	: 6
model		: 58
model name	: Intel(R) Core(TM) i7-3610QM CPU @ 2.30GHz
stepping	: 9
microcode	: 0x1c
cpu MHz		: 3099.878
cache size	: 6144 KB
physical id	: 0
siblings	: 8
core id		: 1
cpu cores	: 4
apicid		: 3
initial apicid	: 3
fpu		: yes
fpu_exception	: yes
cpuid level	: 13
wp		: yes
flags		: fpu vme de pse tsc msr pae mce cx8 apic sep mtrr pge mca cmov pat pse36 clflush dts acpi mmx fxsr sse sse2 ss ht tm pbe syscall nx rdtscp lm constant_tsc arch_perfmon pebs bts rep_good nopl xtopology nonstop_tsc aperfmperf eagerfpu pni pclmulqdq dtes64 monitor ds_cpl vmx est tm2 ssse3 cx16 xtpr pdcm pcid sse4_1 sse4_2 x2apic popcnt tsc_deadline_timer aes xsave avx f16c rdrand lahf_lm epb tpr_shadow vnmi flexpriority ept vpid fsgsbase smep erms xsaveopt dtherm ida arat pln pts
bugs		:
bogomips	: 4589.64
clflush size	: 64
cache_alignment	: 64
address sizes	: 36 bits physical, 48 bits virtual
power management:

processor	: 6
vendor_id	: GenuineIntel
cpu family	: 6
model		: 58
model name	: Intel(R) Core(TM) i7-3610QM CPU @ 2.30GHz
stepping	: 9
microcode	: 0x1c
cpu MHz		: 3099.609
cache size	: 6144 KB
physical id	: 0
siblings	: 8
core id		: 2
cpu cores	: 4
apicid		: 5
initial apicid	: 5
fpu		: yes
fpu_exception	: yes
cpuid level	: 13
wp		: yes
flags		: fpu vme de pse tsc msr pae mce cx8 apic sep mtrr pge mca cmov pat pse36 clflush dts acpi mmx fxsr sse sse2 ss ht tm pbe syscall nx rdtscp lm constant_tsc arch_perfmon pebs bts rep_good nopl xtopology nonstop_tsc aperfmperf eagerfpu pni pclmulqdq dtes64 monitor ds_cpl vmx est tm2 ssse3 cx16 xtpr pdcm pcid sse4_1 sse4_2 x2apic popcnt tsc_deadline_timer aes xsave avx f16c rdrand lahf_lm epb tpr_shadow vnmi flexpriority ept vpid fsgsbase smep erms xsaveopt dtherm ida arat pln pts
bugs		:
bogomips	: 4589.64
clflush size	: 64
cache_alignment	: 64
address sizes	: 36 bits physical, 48 bits virtual
power management:

processor	: 7
vendor_id	: GenuineIntel
cpu family	: 6
model		: 58
model name	: Intel(R) Core(TM) i7-3610QM CPU @ 2.30GHz
stepping	: 9
microcode	: 0x1c
cpu MHz		: 3099.968
cache size	: 6144 KB
physical id	: 0
siblings	: 8
core id		: 3
cpu cores	: 4
apicid		: 7
initial apicid	: 7
fpu		: yes
fpu_exception	: yes
cpuid level	: 13
wp		: yes
flags		: fpu vme de pse tsc msr pae mce cx8 apic sep mtrr pge mca cmov pat pse36 clflush dts acpi mmx fxsr sse sse2 ss ht tm pbe syscall nx rdtscp lm constant_tsc arch_perfmon pebs bts rep_good nopl xtopology nonstop_tsc aperfmperf eagerfpu pni pclmulqdq dtes64 monitor ds_cpl vmx est tm2 ssse3 cx16 xtpr pdcm pcid sse4_1 sse4_2 x2apic popcnt tsc_deadline_timer aes xsave avx f16c rdrand lahf_lm epb tpr_shadow vnmi flexpriority ept vpid fsgsbase smep erms xsaveopt dtherm ida arat pln pts
bugs		:
bogomips	: 4589.64
clflush size	: 64
cache_alignment	: 64
address sizes	: 36 bits physical, 48 bits virtual
power management:



Memory: 4k page, physical 5993536k(117100k free), swap 6173692k(4k free)

vm_info: Java HotSpot(TM) 64-Bit Server VM (25.65-b01) for linux-amd64 JRE (1.8.0_65-b17), built on Oct  6 2015 17:16:12 by "java_re" with gcc 4.3.0 20080428 (Red Hat 4.3.0-8)

time: Fri Sep 23 21:35:24 2016
elapsed time: 2 seconds (0d 0h 0m 2s)

